<?xml version="1.0" encoding="UTF-8"?>
<robot generator="Robot 7.3.2 (Python 3.12.3 on linux)" generated="2025-09-26T16:21:33.563181" rpa="false" schemaversion="5">
<suite id="s1" name="Test" source="/home/citco/Desktop/QA_DAY_3/Tests/test.robot">
<test id="s1-t1" name="Test-0001" line="16">
<kw name="Launch Browser">
<kw name="Open Browser" owner="SeleniumLibrary">
<msg time="2025-09-26T16:21:33.735127" level="INFO">Opening browser 'chrome' to base url 'https://marmelab.com/react-admin-demo/#/login'.</msg>
<arg>${loginPageUrl}</arg>
<arg>chrome</arg>
<doc>Opens a new browser instance to the optional ``url``.</doc>
<status status="PASS" start="2025-09-26T16:21:33.734647" elapsed="1.686426"/>
</kw>
<arg>${url}</arg>
<status status="PASS" start="2025-09-26T16:21:33.733788" elapsed="1.687581"/>
</kw>
<kw name="Wait Until Element Is Visible" owner="SeleniumLibrary">
<arg>${usernameField}</arg>
<arg>10s</arg>
<doc>Waits until the element ``locator`` is visible.</doc>
<status status="PASS" start="2025-09-26T16:21:35.421744" elapsed="0.343403"/>
</kw>
<kw name="Login">
<kw name="Wait Until Element Is Visible" owner="SeleniumLibrary">
<arg>${usernameField}</arg>
<arg>5s</arg>
<doc>Waits until the element ``locator`` is visible.</doc>
<status status="PASS" start="2025-09-26T16:21:35.766260" elapsed="0.024212"/>
</kw>
<kw name="Input Text" owner="SeleniumLibrary">
<msg time="2025-09-26T16:21:35.791177" level="INFO">Typing text 'admin' into text field '//input[@name='username']'.</msg>
<arg>${usernameField}</arg>
<arg>${usernameInput}</arg>
<doc>Types the given ``text`` into the text field identified by ``locator``.</doc>
<status status="PASS" start="2025-09-26T16:21:35.790746" elapsed="0.120473"/>
</kw>
<kw name="Input Text" owner="SeleniumLibrary">
<msg time="2025-09-26T16:21:35.911780" level="INFO">Typing text 'Admin123' into text field '//input[@name='password']'.</msg>
<arg>${passwordField}</arg>
<arg>${passwordInput}</arg>
<doc>Types the given ``text`` into the text field identified by ``locator``.</doc>
<status status="PASS" start="2025-09-26T16:21:35.911444" elapsed="0.121571"/>
</kw>
<kw name="Click Button" owner="SeleniumLibrary">
<msg time="2025-09-26T16:21:36.033575" level="INFO">Clicking button '//button[text()='Sign in']'.</msg>
<arg>${sign_in_btn}</arg>
<doc>Clicks the button identified by ``locator``.</doc>
<status status="PASS" start="2025-09-26T16:21:36.033254" elapsed="0.127677"/>
</kw>
<arg>${username}</arg>
<arg>${password}</arg>
<status status="PASS" start="2025-09-26T16:21:35.765629" elapsed="0.395480"/>
</kw>
<kw name="Go To Create Customer">
<kw name="Click Element" owner="SeleniumLibrary">
<msg time="2025-09-26T16:21:36.162207" level="INFO">Clicking element '//a[@href="#/customers"]'.</msg>
<arg>${navigate_to_customer}</arg>
<doc>Click the element identified by ``locator``.</doc>
<status status="PASS" start="2025-09-26T16:21:36.161890" elapsed="0.225942"/>
</kw>
<kw name="Wait Until Element Is Visible" owner="SeleniumLibrary">
<arg>${create_customer_link}</arg>
<arg>10s</arg>
<doc>Waits until the element ``locator`` is visible.</doc>
<status status="PASS" start="2025-09-26T16:21:36.388142" elapsed="0.303738"/>
</kw>
<kw name="Click Element" owner="SeleniumLibrary">
<msg time="2025-09-26T16:21:36.692896" level="INFO">Clicking element '//a[@aria-label="Create"]'.</msg>
<arg>${create_customer_link}</arg>
<doc>Click the element identified by ``locator``.</doc>
<status status="PASS" start="2025-09-26T16:21:36.692298" elapsed="0.097971"/>
</kw>
<status status="PASS" start="2025-09-26T16:21:36.161448" elapsed="0.629074"/>
</kw>
<kw name="Create User">
<kw name="Get Users" owner="CustomerLibrary">
<msg time="2025-09-26T16:21:36.953412" level="INFO">/home/citco/myvirtualrobot/lib/python3.12/site-packages/urllib3/connectionpool.py:1097: InsecureRequestWarning: Unverified HTTPS request is being made to host 'jsonplaceholder.typicode.com'. Adding certificate verification is strongly advised. See: https://urllib3.readthedocs.io/en/latest/advanced-usage.html#tls-warnings
  warnings.warn(</msg>
<msg time="2025-09-26T16:21:36.953961" level="INFO">${users} = [{'id': 1, 'name': 'Leanne Graham', 'username': 'Bret', 'email': 'Sincere@april.biz', 'address': {'street': 'Kulas Light', 'suite': 'Apt. 556', 'city': 'Gwenborough', 'zipcode': '92998-3874', 'geo': {...</msg>
<var>${users}</var>
<status status="PASS" start="2025-09-26T16:21:36.791896" elapsed="0.162165"/>
</kw>
<for flavor="IN">
<iter>
<kw name="Generate Birthday" owner="CustomerLibrary">
<msg time="2025-09-26T16:21:36.955988" level="INFO">${birthday} = 03-27-2018</msg>
<var>${birthday}</var>
<status status="PASS" start="2025-09-26T16:21:36.955501" elapsed="0.000573"/>
</kw>
<kw name="Set Variable" owner="BuiltIn">
<msg time="2025-09-26T16:21:36.957941" level="INFO">${street} = Kulas Light</msg>
<var>${street}</var>
<arg>${user['address']['street']}</arg>
<doc>Returns the given values which can then be assigned to a variables.</doc>
<status status="PASS" start="2025-09-26T16:21:36.956366" elapsed="0.001661"/>
</kw>
<kw name="Set Variable" owner="BuiltIn">
<msg time="2025-09-26T16:21:36.959937" level="INFO">${city} = Gwenborough</msg>
<var>${city}</var>
<arg>${user['address']['city']}</arg>
<doc>Returns the given values which can then be assigned to a variables.</doc>
<status status="PASS" start="2025-09-26T16:21:36.958327" elapsed="0.001712"/>
</kw>
<kw name="Set Variable" owner="BuiltIn">
<msg time="2025-09-26T16:21:36.961023" level="INFO">${full_address} = Gwenborough Kulas Light</msg>
<var>${full_address}</var>
<arg>${city} ${street}</arg>
<doc>Returns the given values which can then be assigned to a variables.</doc>
<status status="PASS" start="2025-09-26T16:21:36.960405" elapsed="0.000706"/>
</kw>
<kw name="Set Variable" owner="BuiltIn">
<msg time="2025-09-26T16:21:36.961873" level="INFO">${state} = New York</msg>
<var>${state}</var>
<arg>New York</arg>
<doc>Returns the given values which can then be assigned to a variables.</doc>
<status status="PASS" start="2025-09-26T16:21:36.961438" elapsed="0.000522"/>
</kw>
<kw name="Set Variable" owner="BuiltIn">
<msg time="2025-09-26T16:21:36.962659" level="INFO">${password} = 113137162535</msg>
<var>${password}</var>
<arg>113137162535</arg>
<doc>Returns the given values which can then be assigned to a variables.</doc>
<status status="PASS" start="2025-09-26T16:21:36.962281" elapsed="0.000466"/>
</kw>
<kw name="Wait Until Element Is Visible" owner="SeleniumLibrary">
<arg>${first_name_field}</arg>
<arg>10s</arg>
<doc>Waits until the element ``locator`` is visible.</doc>
<status status="PASS" start="2025-09-26T16:21:36.963128" elapsed="0.028380"/>
</kw>
<kw name="Input Text" owner="SeleniumLibrary">
<msg time="2025-09-26T16:21:36.992495" level="INFO">Typing text 'Leanne' into text field '//input[@name="first_name"]'.</msg>
<arg>${first_name_field}</arg>
<arg>${user['name'].split(" ")[0]}</arg>
<doc>Types the given ``text`` into the text field identified by ``locator``.</doc>
<status status="PASS" start="2025-09-26T16:21:36.991750" elapsed="0.104233"/>
</kw>
<kw name="Get Element Attribute" owner="SeleniumLibrary">
<msg time="2025-09-26T16:21:37.111927" level="INFO">${first_name_field_value} = Leanne</msg>
<var>${first_name_field_value}</var>
<arg>${first_name_field}</arg>
<arg>value</arg>
<doc>Returns the value of ``attribute`` from the element ``locator``.</doc>
<status status="PASS" start="2025-09-26T16:21:37.096281" elapsed="0.015699"/>
</kw>
<kw name="Input Text" owner="SeleniumLibrary">
<msg time="2025-09-26T16:21:37.112907" level="INFO">Typing text 'Graham' into text field '//input[@name="last_name"]'.</msg>
<arg>${last_name_field}</arg>
<arg>${user['name'].split(" ")[1]}</arg>
<doc>Types the given ``text`` into the text field identified by ``locator``.</doc>
<status status="PASS" start="2025-09-26T16:21:37.112172" elapsed="0.110048"/>
</kw>
<kw name="Get Element Attribute" owner="SeleniumLibrary">
<msg time="2025-09-26T16:21:37.237975" level="INFO">${last_name_field_value} = Graham</msg>
<var>${last_name_field_value}</var>
<arg>${last_name_field}</arg>
<arg>value</arg>
<doc>Returns the value of ``attribute`` from the element ``locator``.</doc>
<status status="PASS" start="2025-09-26T16:21:37.222444" elapsed="0.015611"/>
</kw>
<kw name="Input Text" owner="SeleniumLibrary">
<msg time="2025-09-26T16:21:37.239552" level="INFO">Typing text 'Sincere@april.biz' into text field '//input[@name="email"]'.</msg>
<arg>${email_field}</arg>
<arg>${user['email']}</arg>
<doc>Types the given ``text`` into the text field identified by ``locator``.</doc>
<status status="PASS" start="2025-09-26T16:21:37.238433" elapsed="0.134010"/>
</kw>
<kw name="Get Element Attribute" owner="SeleniumLibrary">
<msg time="2025-09-26T16:21:37.389448" level="INFO">${email_field_value} = Sincere@april.biz</msg>
<var>${email_field_value}</var>
<arg>${email_field}</arg>
<arg>value</arg>
<doc>Returns the value of ``attribute`` from the element ``locator``.</doc>
<status status="PASS" start="2025-09-26T16:21:37.372721" elapsed="0.016825"/>
</kw>
<kw name="Input Text" owner="SeleniumLibrary">
<msg time="2025-09-26T16:21:37.390465" level="INFO">Typing text '03-27-2018' into text field '//input[@name="birthday"]'.</msg>
<arg>${birthday_field}</arg>
<arg>${birthday}</arg>
<doc>Types the given ``text`` into the text field identified by ``locator``.</doc>
<status status="PASS" start="2025-09-26T16:21:37.389913" elapsed="0.129388"/>
</kw>
<kw name="Input Text" owner="SeleniumLibrary">
<msg time="2025-09-26T16:21:37.520076" level="INFO">Typing text 'Gwenborough Kulas Light' into text field '//textarea[@name="address"]'.</msg>
<arg>${address_field}</arg>
<arg>${full_address}</arg>
<doc>Types the given ``text`` into the text field identified by ``locator``.</doc>
<status status="PASS" start="2025-09-26T16:21:37.519604" elapsed="0.167916"/>
</kw>
<kw name="Input Text" owner="SeleniumLibrary">
<msg time="2025-09-26T16:21:37.688220" level="INFO">Typing text 'Gwenborough' into text field '//input[@name="city"]'.</msg>
<arg>${city_field}</arg>
<arg>${city}</arg>
<doc>Types the given ``text`` into the text field identified by ``locator``.</doc>
<status status="PASS" start="2025-09-26T16:21:37.687820" elapsed="0.129939"/>
</kw>
<kw name="Get Element Attribute" owner="SeleniumLibrary">
<msg time="2025-09-26T16:21:37.835087" level="INFO">${city_field_value} = Gwenborough</msg>
<var>${city_field_value}</var>
<arg>${city_field}</arg>
<arg>value</arg>
<doc>Returns the value of ``attribute`` from the element ``locator``.</doc>
<status status="PASS" start="2025-09-26T16:21:37.818023" elapsed="0.017127"/>
</kw>
<kw name="Input Text" owner="SeleniumLibrary">
<msg time="2025-09-26T16:21:37.835732" level="INFO">Typing text 'New York' into text field '//input[@name="stateAbbr"]'.</msg>
<arg>${state_field}</arg>
<arg>${state}</arg>
<doc>Types the given ``text`` into the text field identified by ``locator``.</doc>
<status status="PASS" start="2025-09-26T16:21:37.835378" elapsed="0.117697"/>
</kw>
<kw name="Input Text" owner="SeleniumLibrary">
<msg time="2025-09-26T16:21:37.954445" level="INFO">Typing text '92998-3874' into text field '//input[@name="zipcode"]'.</msg>
<arg>${zip_code_field}</arg>
<arg>${user['address']['zipcode']}</arg>
<doc>Types the given ``text`` into the text field identified by ``locator``.</doc>
<status status="PASS" start="2025-09-26T16:21:37.953552" elapsed="0.125473"/>
</kw>
<kw name="Get Element Attribute" owner="SeleniumLibrary">
<msg time="2025-09-26T16:21:38.094763" level="INFO">${zipcode_field_value} = 92998-3874</msg>
<var>${zipcode_field_value}</var>
<arg>${zip_code_field}</arg>
<arg>value</arg>
<doc>Returns the value of ``attribute`` from the element ``locator``.</doc>
<status status="PASS" start="2025-09-26T16:21:38.079407" elapsed="0.015435"/>
</kw>
<kw name="Input Text" owner="SeleniumLibrary">
<msg time="2025-09-26T16:21:38.095514" level="INFO">Typing text '113137162535' into text field '//input[@name='password']'.</msg>
<arg>${password_field}</arg>
<arg>${password}</arg>
<doc>Types the given ``text`` into the text field identified by ``locator``.</doc>
<status status="PASS" start="2025-09-26T16:21:38.095127" elapsed="0.133061"/>
</kw>
<kw name="Input Text" owner="SeleniumLibrary">
<msg time="2025-09-26T16:21:38.228876" level="INFO">Typing text '113137162535' into text field '//input[@name="confirm_password"]'.</msg>
<arg>${confirm_password_field}</arg>
<arg>${password}</arg>
<doc>Types the given ``text`` into the text field identified by ``locator``.</doc>
<status status="PASS" start="2025-09-26T16:21:38.228462" elapsed="0.132850"/>
</kw>
<kw name="Verify User Added">
<kw name="Set Variable" owner="BuiltIn">
<msg time="2025-09-26T16:21:38.362958" level="INFO">${full_name} = Leanne Graham</msg>
<var>${full_name}</var>
<arg>${first_name_field_value} ${last_name_field_value}</arg>
<doc>Returns the given values which can then be assigned to a variables.</doc>
<status status="PASS" start="2025-09-26T16:21:38.362569" elapsed="0.000445"/>
</kw>
<kw name="Should Be Equal" owner="BuiltIn">
<arg>${user['name']}</arg>
<arg>${full_name}</arg>
<doc>Fails if the given objects are unequal.</doc>
<status status="PASS" start="2025-09-26T16:21:38.363242" elapsed="0.001146"/>
</kw>
<kw name="Should Be Equal" owner="BuiltIn">
<arg>${user['email']}</arg>
<arg>${email_field_value}</arg>
<doc>Fails if the given objects are unequal.</doc>
<status status="PASS" start="2025-09-26T16:21:38.364679" elapsed="0.001032"/>
</kw>
<kw name="Should Be Equal" owner="BuiltIn">
<arg>${user['address']['city']}</arg>
<arg>${city_field_value}</arg>
<doc>Fails if the given objects are unequal.</doc>
<status status="PASS" start="2025-09-26T16:21:38.365971" elapsed="0.000967"/>
</kw>
<kw name="Should Be Equal" owner="BuiltIn">
<arg>${user['address']['zipcode']}</arg>
<arg>${zipcode_field_value}</arg>
<doc>Fails if the given objects are unequal.</doc>
<status status="PASS" start="2025-09-26T16:21:38.367159" elapsed="0.000736"/>
</kw>
<kw name="Log To Console" owner="BuiltIn">
<arg>NAME_VALUE_IS: ${full_name}</arg>
<doc>Logs the given message to the console.</doc>
<status status="PASS" start="2025-09-26T16:21:38.368048" elapsed="0.000219"/>
</kw>
<kw name="Log To Console" owner="BuiltIn">
<arg>EMAIL:${email_field_value}</arg>
<doc>Logs the given message to the console.</doc>
<status status="PASS" start="2025-09-26T16:21:38.368384" elapsed="0.000186"/>
</kw>
<kw name="Log To Console" owner="BuiltIn">
<arg>CITY: ${city_field_value}</arg>
<doc>Logs the given message to the console.</doc>
<status status="PASS" start="2025-09-26T16:21:38.368698" elapsed="0.000180"/>
</kw>
<kw name="Log To Console" owner="BuiltIn">
<arg>ZIP_CODE: ${zipcode_field_value}</arg>
<doc>Logs the given message to the console.</doc>
<status status="PASS" start="2025-09-26T16:21:38.368997" elapsed="0.000175"/>
</kw>
<arg>${user}</arg>
<arg>${first_name_field_value}</arg>
<arg>${last_name_field_value}</arg>
<arg>${email_field_value}</arg>
<arg>${city_field_value}</arg>
<arg>${zipcode_field_value}</arg>
<status status="PASS" start="2025-09-26T16:21:38.361727" elapsed="0.007535"/>
</kw>
<kw name="Click Button" owner="SeleniumLibrary">
<msg time="2025-09-26T16:21:38.369647" level="INFO">Clicking button '//button[@aria-label="Save"]'.</msg>
<arg>${submit_btn}</arg>
<doc>Clicks the button identified by ``locator``.</doc>
<status status="PASS" start="2025-09-26T16:21:38.369402" elapsed="0.142687"/>
</kw>
<kw name="Sleep" owner="BuiltIn">
<msg time="2025-09-26T16:21:39.512793" level="INFO">Slept 1 second.</msg>
<arg>1s</arg>
<doc>Pauses the test executed for the given time.</doc>
<status status="PASS" start="2025-09-26T16:21:38.512332" elapsed="1.000744"/>
</kw>
<kw name="Go To Create Customer">
<kw name="Click Element" owner="SeleniumLibrary">
<msg time="2025-09-26T16:21:39.515063" level="INFO">Clicking element '//a[@href="#/customers"]'.</msg>
<arg>${navigate_to_customer}</arg>
<doc>Click the element identified by ``locator``.</doc>
<status status="PASS" start="2025-09-26T16:21:39.514452" elapsed="0.110857"/>
</kw>
<kw name="Wait Until Element Is Visible" owner="SeleniumLibrary">
<arg>${create_customer_link}</arg>
<arg>10s</arg>
<doc>Waits until the element ``locator`` is visible.</doc>
<status status="PASS" start="2025-09-26T16:21:39.625736" elapsed="0.064876"/>
</kw>
<kw name="Click Element" owner="SeleniumLibrary">
<msg time="2025-09-26T16:21:39.691390" level="INFO">Clicking element '//a[@aria-label="Create"]'.</msg>
<arg>${create_customer_link}</arg>
<doc>Click the element identified by ``locator``.</doc>
<status status="PASS" start="2025-09-26T16:21:39.691005" elapsed="0.068054"/>
</kw>
<status status="PASS" start="2025-09-26T16:21:39.513581" elapsed="0.245621"/>
</kw>
<var name="${user}">{'id': 1, 'name': 'Leanne Graham', 'username': 'Bret', 'email': 'Sincere@april.biz', 'address': {'street': 'Kulas Light', 'suite': 'Apt. 556', 'city': 'Gwenborough', 'zipcode': '92998-3874', 'geo': {'...</var>
<status status="PASS" start="2025-09-26T16:21:36.955177" elapsed="2.804075"/>
</iter>
<iter>
<kw name="Generate Birthday" owner="CustomerLibrary">
<msg time="2025-09-26T16:21:39.760050" level="INFO">${birthday} = 10-12-2004</msg>
<var>${birthday}</var>
<status status="PASS" start="2025-09-26T16:21:39.759759" elapsed="0.000336"/>
</kw>
<kw name="Set Variable" owner="BuiltIn">
<msg time="2025-09-26T16:21:39.761141" level="INFO">${street} = Victor Plains</msg>
<var>${street}</var>
<arg>${user['address']['street']}</arg>
<doc>Returns the given values which can then be assigned to a variables.</doc>
<status status="PASS" start="2025-09-26T16:21:39.760267" elapsed="0.000929"/>
</kw>
<kw name="Set Variable" owner="BuiltIn">
<msg time="2025-09-26T16:21:39.762350" level="INFO">${city} = Wisokyburgh</msg>
<var>${city}</var>
<arg>${user['address']['city']}</arg>
<doc>Returns the given values which can then be assigned to a variables.</doc>
<status status="PASS" start="2025-09-26T16:21:39.761435" elapsed="0.000967"/>
</kw>
<kw name="Set Variable" owner="BuiltIn">
<msg time="2025-09-26T16:21:39.762901" level="INFO">${full_address} = Wisokyburgh Victor Plains</msg>
<var>${full_address}</var>
<arg>${city} ${street}</arg>
<doc>Returns the given values which can then be assigned to a variables.</doc>
<status status="PASS" start="2025-09-26T16:21:39.762593" elapsed="0.000348"/>
</kw>
<kw name="Set Variable" owner="BuiltIn">
<msg time="2025-09-26T16:21:39.763385" level="INFO">${state} = New York</msg>
<var>${state}</var>
<arg>New York</arg>
<doc>Returns the given values which can then be assigned to a variables.</doc>
<status status="PASS" start="2025-09-26T16:21:39.763141" elapsed="0.000278"/>
</kw>
<kw name="Set Variable" owner="BuiltIn">
<msg time="2025-09-26T16:21:39.763799" level="INFO">${password} = 113137162535</msg>
<var>${password}</var>
<arg>113137162535</arg>
<doc>Returns the given values which can then be assigned to a variables.</doc>
<status status="PASS" start="2025-09-26T16:21:39.763584" elapsed="0.000268"/>
</kw>
<kw name="Wait Until Element Is Visible" owner="SeleniumLibrary">
<arg>${first_name_field}</arg>
<arg>10s</arg>
<doc>Waits until the element ``locator`` is visible.</doc>
<status status="PASS" start="2025-09-26T16:21:39.764004" elapsed="0.281759"/>
</kw>
<kw name="Input Text" owner="SeleniumLibrary">
<msg time="2025-09-26T16:21:40.048005" level="INFO">Typing text 'Ervin' into text field '//input[@name="first_name"]'.</msg>
<arg>${first_name_field}</arg>
<arg>${user['name'].split(" ")[0]}</arg>
<doc>Types the given ``text`` into the text field identified by ``locator``.</doc>
<status status="PASS" start="2025-09-26T16:21:40.046253" elapsed="0.128531"/>
</kw>
<kw name="Get Element Attribute" owner="SeleniumLibrary">
<msg time="2025-09-26T16:21:40.190902" level="INFO">${first_name_field_value} = Ervin</msg>
<var>${first_name_field_value}</var>
<arg>${first_name_field}</arg>
<arg>value</arg>
<doc>Returns the value of ``attribute`` from the element ``locator``.</doc>
<status status="PASS" start="2025-09-26T16:21:40.175173" elapsed="0.015781"/>
</kw>
<kw name="Input Text" owner="SeleniumLibrary">
<msg time="2025-09-26T16:21:40.191838" level="INFO">Typing text 'Howell' into text field '//input[@name="last_name"]'.</msg>
<arg>${last_name_field}</arg>
<arg>${user['name'].split(" ")[1]}</arg>
<doc>Types the given ``text`` into the text field identified by ``locator``.</doc>
<status status="PASS" start="2025-09-26T16:21:40.191144" elapsed="0.105842"/>
</kw>
<kw name="Get Element Attribute" owner="SeleniumLibrary">
<msg time="2025-09-26T16:21:40.310445" level="INFO">${last_name_field_value} = Howell</msg>
<var>${last_name_field_value}</var>
<arg>${last_name_field}</arg>
<arg>value</arg>
<doc>Returns the value of ``attribute`` from the element ``locator``.</doc>
<status status="PASS" start="2025-09-26T16:21:40.297462" elapsed="0.013045"/>
</kw>
<kw name="Input Text" owner="SeleniumLibrary">
<msg time="2025-09-26T16:21:40.311602" level="INFO">Typing text 'Shanna@melissa.tv' into text field '//input[@name="email"]'.</msg>
<arg>${email_field}</arg>
<arg>${user['email']}</arg>
<doc>Types the given ``text`` into the text field identified by ``locator``.</doc>
<status status="PASS" start="2025-09-26T16:21:40.310741" elapsed="0.131214"/>
</kw>
<kw name="Get Element Attribute" owner="SeleniumLibrary">
<msg time="2025-09-26T16:21:40.460253" level="INFO">${email_field_value} = Shanna@melissa.tv</msg>
<var>${email_field_value}</var>
<arg>${email_field}</arg>
<arg>value</arg>
<doc>Returns the value of ``attribute`` from the element ``locator``.</doc>
<status status="PASS" start="2025-09-26T16:21:40.442173" elapsed="0.018129"/>
</kw>
<kw name="Input Text" owner="SeleniumLibrary">
<msg time="2025-09-26T16:21:40.460777" level="INFO">Typing text '10-12-2004' into text field '//input[@name="birthday"]'.</msg>
<arg>${birthday_field}</arg>
<arg>${birthday}</arg>
<doc>Types the given ``text`` into the text field identified by ``locator``.</doc>
<status status="PASS" start="2025-09-26T16:21:40.460491" elapsed="0.101554"/>
</kw>
<kw name="Input Text" owner="SeleniumLibrary">
<msg time="2025-09-26T16:21:40.562826" level="INFO">Typing text 'Wisokyburgh Victor Plains' into text field '//textarea[@name="address"]'.</msg>
<arg>${address_field}</arg>
<arg>${full_address}</arg>
<doc>Types the given ``text`` into the text field identified by ``locator``.</doc>
<status status="PASS" start="2025-09-26T16:21:40.562344" elapsed="0.154177"/>
</kw>
<kw name="Input Text" owner="SeleniumLibrary">
<msg time="2025-09-26T16:21:40.717218" level="INFO">Typing text 'Wisokyburgh' into text field '//input[@name="city"]'.</msg>
<arg>${city_field}</arg>
<arg>${city}</arg>
<doc>Types the given ``text`` into the text field identified by ``locator``.</doc>
<status status="PASS" start="2025-09-26T16:21:40.716806" elapsed="0.123601"/>
</kw>
<kw name="Get Element Attribute" owner="SeleniumLibrary">
<msg time="2025-09-26T16:21:40.855628" level="INFO">${city_field_value} = Wisokyburgh</msg>
<var>${city_field_value}</var>
<arg>${city_field}</arg>
<arg>value</arg>
<doc>Returns the value of ``attribute`` from the element ``locator``.</doc>
<status status="PASS" start="2025-09-26T16:21:40.840821" elapsed="0.014878"/>
</kw>
<kw name="Input Text" owner="SeleniumLibrary">
<msg time="2025-09-26T16:21:40.856240" level="INFO">Typing text 'New York' into text field '//input[@name="stateAbbr"]'.</msg>
<arg>${state_field}</arg>
<arg>${state}</arg>
<doc>Types the given ``text`` into the text field identified by ``locator``.</doc>
<status status="PASS" start="2025-09-26T16:21:40.855917" elapsed="0.119398"/>
</kw>
<kw name="Input Text" owner="SeleniumLibrary">
<msg time="2025-09-26T16:21:40.977192" level="INFO">Typing text '90566-7771' into text field '//input[@name="zipcode"]'.</msg>
<arg>${zip_code_field}</arg>
<arg>${user['address']['zipcode']}</arg>
<doc>Types the given ``text`` into the text field identified by ``locator``.</doc>
<status status="PASS" start="2025-09-26T16:21:40.975712" elapsed="0.123076"/>
</kw>
<kw name="Get Element Attribute" owner="SeleniumLibrary">
<msg time="2025-09-26T16:21:41.111237" level="INFO">${zipcode_field_value} = 90566-7771</msg>
<var>${zipcode_field_value}</var>
<arg>${zip_code_field}</arg>
<arg>value</arg>
<doc>Returns the value of ``attribute`` from the element ``locator``.</doc>
<status status="PASS" start="2025-09-26T16:21:41.099056" elapsed="0.012234"/>
</kw>
<kw name="Input Text" owner="SeleniumLibrary">
<msg time="2025-09-26T16:21:41.111911" level="INFO">Typing text '113137162535' into text field '//input[@name='password']'.</msg>
<arg>${password_field}</arg>
<arg>${password}</arg>
<doc>Types the given ``text`` into the text field identified by ``locator``.</doc>
<status status="PASS" start="2025-09-26T16:21:41.111558" elapsed="0.127760"/>
</kw>
<kw name="Input Text" owner="SeleniumLibrary">
<msg time="2025-09-26T16:21:41.239891" level="INFO">Typing text '113137162535' into text field '//input[@name="confirm_password"]'.</msg>
<arg>${confirm_password_field}</arg>
<arg>${password}</arg>
<doc>Types the given ``text`` into the text field identified by ``locator``.</doc>
<status status="PASS" start="2025-09-26T16:21:41.239535" elapsed="0.131475"/>
</kw>
<kw name="Verify User Added">
<kw name="Set Variable" owner="BuiltIn">
<msg time="2025-09-26T16:21:41.373226" level="INFO">${full_name} = Ervin Howell</msg>
<var>${full_name}</var>
<arg>${first_name_field_value} ${last_name_field_value}</arg>
<doc>Returns the given values which can then be assigned to a variables.</doc>
<status status="PASS" start="2025-09-26T16:21:41.372754" elapsed="0.000547"/>
</kw>
<kw name="Should Be Equal" owner="BuiltIn">
<arg>${user['name']}</arg>
<arg>${full_name}</arg>
<doc>Fails if the given objects are unequal.</doc>
<status status="PASS" start="2025-09-26T16:21:41.373553" elapsed="0.001414"/>
</kw>
<kw name="Should Be Equal" owner="BuiltIn">
<arg>${user['email']}</arg>
<arg>${email_field_value}</arg>
<doc>Fails if the given objects are unequal.</doc>
<status status="PASS" start="2025-09-26T16:21:41.375225" elapsed="0.001356"/>
</kw>
<kw name="Should Be Equal" owner="BuiltIn">
<arg>${user['address']['city']}</arg>
<arg>${city_field_value}</arg>
<doc>Fails if the given objects are unequal.</doc>
<status status="PASS" start="2025-09-26T16:21:41.376873" elapsed="0.001466"/>
</kw>
<kw name="Should Be Equal" owner="BuiltIn">
<arg>${user['address']['zipcode']}</arg>
<arg>${zipcode_field_value}</arg>
<doc>Fails if the given objects are unequal.</doc>
<status status="PASS" start="2025-09-26T16:21:41.378777" elapsed="0.001616"/>
</kw>
<kw name="Log To Console" owner="BuiltIn">
<arg>NAME_VALUE_IS: ${full_name}</arg>
<doc>Logs the given message to the console.</doc>
<status status="PASS" start="2025-09-26T16:21:41.380813" elapsed="0.000496"/>
</kw>
<kw name="Log To Console" owner="BuiltIn">
<arg>EMAIL:${email_field_value}</arg>
<doc>Logs the given message to the console.</doc>
<status status="PASS" start="2025-09-26T16:21:41.381615" elapsed="0.000787"/>
</kw>
<kw name="Log To Console" owner="BuiltIn">
<arg>CITY: ${city_field_value}</arg>
<doc>Logs the given message to the console.</doc>
<status status="PASS" start="2025-09-26T16:21:41.382800" elapsed="0.000533"/>
</kw>
<kw name="Log To Console" owner="BuiltIn">
<arg>ZIP_CODE: ${zipcode_field_value}</arg>
<doc>Logs the given message to the console.</doc>
<status status="PASS" start="2025-09-26T16:21:41.383689" elapsed="0.000445"/>
</kw>
<arg>${user}</arg>
<arg>${first_name_field_value}</arg>
<arg>${last_name_field_value}</arg>
<arg>${email_field_value}</arg>
<arg>${city_field_value}</arg>
<arg>${zipcode_field_value}</arg>
<status status="PASS" start="2025-09-26T16:21:41.371547" elapsed="0.012785"/>
</kw>
<kw name="Click Button" owner="SeleniumLibrary">
<msg time="2025-09-26T16:21:41.385149" level="INFO">Clicking button '//button[@aria-label="Save"]'.</msg>
<arg>${submit_btn}</arg>
<doc>Clicks the button identified by ``locator``.</doc>
<status status="PASS" start="2025-09-26T16:21:41.384657" elapsed="0.124706"/>
</kw>
<kw name="Sleep" owner="BuiltIn">
<msg time="2025-09-26T16:21:42.510141" level="INFO">Slept 1 second.</msg>
<arg>1s</arg>
<doc>Pauses the test executed for the given time.</doc>
<status status="PASS" start="2025-09-26T16:21:41.509689" elapsed="1.000674"/>
</kw>
<kw name="Go To Create Customer">
<kw name="Click Element" owner="SeleniumLibrary">
<msg time="2025-09-26T16:21:42.512111" level="INFO">Clicking element '//a[@href="#/customers"]'.</msg>
<arg>${navigate_to_customer}</arg>
<doc>Click the element identified by ``locator``.</doc>
<status status="PASS" start="2025-09-26T16:21:42.511513" elapsed="0.087575"/>
</kw>
<kw name="Wait Until Element Is Visible" owner="SeleniumLibrary">
<arg>${create_customer_link}</arg>
<arg>10s</arg>
<doc>Waits until the element ``locator`` is visible.</doc>
<status status="PASS" start="2025-09-26T16:21:42.599373" elapsed="0.080888"/>
</kw>
<kw name="Click Element" owner="SeleniumLibrary">
<msg time="2025-09-26T16:21:42.681371" level="INFO">Clicking element '//a[@aria-label="Create"]'.</msg>
<arg>${create_customer_link}</arg>
<doc>Click the element identified by ``locator``.</doc>
<status status="PASS" start="2025-09-26T16:21:42.680503" elapsed="0.092860"/>
</kw>
<status status="PASS" start="2025-09-26T16:21:42.510838" elapsed="0.262863"/>
</kw>
<var name="${user}">{'id': 2, 'name': 'Ervin Howell', 'username': 'Antonette', 'email': 'Shanna@melissa.tv', 'address': {'street': 'Victor Plains', 'suite': 'Suite 879', 'city': 'Wisokyburgh', 'zipcode': '90566-7771', 'g...</var>
<status status="PASS" start="2025-09-26T16:21:39.759584" elapsed="3.014244"/>
</iter>
<iter>
<kw name="Generate Birthday" owner="CustomerLibrary">
<msg time="2025-09-26T16:21:42.775237" level="INFO">${birthday} = 05-21-2013</msg>
<var>${birthday}</var>
<status status="PASS" start="2025-09-26T16:21:42.774791" elapsed="0.000533"/>
</kw>
<kw name="Set Variable" owner="BuiltIn">
<msg time="2025-09-26T16:21:42.777184" level="INFO">${street} = Douglas Extension</msg>
<var>${street}</var>
<arg>${user['address']['street']}</arg>
<doc>Returns the given values which can then be assigned to a variables.</doc>
<status status="PASS" start="2025-09-26T16:21:42.775662" elapsed="0.001617"/>
</kw>
<kw name="Set Variable" owner="BuiltIn">
<msg time="2025-09-26T16:21:42.780468" level="INFO">${city} = McKenziehaven</msg>
<var>${city}</var>
<arg>${user['address']['city']}</arg>
<doc>Returns the given values which can then be assigned to a variables.</doc>
<status status="PASS" start="2025-09-26T16:21:42.777685" elapsed="0.002878"/>
</kw>
<kw name="Set Variable" owner="BuiltIn">
<msg time="2025-09-26T16:21:42.781486" level="INFO">${full_address} = McKenziehaven Douglas Extension</msg>
<var>${full_address}</var>
<arg>${city} ${street}</arg>
<doc>Returns the given values which can then be assigned to a variables.</doc>
<status status="PASS" start="2025-09-26T16:21:42.780934" elapsed="0.000636"/>
</kw>
<kw name="Set Variable" owner="BuiltIn">
<msg time="2025-09-26T16:21:42.782190" level="INFO">${state} = New York</msg>
<var>${state}</var>
<arg>New York</arg>
<doc>Returns the given values which can then be assigned to a variables.</doc>
<status status="PASS" start="2025-09-26T16:21:42.781916" elapsed="0.000309"/>
</kw>
<kw name="Set Variable" owner="BuiltIn">
<msg time="2025-09-26T16:21:42.782556" level="INFO">${password} = 113137162535</msg>
<var>${password}</var>
<arg>113137162535</arg>
<doc>Returns the given values which can then be assigned to a variables.</doc>
<status status="PASS" start="2025-09-26T16:21:42.782373" elapsed="0.000218"/>
</kw>
<kw name="Wait Until Element Is Visible" owner="SeleniumLibrary">
<arg>${first_name_field}</arg>
<arg>10s</arg>
<doc>Waits until the element ``locator`` is visible.</doc>
<status status="PASS" start="2025-09-26T16:21:42.782760" elapsed="0.069665"/>
</kw>
<kw name="Input Text" owner="SeleniumLibrary">
<msg time="2025-09-26T16:21:42.854454" level="INFO">Typing text 'Clementine' into text field '//input[@name="first_name"]'.</msg>
<arg>${first_name_field}</arg>
<arg>${user['name'].split(" ")[0]}</arg>
<doc>Types the given ``text`` into the text field identified by ``locator``.</doc>
<status status="PASS" start="2025-09-26T16:21:42.852830" elapsed="0.114010"/>
</kw>
<kw name="Get Element Attribute" owner="SeleniumLibrary">
<msg time="2025-09-26T16:21:42.986007" level="INFO">${first_name_field_value} = Clementine</msg>
<var>${first_name_field_value}</var>
<arg>${first_name_field}</arg>
<arg>value</arg>
<doc>Returns the value of ``attribute`` from the element ``locator``.</doc>
<status status="PASS" start="2025-09-26T16:21:42.967254" elapsed="0.018852"/>
</kw>
<kw name="Input Text" owner="SeleniumLibrary">
<msg time="2025-09-26T16:21:42.988074" level="INFO">Typing text 'Bauch' into text field '//input[@name="last_name"]'.</msg>
<arg>${last_name_field}</arg>
<arg>${user['name'].split(" ")[1]}</arg>
<doc>Types the given ``text`` into the text field identified by ``locator``.</doc>
<status status="PASS" start="2025-09-26T16:21:42.986556" elapsed="0.104570"/>
</kw>
<kw name="Get Element Attribute" owner="SeleniumLibrary">
<msg time="2025-09-26T16:21:43.106324" level="INFO">${last_name_field_value} = Bauch</msg>
<var>${last_name_field_value}</var>
<arg>${last_name_field}</arg>
<arg>value</arg>
<doc>Returns the value of ``attribute`` from the element ``locator``.</doc>
<status status="PASS" start="2025-09-26T16:21:43.091394" elapsed="0.014982"/>
</kw>
<kw name="Input Text" owner="SeleniumLibrary">
<msg time="2025-09-26T16:21:43.107451" level="INFO">Typing text 'Nathan@yesenia.net' into text field '//input[@name="email"]'.</msg>
<arg>${email_field}</arg>
<arg>${user['email']}</arg>
<doc>Types the given ``text`` into the text field identified by ``locator``.</doc>
<status status="PASS" start="2025-09-26T16:21:43.106568" elapsed="0.132274"/>
</kw>
<kw name="Get Element Attribute" owner="SeleniumLibrary">
<msg time="2025-09-26T16:21:43.256865" level="INFO">${email_field_value} = Nathan@yesenia.net</msg>
<var>${email_field_value}</var>
<arg>${email_field}</arg>
<arg>value</arg>
<doc>Returns the value of ``attribute`` from the element ``locator``.</doc>
<status status="PASS" start="2025-09-26T16:21:43.239121" elapsed="0.017797"/>
</kw>
<kw name="Input Text" owner="SeleniumLibrary">
<msg time="2025-09-26T16:21:43.257388" level="INFO">Typing text '05-21-2013' into text field '//input[@name="birthday"]'.</msg>
<arg>${birthday_field}</arg>
<arg>${birthday}</arg>
<doc>Types the given ``text`` into the text field identified by ``locator``.</doc>
<status status="PASS" start="2025-09-26T16:21:43.257111" elapsed="0.105546"/>
</kw>
<kw name="Input Text" owner="SeleniumLibrary">
<msg time="2025-09-26T16:21:43.363471" level="INFO">Typing text 'McKenziehaven Douglas Extension' into text field '//textarea[@name="address"]'.</msg>
<arg>${address_field}</arg>
<arg>${full_address}</arg>
<doc>Types the given ``text`` into the text field identified by ``locator``.</doc>
<status status="PASS" start="2025-09-26T16:21:43.362958" elapsed="0.166708"/>
</kw>
<kw name="Input Text" owner="SeleniumLibrary">
<msg time="2025-09-26T16:21:43.530295" level="INFO">Typing text 'McKenziehaven' into text field '//input[@name="city"]'.</msg>
<arg>${city_field}</arg>
<arg>${city}</arg>
<doc>Types the given ``text`` into the text field identified by ``locator``.</doc>
<status status="PASS" start="2025-09-26T16:21:43.529922" elapsed="0.119682"/>
</kw>
<kw name="Get Element Attribute" owner="SeleniumLibrary">
<msg time="2025-09-26T16:21:43.690287" level="INFO">${city_field_value} = McKenziehaven</msg>
<var>${city_field_value}</var>
<arg>${city_field}</arg>
<arg>value</arg>
<doc>Returns the value of ``attribute`` from the element ``locator``.</doc>
<status status="PASS" start="2025-09-26T16:21:43.649934" elapsed="0.040459"/>
</kw>
<kw name="Input Text" owner="SeleniumLibrary">
<msg time="2025-09-26T16:21:43.691398" level="INFO">Typing text 'New York' into text field '//input[@name="stateAbbr"]'.</msg>
<arg>${state_field}</arg>
<arg>${state}</arg>
<doc>Types the given ``text`` into the text field identified by ``locator``.</doc>
<status status="PASS" start="2025-09-26T16:21:43.690782" elapsed="0.107183"/>
</kw>
<kw name="Input Text" owner="SeleniumLibrary">
<msg time="2025-09-26T16:21:43.799185" level="INFO">Typing text '59590-4157' into text field '//input[@name="zipcode"]'.</msg>
<arg>${zip_code_field}</arg>
<arg>${user['address']['zipcode']}</arg>
<doc>Types the given ``text`` into the text field identified by ``locator``.</doc>
<status status="PASS" start="2025-09-26T16:21:43.798234" elapsed="0.117700"/>
</kw>
<kw name="Get Element Attribute" owner="SeleniumLibrary">
<msg time="2025-09-26T16:21:43.931195" level="INFO">${zipcode_field_value} = 59590-4157</msg>
<var>${zipcode_field_value}</var>
<arg>${zip_code_field}</arg>
<arg>value</arg>
<doc>Returns the value of ``attribute`` from the element ``locator``.</doc>
<status status="PASS" start="2025-09-26T16:21:43.916225" elapsed="0.015025"/>
</kw>
<kw name="Input Text" owner="SeleniumLibrary">
<msg time="2025-09-26T16:21:43.931740" level="INFO">Typing text '113137162535' into text field '//input[@name='password']'.</msg>
<arg>${password_field}</arg>
<arg>${password}</arg>
<doc>Types the given ``text`` into the text field identified by ``locator``.</doc>
<status status="PASS" start="2025-09-26T16:21:43.931443" elapsed="0.124354"/>
</kw>
<kw name="Input Text" owner="SeleniumLibrary">
<msg time="2025-09-26T16:21:44.056398" level="INFO">Typing text '113137162535' into text field '//input[@name="confirm_password"]'.</msg>
<arg>${confirm_password_field}</arg>
<arg>${password}</arg>
<doc>Types the given ``text`` into the text field identified by ``locator``.</doc>
<status status="PASS" start="2025-09-26T16:21:44.056019" elapsed="0.118653"/>
</kw>
<kw name="Verify User Added">
<kw name="Set Variable" owner="BuiltIn">
<msg time="2025-09-26T16:21:44.175711" level="INFO">${full_name} = Clementine Bauch</msg>
<var>${full_name}</var>
<arg>${first_name_field_value} ${last_name_field_value}</arg>
<doc>Returns the given values which can then be assigned to a variables.</doc>
<status status="PASS" start="2025-09-26T16:21:44.175501" elapsed="0.000242"/>
</kw>
<kw name="Should Be Equal" owner="BuiltIn">
<arg>${user['name']}</arg>
<arg>${full_name}</arg>
<doc>Fails if the given objects are unequal.</doc>
<status status="PASS" start="2025-09-26T16:21:44.175848" elapsed="0.000631"/>
</kw>
<kw name="Should Be Equal" owner="BuiltIn">
<arg>${user['email']}</arg>
<arg>${email_field_value}</arg>
<doc>Fails if the given objects are unequal.</doc>
<status status="PASS" start="2025-09-26T16:21:44.176644" elapsed="0.000602"/>
</kw>
<kw name="Should Be Equal" owner="BuiltIn">
<arg>${user['address']['city']}</arg>
<arg>${city_field_value}</arg>
<doc>Fails if the given objects are unequal.</doc>
<status status="PASS" start="2025-09-26T16:21:44.177411" elapsed="0.000837"/>
</kw>
<kw name="Should Be Equal" owner="BuiltIn">
<arg>${user['address']['zipcode']}</arg>
<arg>${zipcode_field_value}</arg>
<doc>Fails if the given objects are unequal.</doc>
<status status="PASS" start="2025-09-26T16:21:44.178502" elapsed="0.000702"/>
</kw>
<kw name="Log To Console" owner="BuiltIn">
<arg>NAME_VALUE_IS: ${full_name}</arg>
<doc>Logs the given message to the console.</doc>
<status status="PASS" start="2025-09-26T16:21:44.179396" elapsed="0.000248"/>
</kw>
<kw name="Log To Console" owner="BuiltIn">
<arg>EMAIL:${email_field_value}</arg>
<doc>Logs the given message to the console.</doc>
<status status="PASS" start="2025-09-26T16:21:44.179791" elapsed="0.000230"/>
</kw>
<kw name="Log To Console" owner="BuiltIn">
<arg>CITY: ${city_field_value}</arg>
<doc>Logs the given message to the console.</doc>
<status status="PASS" start="2025-09-26T16:21:44.180160" elapsed="0.000194"/>
</kw>
<kw name="Log To Console" owner="BuiltIn">
<arg>ZIP_CODE: ${zipcode_field_value}</arg>
<doc>Logs the given message to the console.</doc>
<status status="PASS" start="2025-09-26T16:21:44.180469" elapsed="0.000220"/>
</kw>
<arg>${user}</arg>
<arg>${first_name_field_value}</arg>
<arg>${last_name_field_value}</arg>
<arg>${email_field_value}</arg>
<arg>${city_field_value}</arg>
<arg>${zipcode_field_value}</arg>
<status status="PASS" start="2025-09-26T16:21:44.174967" elapsed="0.005819"/>
</kw>
<kw name="Click Button" owner="SeleniumLibrary">
<msg time="2025-09-26T16:21:44.181257" level="INFO">Clicking button '//button[@aria-label="Save"]'.</msg>
<arg>${submit_btn}</arg>
<doc>Clicks the button identified by ``locator``.</doc>
<status status="PASS" start="2025-09-26T16:21:44.180952" elapsed="0.123330"/>
</kw>
<kw name="Sleep" owner="BuiltIn">
<msg time="2025-09-26T16:21:45.305124" level="INFO">Slept 1 second.</msg>
<arg>1s</arg>
<doc>Pauses the test executed for the given time.</doc>
<status status="PASS" start="2025-09-26T16:21:44.304553" elapsed="1.000819"/>
</kw>
<kw name="Go To Create Customer">
<kw name="Click Element" owner="SeleniumLibrary">
<msg time="2025-09-26T16:21:45.307027" level="INFO">Clicking element '//a[@href="#/customers"]'.</msg>
<arg>${navigate_to_customer}</arg>
<doc>Click the element identified by ``locator``.</doc>
<status status="PASS" start="2025-09-26T16:21:45.306526" elapsed="0.115966"/>
</kw>
<kw name="Wait Until Element Is Visible" owner="SeleniumLibrary">
<arg>${create_customer_link}</arg>
<arg>10s</arg>
<doc>Waits until the element ``locator`` is visible.</doc>
<status status="PASS" start="2025-09-26T16:21:45.422861" elapsed="0.074975"/>
</kw>
<kw name="Click Element" owner="SeleniumLibrary">
<msg time="2025-09-26T16:21:45.498477" level="INFO">Clicking element '//a[@aria-label="Create"]'.</msg>
<arg>${create_customer_link}</arg>
<doc>Click the element identified by ``locator``.</doc>
<status status="PASS" start="2025-09-26T16:21:45.498125" elapsed="0.073992"/>
</kw>
<status status="PASS" start="2025-09-26T16:21:45.305881" elapsed="0.266401"/>
</kw>
<var name="${user}">{'id': 3, 'name': 'Clementine Bauch', 'username': 'Samantha', 'email': 'Nathan@yesenia.net', 'address': {'street': 'Douglas Extension', 'suite': 'Suite 847', 'city': 'McKenziehaven', 'zipcode': '59590...</var>
<status status="PASS" start="2025-09-26T16:21:42.774473" elapsed="2.797869"/>
</iter>
<iter>
<kw name="Generate Birthday" owner="CustomerLibrary">
<msg time="2025-09-26T16:21:45.573264" level="INFO">${birthday} = 04-19-1986</msg>
<var>${birthday}</var>
<status status="PASS" start="2025-09-26T16:21:45.572885" elapsed="0.000430"/>
</kw>
<kw name="Set Variable" owner="BuiltIn">
<msg time="2025-09-26T16:21:45.574631" level="INFO">${street} = Hoeger Mall</msg>
<var>${street}</var>
<arg>${user['address']['street']}</arg>
<doc>Returns the given values which can then be assigned to a variables.</doc>
<status status="PASS" start="2025-09-26T16:21:45.573505" elapsed="0.001198"/>
</kw>
<kw name="Set Variable" owner="BuiltIn">
<msg time="2025-09-26T16:21:45.575629" level="INFO">${city} = South Elvis</msg>
<var>${city}</var>
<arg>${user['address']['city']}</arg>
<doc>Returns the given values which can then be assigned to a variables.</doc>
<status status="PASS" start="2025-09-26T16:21:45.574904" elapsed="0.000789"/>
</kw>
<kw name="Set Variable" owner="BuiltIn">
<msg time="2025-09-26T16:21:45.576204" level="INFO">${full_address} = South Elvis Hoeger Mall</msg>
<var>${full_address}</var>
<arg>${city} ${street}</arg>
<doc>Returns the given values which can then be assigned to a variables.</doc>
<status status="PASS" start="2025-09-26T16:21:45.575889" elapsed="0.000355"/>
</kw>
<kw name="Set Variable" owner="BuiltIn">
<msg time="2025-09-26T16:21:45.576620" level="INFO">${state} = New York</msg>
<var>${state}</var>
<arg>New York</arg>
<doc>Returns the given values which can then be assigned to a variables.</doc>
<status status="PASS" start="2025-09-26T16:21:45.576412" elapsed="0.000263"/>
</kw>
<kw name="Set Variable" owner="BuiltIn">
<msg time="2025-09-26T16:21:45.577016" level="INFO">${password} = 113137162535</msg>
<var>${password}</var>
<arg>113137162535</arg>
<doc>Returns the given values which can then be assigned to a variables.</doc>
<status status="PASS" start="2025-09-26T16:21:45.576816" elapsed="0.000238"/>
</kw>
<kw name="Wait Until Element Is Visible" owner="SeleniumLibrary">
<arg>${first_name_field}</arg>
<arg>10s</arg>
<doc>Waits until the element ``locator`` is visible.</doc>
<status status="PASS" start="2025-09-26T16:21:45.577257" elapsed="0.074706"/>
</kw>
<kw name="Input Text" owner="SeleniumLibrary">
<msg time="2025-09-26T16:21:45.653949" level="INFO">Typing text 'Patricia' into text field '//input[@name="first_name"]'.</msg>
<arg>${first_name_field}</arg>
<arg>${user['name'].split(" ")[0]}</arg>
<doc>Types the given ``text`` into the text field identified by ``locator``.</doc>
<status status="PASS" start="2025-09-26T16:21:45.652353" elapsed="0.108541"/>
</kw>
<kw name="Get Element Attribute" owner="SeleniumLibrary">
<msg time="2025-09-26T16:21:45.773447" level="INFO">${first_name_field_value} = Patricia</msg>
<var>${first_name_field_value}</var>
<arg>${first_name_field}</arg>
<arg>value</arg>
<doc>Returns the value of ``attribute`` from the element ``locator``.</doc>
<status status="PASS" start="2025-09-26T16:21:45.761159" elapsed="0.012339"/>
</kw>
<kw name="Input Text" owner="SeleniumLibrary">
<msg time="2025-09-26T16:21:45.774392" level="INFO">Typing text 'Lebsack' into text field '//input[@name="last_name"]'.</msg>
<arg>${last_name_field}</arg>
<arg>${user['name'].split(" ")[1]}</arg>
<doc>Types the given ``text`` into the text field identified by ``locator``.</doc>
<status status="PASS" start="2025-09-26T16:21:45.773703" elapsed="0.134070"/>
</kw>
<kw name="Get Element Attribute" owner="SeleniumLibrary">
<msg time="2025-09-26T16:21:45.926866" level="INFO">${last_name_field_value} = Lebsack</msg>
<var>${last_name_field_value}</var>
<arg>${last_name_field}</arg>
<arg>value</arg>
<doc>Returns the value of ``attribute`` from the element ``locator``.</doc>
<status status="PASS" start="2025-09-26T16:21:45.908114" elapsed="0.018886"/>
</kw>
<kw name="Input Text" owner="SeleniumLibrary">
<msg time="2025-09-26T16:21:45.929468" level="INFO">Typing text 'Julianne.OConner@kory.org' into text field '//input[@name="email"]'.</msg>
<arg>${email_field}</arg>
<arg>${user['email']}</arg>
<doc>Types the given ``text`` into the text field identified by ``locator``.</doc>
<status status="PASS" start="2025-09-26T16:21:45.927494" elapsed="0.139185"/>
</kw>
<kw name="Get Element Attribute" owner="SeleniumLibrary">
<msg time="2025-09-26T16:21:46.084617" level="INFO">${email_field_value} = Julianne.OConner@kory.org</msg>
<var>${email_field_value}</var>
<arg>${email_field}</arg>
<arg>value</arg>
<doc>Returns the value of ``attribute`` from the element ``locator``.</doc>
<status status="PASS" start="2025-09-26T16:21:46.067073" elapsed="0.017606"/>
</kw>
<kw name="Input Text" owner="SeleniumLibrary">
<msg time="2025-09-26T16:21:46.085158" level="INFO">Typing text '04-19-1986' into text field '//input[@name="birthday"]'.</msg>
<arg>${birthday_field}</arg>
<arg>${birthday}</arg>
<doc>Types the given ``text`` into the text field identified by ``locator``.</doc>
<status status="PASS" start="2025-09-26T16:21:46.084876" elapsed="0.099321"/>
</kw>
<kw name="Input Text" owner="SeleniumLibrary">
<msg time="2025-09-26T16:21:46.184753" level="INFO">Typing text 'South Elvis Hoeger Mall' into text field '//textarea[@name="address"]'.</msg>
<arg>${address_field}</arg>
<arg>${full_address}</arg>
<doc>Types the given ``text`` into the text field identified by ``locator``.</doc>
<status status="PASS" start="2025-09-26T16:21:46.184424" elapsed="0.142287"/>
</kw>
<kw name="Input Text" owner="SeleniumLibrary">
<msg time="2025-09-26T16:21:46.327909" level="INFO">Typing text 'South Elvis' into text field '//input[@name="city"]'.</msg>
<arg>${city_field}</arg>
<arg>${city}</arg>
<doc>Types the given ``text`` into the text field identified by ``locator``.</doc>
<status status="PASS" start="2025-09-26T16:21:46.327220" elapsed="0.116868"/>
</kw>
<kw name="Get Element Attribute" owner="SeleniumLibrary">
<msg time="2025-09-26T16:21:46.458665" level="INFO">${city_field_value} = South Elvis</msg>
<var>${city_field_value}</var>
<arg>${city_field}</arg>
<arg>value</arg>
<doc>Returns the value of ``attribute`` from the element ``locator``.</doc>
<status status="PASS" start="2025-09-26T16:21:46.444381" elapsed="0.014337"/>
</kw>
<kw name="Input Text" owner="SeleniumLibrary">
<msg time="2025-09-26T16:21:46.459188" level="INFO">Typing text 'New York' into text field '//input[@name="stateAbbr"]'.</msg>
<arg>${state_field}</arg>
<arg>${state}</arg>
<doc>Types the given ``text`` into the text field identified by ``locator``.</doc>
<status status="PASS" start="2025-09-26T16:21:46.458910" elapsed="0.107766"/>
</kw>
<kw name="Input Text" owner="SeleniumLibrary">
<msg time="2025-09-26T16:21:46.567855" level="INFO">Typing text '53919-4257' into text field '//input[@name="zipcode"]'.</msg>
<arg>${zip_code_field}</arg>
<arg>${user['address']['zipcode']}</arg>
<doc>Types the given ``text`` into the text field identified by ``locator``.</doc>
<status status="PASS" start="2025-09-26T16:21:46.566984" elapsed="0.109320"/>
</kw>
<kw name="Get Element Attribute" owner="SeleniumLibrary">
<msg time="2025-09-26T16:21:46.690681" level="INFO">${zipcode_field_value} = 53919-4257</msg>
<var>${zipcode_field_value}</var>
<arg>${zip_code_field}</arg>
<arg>value</arg>
<doc>Returns the value of ``attribute`` from the element ``locator``.</doc>
<status status="PASS" start="2025-09-26T16:21:46.676583" elapsed="0.014150"/>
</kw>
<kw name="Input Text" owner="SeleniumLibrary">
<msg time="2025-09-26T16:21:46.691563" level="INFO">Typing text '113137162535' into text field '//input[@name='password']'.</msg>
<arg>${password_field}</arg>
<arg>${password}</arg>
<doc>Types the given ``text`` into the text field identified by ``locator``.</doc>
<status status="PASS" start="2025-09-26T16:21:46.691008" elapsed="0.118314"/>
</kw>
<kw name="Input Text" owner="SeleniumLibrary">
<msg time="2025-09-26T16:21:46.809884" level="INFO">Typing text '113137162535' into text field '//input[@name="confirm_password"]'.</msg>
<arg>${confirm_password_field}</arg>
<arg>${password}</arg>
<doc>Types the given ``text`` into the text field identified by ``locator``.</doc>
<status status="PASS" start="2025-09-26T16:21:46.809538" elapsed="0.123487"/>
</kw>
<kw name="Verify User Added">
<kw name="Set Variable" owner="BuiltIn">
<msg time="2025-09-26T16:21:46.935272" level="INFO">${full_name} = Patricia Lebsack</msg>
<var>${full_name}</var>
<arg>${first_name_field_value} ${last_name_field_value}</arg>
<doc>Returns the given values which can then be assigned to a variables.</doc>
<status status="PASS" start="2025-09-26T16:21:46.934795" elapsed="0.000553"/>
</kw>
<kw name="Should Be Equal" owner="BuiltIn">
<arg>${user['name']}</arg>
<arg>${full_name}</arg>
<doc>Fails if the given objects are unequal.</doc>
<status status="PASS" start="2025-09-26T16:21:46.935605" elapsed="0.001459"/>
</kw>
<kw name="Should Be Equal" owner="BuiltIn">
<arg>${user['email']}</arg>
<arg>${email_field_value}</arg>
<doc>Fails if the given objects are unequal.</doc>
<status status="PASS" start="2025-09-26T16:21:46.937322" elapsed="0.001380"/>
</kw>
<kw name="Should Be Equal" owner="BuiltIn">
<arg>${user['address']['city']}</arg>
<arg>${city_field_value}</arg>
<doc>Fails if the given objects are unequal.</doc>
<status status="PASS" start="2025-09-26T16:21:46.938991" elapsed="0.001390"/>
</kw>
<kw name="Should Be Equal" owner="BuiltIn">
<arg>${user['address']['zipcode']}</arg>
<arg>${zipcode_field_value}</arg>
<doc>Fails if the given objects are unequal.</doc>
<status status="PASS" start="2025-09-26T16:21:46.940699" elapsed="0.001432"/>
</kw>
<kw name="Log To Console" owner="BuiltIn">
<arg>NAME_VALUE_IS: ${full_name}</arg>
<doc>Logs the given message to the console.</doc>
<status status="PASS" start="2025-09-26T16:21:46.942417" elapsed="0.000479"/>
</kw>
<kw name="Log To Console" owner="BuiltIn">
<arg>EMAIL:${email_field_value}</arg>
<doc>Logs the given message to the console.</doc>
<status status="PASS" start="2025-09-26T16:21:46.943231" elapsed="0.000604"/>
</kw>
<kw name="Log To Console" owner="BuiltIn">
<arg>CITY: ${city_field_value}</arg>
<doc>Logs the given message to the console.</doc>
<status status="PASS" start="2025-09-26T16:21:46.944209" elapsed="0.000513"/>
</kw>
<kw name="Log To Console" owner="BuiltIn">
<arg>ZIP_CODE: ${zipcode_field_value}</arg>
<doc>Logs the given message to the console.</doc>
<status status="PASS" start="2025-09-26T16:21:46.945040" elapsed="0.000485"/>
</kw>
<arg>${user}</arg>
<arg>${first_name_field_value}</arg>
<arg>${last_name_field_value}</arg>
<arg>${email_field_value}</arg>
<arg>${city_field_value}</arg>
<arg>${zipcode_field_value}</arg>
<status status="PASS" start="2025-09-26T16:21:46.933563" elapsed="0.012200"/>
</kw>
<kw name="Click Button" owner="SeleniumLibrary">
<msg time="2025-09-26T16:21:46.946723" level="INFO">Clicking button '//button[@aria-label="Save"]'.</msg>
<arg>${submit_btn}</arg>
<doc>Clicks the button identified by ``locator``.</doc>
<status status="PASS" start="2025-09-26T16:21:46.946125" elapsed="0.122438"/>
</kw>
<kw name="Sleep" owner="BuiltIn">
<msg time="2025-09-26T16:21:48.069211" level="INFO">Slept 1 second.</msg>
<arg>1s</arg>
<doc>Pauses the test executed for the given time.</doc>
<status status="PASS" start="2025-09-26T16:21:47.068819" elapsed="1.000649"/>
</kw>
<kw name="Go To Create Customer">
<kw name="Click Element" owner="SeleniumLibrary">
<msg time="2025-09-26T16:21:48.071728" level="INFO">Clicking element '//a[@href="#/customers"]'.</msg>
<arg>${navigate_to_customer}</arg>
<doc>Click the element identified by ``locator``.</doc>
<status status="PASS" start="2025-09-26T16:21:48.071152" elapsed="0.101867"/>
</kw>
<kw name="Wait Until Element Is Visible" owner="SeleniumLibrary">
<arg>${create_customer_link}</arg>
<arg>10s</arg>
<doc>Waits until the element ``locator`` is visible.</doc>
<status status="PASS" start="2025-09-26T16:21:48.173236" elapsed="0.246283"/>
</kw>
<kw name="Click Element" owner="SeleniumLibrary">
<msg time="2025-09-26T16:21:48.420334" level="INFO">Clicking element '//a[@aria-label="Create"]'.</msg>
<arg>${create_customer_link}</arg>
<doc>Click the element identified by ``locator``.</doc>
<status status="PASS" start="2025-09-26T16:21:48.419878" elapsed="0.098481"/>
</kw>
<status status="PASS" start="2025-09-26T16:21:48.070012" elapsed="0.448592"/>
</kw>
<var name="${user}">{'id': 4, 'name': 'Patricia Lebsack', 'username': 'Karianne', 'email': 'Julianne.OConner@kory.org', 'address': {'street': 'Hoeger Mall', 'suite': 'Apt. 692', 'city': 'South Elvis', 'zipcode': '53919-4...</var>
<status status="PASS" start="2025-09-26T16:21:45.572705" elapsed="2.946028"/>
</iter>
<iter>
<kw name="Generate Birthday" owner="CustomerLibrary">
<msg time="2025-09-26T16:21:48.519973" level="INFO">${birthday} = 06-07-2011</msg>
<var>${birthday}</var>
<status status="PASS" start="2025-09-26T16:21:48.519567" elapsed="0.000483"/>
</kw>
<kw name="Set Variable" owner="BuiltIn">
<msg time="2025-09-26T16:21:48.521719" level="INFO">${street} = Skiles Walks</msg>
<var>${street}</var>
<arg>${user['address']['street']}</arg>
<doc>Returns the given values which can then be assigned to a variables.</doc>
<status status="PASS" start="2025-09-26T16:21:48.520317" elapsed="0.001492"/>
</kw>
<kw name="Set Variable" owner="BuiltIn">
<msg time="2025-09-26T16:21:48.523504" level="INFO">${city} = Roscoeview</msg>
<var>${city}</var>
<arg>${user['address']['city']}</arg>
<doc>Returns the given values which can then be assigned to a variables.</doc>
<status status="PASS" start="2025-09-26T16:21:48.522125" elapsed="0.001466"/>
</kw>
<kw name="Set Variable" owner="BuiltIn">
<msg time="2025-09-26T16:21:48.524397" level="INFO">${full_address} = Roscoeview Skiles Walks</msg>
<var>${full_address}</var>
<arg>${city} ${street}</arg>
<doc>Returns the given values which can then be assigned to a variables.</doc>
<status status="PASS" start="2025-09-26T16:21:48.523921" elapsed="0.000547"/>
</kw>
<kw name="Set Variable" owner="BuiltIn">
<msg time="2025-09-26T16:21:48.525072" level="INFO">${state} = New York</msg>
<var>${state}</var>
<arg>New York</arg>
<doc>Returns the given values which can then be assigned to a variables.</doc>
<status status="PASS" start="2025-09-26T16:21:48.524758" elapsed="0.000382"/>
</kw>
<kw name="Set Variable" owner="BuiltIn">
<msg time="2025-09-26T16:21:48.526037" level="INFO">${password} = 113137162535</msg>
<var>${password}</var>
<arg>113137162535</arg>
<doc>Returns the given values which can then be assigned to a variables.</doc>
<status status="PASS" start="2025-09-26T16:21:48.525585" elapsed="0.000540"/>
</kw>
<kw name="Wait Until Element Is Visible" owner="SeleniumLibrary">
<arg>${first_name_field}</arg>
<arg>10s</arg>
<doc>Waits until the element ``locator`` is visible.</doc>
<status status="PASS" start="2025-09-26T16:21:48.526536" elapsed="0.069150"/>
</kw>
<kw name="Input Text" owner="SeleniumLibrary">
<msg time="2025-09-26T16:21:48.597051" level="INFO">Typing text 'Chelsey' into text field '//input[@name="first_name"]'.</msg>
<arg>${first_name_field}</arg>
<arg>${user['name'].split(" ")[0]}</arg>
<doc>Types the given ``text`` into the text field identified by ``locator``.</doc>
<status status="PASS" start="2025-09-26T16:21:48.596065" elapsed="0.095201"/>
</kw>
<kw name="Get Element Attribute" owner="SeleniumLibrary">
<msg time="2025-09-26T16:21:48.705993" level="INFO">${first_name_field_value} = Chelsey</msg>
<var>${first_name_field_value}</var>
<arg>${first_name_field}</arg>
<arg>value</arg>
<doc>Returns the value of ``attribute`` from the element ``locator``.</doc>
<status status="PASS" start="2025-09-26T16:21:48.691552" elapsed="0.014505"/>
</kw>
<kw name="Input Text" owner="SeleniumLibrary">
<msg time="2025-09-26T16:21:48.707144" level="INFO">Typing text 'Dietrich' into text field '//input[@name="last_name"]'.</msg>
<arg>${last_name_field}</arg>
<arg>${user['name'].split(" ")[1]}</arg>
<doc>Types the given ``text`` into the text field identified by ``locator``.</doc>
<status status="PASS" start="2025-09-26T16:21:48.706282" elapsed="0.107773"/>
</kw>
<kw name="Get Element Attribute" owner="SeleniumLibrary">
<msg time="2025-09-26T16:21:48.830201" level="INFO">${last_name_field_value} = Dietrich</msg>
<var>${last_name_field_value}</var>
<arg>${last_name_field}</arg>
<arg>value</arg>
<doc>Returns the value of ``attribute`` from the element ``locator``.</doc>
<status status="PASS" start="2025-09-26T16:21:48.814286" elapsed="0.015981"/>
</kw>
<kw name="Input Text" owner="SeleniumLibrary">
<msg time="2025-09-26T16:21:48.831404" level="INFO">Typing text 'Lucio_Hettinger@annie.ca' into text field '//input[@name="email"]'.</msg>
<arg>${email_field}</arg>
<arg>${user['email']}</arg>
<doc>Types the given ``text`` into the text field identified by ``locator``.</doc>
<status status="PASS" start="2025-09-26T16:21:48.830508" elapsed="0.139945"/>
</kw>
<kw name="Get Element Attribute" owner="SeleniumLibrary">
<msg time="2025-09-26T16:21:48.987064" level="INFO">${email_field_value} = Lucio_Hettinger@annie.ca</msg>
<var>${email_field_value}</var>
<arg>${email_field}</arg>
<arg>value</arg>
<doc>Returns the value of ``attribute`` from the element ``locator``.</doc>
<status status="PASS" start="2025-09-26T16:21:48.970701" elapsed="0.016415"/>
</kw>
<kw name="Input Text" owner="SeleniumLibrary">
<msg time="2025-09-26T16:21:48.987587" level="INFO">Typing text '06-07-2011' into text field '//input[@name="birthday"]'.</msg>
<arg>${birthday_field}</arg>
<arg>${birthday}</arg>
<doc>Types the given ``text`` into the text field identified by ``locator``.</doc>
<status status="PASS" start="2025-09-26T16:21:48.987311" elapsed="0.108635"/>
</kw>
<kw name="Input Text" owner="SeleniumLibrary">
<msg time="2025-09-26T16:21:49.096487" level="INFO">Typing text 'Roscoeview Skiles Walks' into text field '//textarea[@name="address"]'.</msg>
<arg>${address_field}</arg>
<arg>${full_address}</arg>
<doc>Types the given ``text`` into the text field identified by ``locator``.</doc>
<status status="PASS" start="2025-09-26T16:21:49.096172" elapsed="0.136730"/>
</kw>
<kw name="Input Text" owner="SeleniumLibrary">
<msg time="2025-09-26T16:21:49.233604" level="INFO">Typing text 'Roscoeview' into text field '//input[@name="city"]'.</msg>
<arg>${city_field}</arg>
<arg>${city}</arg>
<doc>Types the given ``text`` into the text field identified by ``locator``.</doc>
<status status="PASS" start="2025-09-26T16:21:49.233183" elapsed="0.118679"/>
</kw>
<kw name="Get Element Attribute" owner="SeleniumLibrary">
<msg time="2025-09-26T16:21:49.386675" level="INFO">${city_field_value} = Roscoeview</msg>
<var>${city_field_value}</var>
<arg>${city_field}</arg>
<arg>value</arg>
<doc>Returns the value of ``attribute`` from the element ``locator``.</doc>
<status status="PASS" start="2025-09-26T16:21:49.352144" elapsed="0.034588"/>
</kw>
<kw name="Input Text" owner="SeleniumLibrary">
<msg time="2025-09-26T16:21:49.387281" level="INFO">Typing text 'New York' into text field '//input[@name="stateAbbr"]'.</msg>
<arg>${state_field}</arg>
<arg>${state}</arg>
<doc>Types the given ``text`` into the text field identified by ``locator``.</doc>
<status status="PASS" start="2025-09-26T16:21:49.386934" elapsed="0.099878"/>
</kw>
<kw name="Input Text" owner="SeleniumLibrary">
<msg time="2025-09-26T16:21:49.487924" level="INFO">Typing text '33263' into text field '//input[@name="zipcode"]'.</msg>
<arg>${zip_code_field}</arg>
<arg>${user['address']['zipcode']}</arg>
<doc>Types the given ``text`` into the text field identified by ``locator``.</doc>
<status status="PASS" start="2025-09-26T16:21:49.487036" elapsed="0.115432"/>
</kw>
<kw name="Get Element Attribute" owner="SeleniumLibrary">
<msg time="2025-09-26T16:21:49.618727" level="INFO">${zipcode_field_value} = 33263</msg>
<var>${zipcode_field_value}</var>
<arg>${zip_code_field}</arg>
<arg>value</arg>
<doc>Returns the value of ``attribute`` from the element ``locator``.</doc>
<status status="PASS" start="2025-09-26T16:21:49.602758" elapsed="0.016032"/>
</kw>
<kw name="Input Text" owner="SeleniumLibrary">
<msg time="2025-09-26T16:21:49.619366" level="INFO">Typing text '113137162535' into text field '//input[@name='password']'.</msg>
<arg>${password_field}</arg>
<arg>${password}</arg>
<doc>Types the given ``text`` into the text field identified by ``locator``.</doc>
<status status="PASS" start="2025-09-26T16:21:49.619027" elapsed="0.118601"/>
</kw>
<kw name="Input Text" owner="SeleniumLibrary">
<msg time="2025-09-26T16:21:49.738281" level="INFO">Typing text '113137162535' into text field '//input[@name="confirm_password"]'.</msg>
<arg>${confirm_password_field}</arg>
<arg>${password}</arg>
<doc>Types the given ``text`` into the text field identified by ``locator``.</doc>
<status status="PASS" start="2025-09-26T16:21:49.737907" elapsed="0.120389"/>
</kw>
<kw name="Verify User Added">
<kw name="Set Variable" owner="BuiltIn">
<msg time="2025-09-26T16:21:49.859879" level="INFO">${full_name} = Chelsey Dietrich</msg>
<var>${full_name}</var>
<arg>${first_name_field_value} ${last_name_field_value}</arg>
<doc>Returns the given values which can then be assigned to a variables.</doc>
<status status="PASS" start="2025-09-26T16:21:49.859408" elapsed="0.000517"/>
</kw>
<kw name="Should Be Equal" owner="BuiltIn">
<arg>${user['name']}</arg>
<arg>${full_name}</arg>
<doc>Fails if the given objects are unequal.</doc>
<status status="PASS" start="2025-09-26T16:21:49.860102" elapsed="0.001056"/>
</kw>
<kw name="Should Be Equal" owner="BuiltIn">
<arg>${user['email']}</arg>
<arg>${email_field_value}</arg>
<doc>Fails if the given objects are unequal.</doc>
<status status="PASS" start="2025-09-26T16:21:49.861379" elapsed="0.000751"/>
</kw>
<kw name="Should Be Equal" owner="BuiltIn">
<arg>${user['address']['city']}</arg>
<arg>${city_field_value}</arg>
<doc>Fails if the given objects are unequal.</doc>
<status status="PASS" start="2025-09-26T16:21:49.862334" elapsed="0.000666"/>
</kw>
<kw name="Should Be Equal" owner="BuiltIn">
<arg>${user['address']['zipcode']}</arg>
<arg>${zipcode_field_value}</arg>
<doc>Fails if the given objects are unequal.</doc>
<status status="PASS" start="2025-09-26T16:21:49.863148" elapsed="0.000509"/>
</kw>
<kw name="Log To Console" owner="BuiltIn">
<arg>NAME_VALUE_IS: ${full_name}</arg>
<doc>Logs the given message to the console.</doc>
<status status="PASS" start="2025-09-26T16:21:49.863766" elapsed="0.000168"/>
</kw>
<kw name="Log To Console" owner="BuiltIn">
<arg>EMAIL:${email_field_value}</arg>
<doc>Logs the given message to the console.</doc>
<status status="PASS" start="2025-09-26T16:21:49.864028" elapsed="0.000345"/>
</kw>
<kw name="Log To Console" owner="BuiltIn">
<arg>CITY: ${city_field_value}</arg>
<doc>Logs the given message to the console.</doc>
<status status="PASS" start="2025-09-26T16:21:49.864474" elapsed="0.000144"/>
</kw>
<kw name="Log To Console" owner="BuiltIn">
<arg>ZIP_CODE: ${zipcode_field_value}</arg>
<doc>Logs the given message to the console.</doc>
<status status="PASS" start="2025-09-26T16:21:49.864728" elapsed="0.000221"/>
</kw>
<arg>${user}</arg>
<arg>${first_name_field_value}</arg>
<arg>${last_name_field_value}</arg>
<arg>${email_field_value}</arg>
<arg>${city_field_value}</arg>
<arg>${zipcode_field_value}</arg>
<status status="PASS" start="2025-09-26T16:21:49.858608" elapsed="0.006421"/>
</kw>
<kw name="Click Button" owner="SeleniumLibrary">
<msg time="2025-09-26T16:21:49.865375" level="INFO">Clicking button '//button[@aria-label="Save"]'.</msg>
<arg>${submit_btn}</arg>
<doc>Clicks the button identified by ``locator``.</doc>
<status status="PASS" start="2025-09-26T16:21:49.865157" elapsed="0.122400"/>
</kw>
<kw name="Sleep" owner="BuiltIn">
<msg time="2025-09-26T16:21:50.988330" level="INFO">Slept 1 second.</msg>
<arg>1s</arg>
<doc>Pauses the test executed for the given time.</doc>
<status status="PASS" start="2025-09-26T16:21:49.987876" elapsed="1.000701"/>
</kw>
<kw name="Go To Create Customer">
<kw name="Click Element" owner="SeleniumLibrary">
<msg time="2025-09-26T16:21:50.990215" level="INFO">Clicking element '//a[@href="#/customers"]'.</msg>
<arg>${navigate_to_customer}</arg>
<doc>Click the element identified by ``locator``.</doc>
<status status="PASS" start="2025-09-26T16:21:50.989732" elapsed="0.100610"/>
</kw>
<kw name="Wait Until Element Is Visible" owner="SeleniumLibrary">
<arg>${create_customer_link}</arg>
<arg>10s</arg>
<doc>Waits until the element ``locator`` is visible.</doc>
<status status="PASS" start="2025-09-26T16:21:51.090617" elapsed="0.066723"/>
</kw>
<kw name="Click Element" owner="SeleniumLibrary">
<msg time="2025-09-26T16:21:51.158046" level="INFO">Clicking element '//a[@aria-label="Create"]'.</msg>
<arg>${create_customer_link}</arg>
<doc>Click the element identified by ``locator``.</doc>
<status status="PASS" start="2025-09-26T16:21:51.157616" elapsed="0.078932"/>
</kw>
<status status="PASS" start="2025-09-26T16:21:50.989081" elapsed="0.247690"/>
</kw>
<var name="${user}">{'id': 5, 'name': 'Chelsey Dietrich', 'username': 'Kamren', 'email': 'Lucio_Hettinger@annie.ca', 'address': {'street': 'Skiles Walks', 'suite': 'Suite 351', 'city': 'Roscoeview', 'zipcode': '33263', '...</var>
<status status="PASS" start="2025-09-26T16:21:48.519311" elapsed="2.717524"/>
</iter>
<var>${user}</var>
<value>@{users}</value>
<status status="PASS" start="2025-09-26T16:21:36.954308" elapsed="14.282624"/>
</for>
<status status="PASS" start="2025-09-26T16:21:36.791331" elapsed="14.445753"/>
</kw>
<doc>Add First 5 User</doc>
<status status="PASS" start="2025-09-26T16:21:33.733047" elapsed="17.504300"/>
</test>
<test id="s1-t2" name="Test-0002" line="24">
<kw name="Go To Customer Page">
<kw name="Click Element" owner="SeleniumLibrary">
<msg time="2025-09-26T16:21:51.239003" level="INFO">Clicking element '//a[@href="#/customers"]'.</msg>
<arg>${navigate_to_customer}</arg>
<doc>Click the element identified by ``locator``.</doc>
<status status="PASS" start="2025-09-26T16:21:51.238733" elapsed="0.153316"/>
</kw>
<kw name="Sleep" owner="BuiltIn">
<msg time="2025-09-26T16:21:53.393238" level="INFO">Slept 2 seconds.</msg>
<arg>2s</arg>
<doc>Pauses the test executed for the given time.</doc>
<status status="PASS" start="2025-09-26T16:21:51.392349" elapsed="2.001137"/>
</kw>
<status status="PASS" start="2025-09-26T16:21:51.238336" elapsed="2.155422"/>
</kw>
<kw name="Sleep" owner="BuiltIn">
<msg time="2025-09-26T16:21:55.395086" level="INFO">Slept 2 seconds.</msg>
<arg>2s</arg>
<doc>Pauses the test executed for the given time.</doc>
<status status="PASS" start="2025-09-26T16:21:53.394145" elapsed="2.001193"/>
</kw>
<kw name="Check User Appear In Table">
<kw name="Wait Until Element Is Not Visible" owner="SeleniumLibrary">
<arg>xpath=(//table//tbody//tr)[1]//td//div/img</arg>
<arg>15s</arg>
<doc>Waits until the element ``locator`` is not visible.</doc>
<status status="PASS" start="2025-09-26T16:21:55.396963" elapsed="0.023270"/>
</kw>
<kw name="Wait Until Element Is Visible" owner="SeleniumLibrary">
<arg>xpath=(//table//tbody//tr)[1]//td//div[contains(@class,"MuiAvatar-colorDefault") and text()]</arg>
<arg>15s</arg>
<doc>Waits until the element ``locator`` is visible.</doc>
<status status="PASS" start="2025-09-26T16:21:55.420657" elapsed="0.034572"/>
</kw>
<kw name="Get Users" owner="CustomerLibrary">
<msg time="2025-09-26T16:21:55.671975" level="INFO">/home/citco/myvirtualrobot/lib/python3.12/site-packages/urllib3/connectionpool.py:1097: InsecureRequestWarning: Unverified HTTPS request is being made to host 'jsonplaceholder.typicode.com'. Adding certificate verification is strongly advised. See: https://urllib3.readthedocs.io/en/latest/advanced-usage.html#tls-warnings
  warnings.warn(</msg>
<msg time="2025-09-26T16:21:55.672446" level="INFO">${users} = [{'id': 1, 'name': 'Leanne Graham', 'username': 'Bret', 'email': 'Sincere@april.biz', 'address': {'street': 'Kulas Light', 'suite': 'Apt. 556', 'city': 'Gwenborough', 'zipcode': '92998-3874', 'geo': {...</msg>
<var>${users}</var>
<status status="PASS" start="2025-09-26T16:21:55.455629" elapsed="0.216899"/>
</kw>
<for flavor="IN RANGE">
<iter>
<kw name="Evaluate" owner="BuiltIn">
<msg time="2025-09-26T16:21:55.674361" level="INFO">${user_index} = 4</msg>
<var>${user_index}</var>
<arg>5 - ${row}</arg>
<doc>Evaluates the given expression in Python and returns the result.</doc>
<status status="PASS" start="2025-09-26T16:21:55.673793" elapsed="0.000641"/>
</kw>
<kw name="Set Variable" owner="BuiltIn">
<msg time="2025-09-26T16:21:55.675185" level="INFO">${user} = {'id': 5, 'name': 'Chelsey Dietrich', 'username': 'Kamren', 'email': 'Lucio_Hettinger@annie.ca', 'address': {'street': 'Skiles Walks', 'suite': 'Suite 351', 'city': 'Roscoeview', 'zipcode': '33263', '...</msg>
<var>${user}</var>
<arg>${users}[${user_index}]</arg>
<doc>Returns the given values which can then be assigned to a variables.</doc>
<status status="PASS" start="2025-09-26T16:21:55.674710" elapsed="0.000546"/>
</kw>
<kw name="Click Element" owner="SeleniumLibrary">
<msg time="2025-09-26T16:21:55.676045" level="INFO">Clicking element 'xpath=(//table//tbody//tr)[1]//td//div[contains(@class,"MuiAvatar-colorDefault") and text()]'.</msg>
<arg>xpath=(//table//tbody//tr)[${row}]//td//div[contains(@class,"MuiAvatar-colorDefault") and text()]</arg>
<doc>Click the element identified by ``locator``.</doc>
<status status="PASS" start="2025-09-26T16:21:55.675515" elapsed="0.120270"/>
</kw>
<kw name="Wait Until Element Is Visible" owner="SeleniumLibrary">
<arg>${first_name_field}</arg>
<arg>5s</arg>
<doc>Waits until the element ``locator`` is visible.</doc>
<status status="PASS" start="2025-09-26T16:21:55.796052" elapsed="0.255071"/>
</kw>
<kw name="Get Element Attribute" owner="SeleniumLibrary">
<msg time="2025-09-26T16:21:56.072483" level="INFO">${first_name_field_value} = Chelsey</msg>
<var>${first_name_field_value}</var>
<arg>${first_name_field}</arg>
<arg>value</arg>
<doc>Returns the value of ``attribute`` from the element ``locator``.</doc>
<status status="PASS" start="2025-09-26T16:21:56.051546" elapsed="0.021024"/>
</kw>
<kw name="Should Be Equal" owner="BuiltIn">
<arg>${first_name_field_value}</arg>
<arg>${user['name'].split(" ")[0]}</arg>
<doc>Fails if the given objects are unequal.</doc>
<status status="PASS" start="2025-09-26T16:21:56.072895" elapsed="0.001446"/>
</kw>
<kw name="Log To Console" owner="BuiltIn">
<arg>FIRST_NAME: ${first_name_field_value}</arg>
<doc>Logs the given message to the console.</doc>
<status status="PASS" start="2025-09-26T16:21:56.074740" elapsed="0.000481"/>
</kw>
<kw name="Get Element Attribute" owner="SeleniumLibrary">
<msg time="2025-09-26T16:21:56.098028" level="INFO">${last_name_field_value} = Dietrich</msg>
<var>${last_name_field_value}</var>
<arg>${last_name_field}</arg>
<arg>value</arg>
<doc>Returns the value of ``attribute`` from the element ``locator``.</doc>
<status status="PASS" start="2025-09-26T16:21:56.075517" elapsed="0.022572"/>
</kw>
<kw name="Should Be Equal" owner="BuiltIn">
<arg>${last_name_field_value}</arg>
<arg>${user['name'].split(" ")[1]}</arg>
<doc>Fails if the given objects are unequal.</doc>
<status status="PASS" start="2025-09-26T16:21:56.098329" elapsed="0.000774"/>
</kw>
<kw name="Log To Console" owner="BuiltIn">
<arg>LAST_NAME: ${last_name_field_value}</arg>
<doc>Logs the given message to the console.</doc>
<status status="PASS" start="2025-09-26T16:21:56.099299" elapsed="0.000196"/>
</kw>
<kw name="Get Element Attribute" owner="SeleniumLibrary">
<msg time="2025-09-26T16:21:56.118235" level="INFO">${email_field_value} = Lucio_Hettinger@annie.ca</msg>
<var>${email_field_value}</var>
<arg>${email_field}</arg>
<arg>value</arg>
<doc>Returns the value of ``attribute`` from the element ``locator``.</doc>
<status status="PASS" start="2025-09-26T16:21:56.099626" elapsed="0.018673"/>
</kw>
<kw name="Should Be Equal" owner="BuiltIn">
<arg>${email_field_value}</arg>
<arg>${user['email']}</arg>
<doc>Fails if the given objects are unequal.</doc>
<status status="PASS" start="2025-09-26T16:21:56.118539" elapsed="0.000857"/>
</kw>
<kw name="Log To Console" owner="BuiltIn">
<arg>Email: ${email_field_value}</arg>
<doc>Logs the given message to the console.</doc>
<status status="PASS" start="2025-09-26T16:21:56.119541" elapsed="0.000230"/>
</kw>
<kw name="Get Element Attribute" owner="SeleniumLibrary">
<msg time="2025-09-26T16:21:56.137324" level="INFO">${city_field_value} = Roscoeview</msg>
<var>${city_field_value}</var>
<arg>${city_field}</arg>
<arg>value</arg>
<doc>Returns the value of ``attribute`` from the element ``locator``.</doc>
<status status="PASS" start="2025-09-26T16:21:56.119910" elapsed="0.017478"/>
</kw>
<kw name="Should Be Equal" owner="BuiltIn">
<arg>${city_field_value}</arg>
<arg>${user['address']['city']}</arg>
<doc>Fails if the given objects are unequal.</doc>
<status status="PASS" start="2025-09-26T16:21:56.137620" elapsed="0.000844"/>
</kw>
<kw name="Log To Console" owner="BuiltIn">
<arg>City: ${city_field_value}</arg>
<doc>Logs the given message to the console.</doc>
<status status="PASS" start="2025-09-26T16:21:56.138607" elapsed="0.000233"/>
</kw>
<kw name="Get Element Attribute" owner="SeleniumLibrary">
<msg time="2025-09-26T16:21:56.154521" level="INFO">${zipcode_field_value} = 33263</msg>
<var>${zipcode_field_value}</var>
<arg>${zip_code_field}</arg>
<arg>value</arg>
<doc>Returns the value of ``attribute`` from the element ``locator``.</doc>
<status status="PASS" start="2025-09-26T16:21:56.138979" elapsed="0.015602"/>
</kw>
<kw name="Should Be Equal" owner="BuiltIn">
<arg>${zipcode_field_value}</arg>
<arg>${user['address']['zipcode']}</arg>
<doc>Fails if the given objects are unequal.</doc>
<status status="PASS" start="2025-09-26T16:21:56.154817" elapsed="0.000775"/>
</kw>
<kw name="Log To Console" owner="BuiltIn">
<arg>Zipcode: ${zipcode_field_value}</arg>
<doc>Logs the given message to the console.</doc>
<status status="PASS" start="2025-09-26T16:21:56.155743" elapsed="0.000216"/>
</kw>
<kw name="Go To Customer Page">
<kw name="Click Element" owner="SeleniumLibrary">
<msg time="2025-09-26T16:21:56.157581" level="INFO">Clicking element '//a[@href="#/customers"]'.</msg>
<arg>${navigate_to_customer}</arg>
<doc>Click the element identified by ``locator``.</doc>
<status status="PASS" start="2025-09-26T16:21:56.157130" elapsed="0.087015"/>
</kw>
<kw name="Sleep" owner="BuiltIn">
<msg time="2025-09-26T16:21:58.244749" level="INFO">Slept 2 seconds.</msg>
<arg>2s</arg>
<doc>Pauses the test executed for the given time.</doc>
<status status="PASS" start="2025-09-26T16:21:56.244371" elapsed="2.000620"/>
</kw>
<status status="PASS" start="2025-09-26T16:21:56.156139" elapsed="2.089081"/>
</kw>
<var name="${row}">1</var>
<status status="PASS" start="2025-09-26T16:21:55.673483" elapsed="2.571843"/>
</iter>
<iter>
<kw name="Evaluate" owner="BuiltIn">
<msg time="2025-09-26T16:21:58.246688" level="INFO">${user_index} = 3</msg>
<var>${user_index}</var>
<arg>5 - ${row}</arg>
<doc>Evaluates the given expression in Python and returns the result.</doc>
<status status="PASS" start="2025-09-26T16:21:58.246104" elapsed="0.000656"/>
</kw>
<kw name="Set Variable" owner="BuiltIn">
<msg time="2025-09-26T16:21:58.247472" level="INFO">${user} = {'id': 4, 'name': 'Patricia Lebsack', 'username': 'Karianne', 'email': 'Julianne.OConner@kory.org', 'address': {'street': 'Hoeger Mall', 'suite': 'Apt. 692', 'city': 'South Elvis', 'zipcode': '53919-4...</msg>
<var>${user}</var>
<arg>${users}[${user_index}]</arg>
<doc>Returns the given values which can then be assigned to a variables.</doc>
<status status="PASS" start="2025-09-26T16:21:58.247006" elapsed="0.000535"/>
</kw>
<kw name="Click Element" owner="SeleniumLibrary">
<msg time="2025-09-26T16:21:58.248294" level="INFO">Clicking element 'xpath=(//table//tbody//tr)[2]//td//div[contains(@class,"MuiAvatar-colorDefault") and text()]'.</msg>
<arg>xpath=(//table//tbody//tr)[${row}]//td//div[contains(@class,"MuiAvatar-colorDefault") and text()]</arg>
<doc>Click the element identified by ``locator``.</doc>
<status status="PASS" start="2025-09-26T16:21:58.247807" elapsed="0.123032"/>
</kw>
<kw name="Wait Until Element Is Visible" owner="SeleniumLibrary">
<arg>${first_name_field}</arg>
<arg>5s</arg>
<doc>Waits until the element ``locator`` is visible.</doc>
<status status="PASS" start="2025-09-26T16:21:58.371065" elapsed="0.248863"/>
</kw>
<kw name="Get Element Attribute" owner="SeleniumLibrary">
<msg time="2025-09-26T16:21:58.644813" level="INFO">${first_name_field_value} = Patricia</msg>
<var>${first_name_field_value}</var>
<arg>${first_name_field}</arg>
<arg>value</arg>
<doc>Returns the value of ``attribute`` from the element ``locator``.</doc>
<status status="PASS" start="2025-09-26T16:21:58.620364" elapsed="0.024565"/>
</kw>
<kw name="Should Be Equal" owner="BuiltIn">
<arg>${first_name_field_value}</arg>
<arg>${user['name'].split(" ")[0]}</arg>
<doc>Fails if the given objects are unequal.</doc>
<status status="PASS" start="2025-09-26T16:21:58.645336" elapsed="0.001678"/>
</kw>
<kw name="Log To Console" owner="BuiltIn">
<arg>FIRST_NAME: ${first_name_field_value}</arg>
<doc>Logs the given message to the console.</doc>
<status status="PASS" start="2025-09-26T16:21:58.647324" elapsed="0.000484"/>
</kw>
<kw name="Get Element Attribute" owner="SeleniumLibrary">
<msg time="2025-09-26T16:21:58.667255" level="INFO">${last_name_field_value} = Lebsack</msg>
<var>${last_name_field_value}</var>
<arg>${last_name_field}</arg>
<arg>value</arg>
[...]
</kw>
<kw name="Evaluate" owner="BuiltIn">
<msg time="2025-09-26T16:22:38.618417" level="INFO">${full_name} = 
Mervin Smith</msg>
<var>${full_name}</var>
<arg>'''${clean_name}'''[1:]</arg>
<doc>Evaluates the given expression in Python and returns the result.</doc>
<status status="PASS" start="2025-09-26T16:22:38.618104" elapsed="0.000353"/>
</kw>
<kw name="Get Text" owner="SeleniumLibrary">
<msg time="2025-09-26T16:22:38.640530" level="INFO">${last_seen} = 9/24/2025</msg>
<var>${last_seen}</var>
<arg>xpath=(//table//tbody/tr)[${row_index}]/td[3]</arg>
<doc>Returns the text value of the element identified by ``locator``.</doc>
<status status="PASS" start="2025-09-26T16:22:38.618609" elapsed="0.021974"/>
</kw>
<kw name="Get Text" owner="SeleniumLibrary">
<msg time="2025-09-26T16:22:38.664784" level="INFO">${orders} = 0</msg>
<var>${orders}</var>
<arg>xpath=(//table//tbody/tr)[${row_index}]/td[4]</arg>
<doc>Returns the text value of the element identified by ``locator``.</doc>
<status status="PASS" start="2025-09-26T16:22:38.640793" elapsed="0.024060"/>
</kw>
<kw name="Get Text" owner="SeleniumLibrary">
<msg time="2025-09-26T16:22:38.685968" level="INFO">${total_spent} = $0.00</msg>
<var>${total_spent}</var>
<arg>xpath=(//table//tbody/tr)[${row_index}]/td[5]</arg>
<doc>Returns the text value of the element identified by ``locator``.</doc>
<status status="PASS" start="2025-09-26T16:22:38.665094" elapsed="0.020928"/>
</kw>
<kw name="Get Text" owner="SeleniumLibrary">
<msg time="2025-09-26T16:22:38.709884" level="INFO">${latest_purchase} = </msg>
<var>${latest_purchase}</var>
<arg>xpath=(//table//tbody/tr)[${row_index}]/td[6]</arg>
<doc>Returns the text value of the element identified by ``locator``.</doc>
<status status="PASS" start="2025-09-26T16:22:38.686215" elapsed="0.023786"/>
</kw>
<kw name="Get Text" owner="SeleniumLibrary">
<msg time="2025-09-26T16:22:38.737632" level="INFO">${news} = </msg>
<var>${news}</var>
<arg>xpath=(//table//tbody/tr)[${row_index}]/td[7]</arg>
<doc>Returns the text value of the element identified by ``locator``.</doc>
<status status="PASS" start="2025-09-26T16:22:38.710413" elapsed="0.027342"/>
</kw>
<kw name="Get Text" owner="SeleniumLibrary">
<msg time="2025-09-26T16:22:38.763807" level="INFO">${segment} = </msg>
<var>${segment}</var>
<arg>xpath=(//table//tbody/tr)[${row_index}]/td[8]</arg>
<doc>Returns the text value of the element identified by ``locator``.</doc>
<status status="PASS" start="2025-09-26T16:22:38.738117" elapsed="0.025787"/>
</kw>
<kw name="Log To Console" owner="BuiltIn">
<arg>Name: ${full_name}</arg>
<doc>Logs the given message to the console.</doc>
<status status="PASS" start="2025-09-26T16:22:38.764237" elapsed="0.000448"/>
</kw>
<kw name="Log To Console" owner="BuiltIn">
<arg>Last Seen: ${last_seen}</arg>
<doc>Logs the given message to the console.</doc>
<status status="PASS" start="2025-09-26T16:22:38.764937" elapsed="0.000383"/>
</kw>
<kw name="Log To Console" owner="BuiltIn">
<arg>Orders: ${orders}</arg>
<doc>Logs the given message to the console.</doc>
<status status="PASS" start="2025-09-26T16:22:38.765555" elapsed="0.000367"/>
</kw>
<kw name="Log To Console" owner="BuiltIn">
<arg>Total Spent: $${total_spent}</arg>
<doc>Logs the given message to the console.</doc>
<status status="PASS" start="2025-09-26T16:22:38.766150" elapsed="0.000363"/>
</kw>
<kw name="Log To Console" owner="BuiltIn">
<arg>Latest Purchase: ${latest_purchase}</arg>
<doc>Logs the given message to the console.</doc>
<status status="PASS" start="2025-09-26T16:22:38.766882" elapsed="0.000380"/>
</kw>
<kw name="Log To Console" owner="BuiltIn">
<arg>News: ${news}</arg>
<doc>Logs the given message to the console.</doc>
<status status="PASS" start="2025-09-26T16:22:38.767505" elapsed="0.000389"/>
</kw>
<kw name="Log To Console" owner="BuiltIn">
<arg>Segment: ${segment}</arg>
<doc>Logs the given message to the console.</doc>
<status status="PASS" start="2025-09-26T16:22:38.768148" elapsed="0.000379"/>
</kw>
<var name="${row_index}">22</var>
<status status="PASS" start="2025-09-26T16:22:38.589130" elapsed="0.179520"/>
</iter>
<iter>
<kw name="Log To Console" owner="BuiltIn">
<arg>===== User ${row_index} =====</arg>
<doc>Logs the given message to the console.</doc>
<status status="PASS" start="2025-09-26T16:22:38.769307" elapsed="0.000438"/>
</kw>
<kw name="Get Text" owner="SeleniumLibrary">
<msg time="2025-09-26T16:22:38.797977" level="INFO">${name} = A
Abel Tremblay</msg>
<var>${name}</var>
<arg>xpath=(//table//tbody/tr)[${row_index}]/td[2]</arg>
<doc>Returns the text value of the element identified by ``locator``.</doc>
<status status="PASS" start="2025-09-26T16:22:38.770003" elapsed="0.028043"/>
</kw>
<kw name="Evaluate" owner="BuiltIn">
<msg time="2025-09-26T16:22:38.798648" level="INFO">${clean_name} = A
Abel Tremblay</msg>
<var>${clean_name}</var>
<arg>'''${name}'''.strip()</arg>
<doc>Evaluates the given expression in Python and returns the result.</doc>
<status status="PASS" start="2025-09-26T16:22:38.798270" elapsed="0.000427"/>
</kw>
<kw name="Evaluate" owner="BuiltIn">
<msg time="2025-09-26T16:22:38.799201" level="INFO">${full_name} = 
Abel Tremblay</msg>
<var>${full_name}</var>
<arg>'''${clean_name}'''[1:]</arg>
<doc>Evaluates the given expression in Python and returns the result.</doc>
<status status="PASS" start="2025-09-26T16:22:38.798888" elapsed="0.000353"/>
</kw>
<kw name="Get Text" owner="SeleniumLibrary">
<msg time="2025-09-26T16:22:38.824735" level="INFO">${last_seen} = 9/24/2025</msg>
<var>${last_seen}</var>
<arg>xpath=(//table//tbody/tr)[${row_index}]/td[3]</arg>
<doc>Returns the text value of the element identified by ``locator``.</doc>
<status status="PASS" start="2025-09-26T16:22:38.799412" elapsed="0.025428"/>
</kw>
<kw name="Get Text" owner="SeleniumLibrary">
<msg time="2025-09-26T16:22:38.851679" level="INFO">${orders} = 0</msg>
<var>${orders}</var>
<arg>xpath=(//table//tbody/tr)[${row_index}]/td[4]</arg>
<doc>Returns the text value of the element identified by ``locator``.</doc>
<status status="PASS" start="2025-09-26T16:22:38.825244" elapsed="0.026508"/>
</kw>
<kw name="Get Text" owner="SeleniumLibrary">
<msg time="2025-09-26T16:22:38.879413" level="INFO">${total_spent} = $0.00</msg>
<var>${total_spent}</var>
<arg>xpath=(//table//tbody/tr)[${row_index}]/td[5]</arg>
<doc>Returns the text value of the element identified by ``locator``.</doc>
<status status="PASS" start="2025-09-26T16:22:38.852034" elapsed="0.027478"/>
</kw>
<kw name="Get Text" owner="SeleniumLibrary">
<msg time="2025-09-26T16:22:38.907207" level="INFO">${latest_purchase} = </msg>
<var>${latest_purchase}</var>
<arg>xpath=(//table//tbody/tr)[${row_index}]/td[6]</arg>
<doc>Returns the text value of the element identified by ``locator``.</doc>
<status status="PASS" start="2025-09-26T16:22:38.879880" elapsed="0.027436"/>
</kw>
<kw name="Get Text" owner="SeleniumLibrary">
<msg time="2025-09-26T16:22:38.936220" level="INFO">${news} = </msg>
<var>${news}</var>
<arg>xpath=(//table//tbody/tr)[${row_index}]/td[7]</arg>
<doc>Returns the text value of the element identified by ``locator``.</doc>
<status status="PASS" start="2025-09-26T16:22:38.907714" elapsed="0.028603"/>
</kw>
<kw name="Get Text" owner="SeleniumLibrary">
<msg time="2025-09-26T16:22:38.960553" level="INFO">${segment} = </msg>
<var>${segment}</var>
<arg>xpath=(//table//tbody/tr)[${row_index}]/td[8]</arg>
<doc>Returns the text value of the element identified by ``locator``.</doc>
<status status="PASS" start="2025-09-26T16:22:38.936683" elapsed="0.023985"/>
</kw>
<kw name="Log To Console" owner="BuiltIn">
<arg>Name: ${full_name}</arg>
<doc>Logs the given message to the console.</doc>
<status status="PASS" start="2025-09-26T16:22:38.961009" elapsed="0.000474"/>
</kw>
<kw name="Log To Console" owner="BuiltIn">
<arg>Last Seen: ${last_seen}</arg>
<doc>Logs the given message to the console.</doc>
<status status="PASS" start="2025-09-26T16:22:38.961820" elapsed="0.000408"/>
</kw>
<kw name="Log To Console" owner="BuiltIn">
<arg>Orders: ${orders}</arg>
<doc>Logs the given message to the console.</doc>
<status status="PASS" start="2025-09-26T16:22:38.962472" elapsed="0.000377"/>
</kw>
<kw name="Log To Console" owner="BuiltIn">
<arg>Total Spent: $${total_spent}</arg>
<doc>Logs the given message to the console.</doc>
<status status="PASS" start="2025-09-26T16:22:38.963087" elapsed="0.000356"/>
</kw>
<kw name="Log To Console" owner="BuiltIn">
<arg>Latest Purchase: ${latest_purchase}</arg>
<doc>Logs the given message to the console.</doc>
<status status="PASS" start="2025-09-26T16:22:38.963690" elapsed="0.000378"/>
</kw>
<kw name="Log To Console" owner="BuiltIn">
<arg>News: ${news}</arg>
<doc>Logs the given message to the console.</doc>
<status status="PASS" start="2025-09-26T16:22:38.964298" elapsed="0.000372"/>
</kw>
<kw name="Log To Console" owner="BuiltIn">
<arg>Segment: ${segment}</arg>
<doc>Logs the given message to the console.</doc>
<status status="PASS" start="2025-09-26T16:22:38.964917" elapsed="0.000365"/>
</kw>
<var name="${row_index}">23</var>
<status status="PASS" start="2025-09-26T16:22:38.769096" elapsed="0.196302"/>
</iter>
<iter>
<kw name="Log To Console" owner="BuiltIn">
<arg>===== User ${row_index} =====</arg>
<doc>Logs the given message to the console.</doc>
<status status="PASS" start="2025-09-26T16:22:38.966110" elapsed="0.000474"/>
</kw>
<kw name="Get Text" owner="SeleniumLibrary">
<msg time="2025-09-26T16:22:38.992818" level="INFO">${name} = I
Ivory Nolan</msg>
<var>${name}</var>
<arg>xpath=(//table//tbody/tr)[${row_index}]/td[2]</arg>
<doc>Returns the text value of the element identified by ``locator``.</doc>
<status status="PASS" start="2025-09-26T16:22:38.966920" elapsed="0.026024"/>
</kw>
<kw name="Evaluate" owner="BuiltIn">
<msg time="2025-09-26T16:22:38.993992" level="INFO">${clean_name} = I
Ivory Nolan</msg>
<var>${clean_name}</var>
<arg>'''${name}'''.strip()</arg>
<doc>Evaluates the given expression in Python and returns the result.</doc>
<status status="PASS" start="2025-09-26T16:22:38.993350" elapsed="0.000727"/>
</kw>
<kw name="Evaluate" owner="BuiltIn">
<msg time="2025-09-26T16:22:38.995035" level="INFO">${full_name} = 
Ivory Nolan</msg>
<var>${full_name}</var>
<arg>'''${clean_name}'''[1:]</arg>
<doc>Evaluates the given expression in Python and returns the result.</doc>
<status status="PASS" start="2025-09-26T16:22:38.994403" elapsed="0.000712"/>
</kw>
<kw name="Get Text" owner="SeleniumLibrary">
<msg time="2025-09-26T16:22:39.019088" level="INFO">${last_seen} = 9/24/2025</msg>
<var>${last_seen}</var>
<arg>xpath=(//table//tbody/tr)[${row_index}]/td[3]</arg>
<doc>Returns the text value of the element identified by ``locator``.</doc>
<status status="PASS" start="2025-09-26T16:22:38.995428" elapsed="0.023757"/>
</kw>
<kw name="Get Text" owner="SeleniumLibrary">
<msg time="2025-09-26T16:22:39.041858" level="INFO">${orders} = 0</msg>
<var>${orders}</var>
<arg>xpath=(//table//tbody/tr)[${row_index}]/td[4]</arg>
<doc>Returns the text value of the element identified by ``locator``.</doc>
<status status="PASS" start="2025-09-26T16:22:39.019530" elapsed="0.022425"/>
</kw>
<kw name="Get Text" owner="SeleniumLibrary">
<msg time="2025-09-26T16:22:39.069409" level="INFO">${total_spent} = $0.00</msg>
<var>${total_spent}</var>
<arg>xpath=(//table//tbody/tr)[${row_index}]/td[5]</arg>
<doc>Returns the text value of the element identified by ``locator``.</doc>
<status status="PASS" start="2025-09-26T16:22:39.042298" elapsed="0.027168"/>
</kw>
<kw name="Get Text" owner="SeleniumLibrary">
<msg time="2025-09-26T16:22:39.097947" level="INFO">${latest_purchase} = </msg>
<var>${latest_purchase}</var>
<arg>xpath=(//table//tbody/tr)[${row_index}]/td[6]</arg>
<doc>Returns the text value of the element identified by ``locator``.</doc>
<status status="PASS" start="2025-09-26T16:22:39.069749" elapsed="0.028311"/>
</kw>
<kw name="Get Text" owner="SeleniumLibrary">
<msg time="2025-09-26T16:22:39.129595" level="INFO">${news} = </msg>
<var>${news}</var>
<arg>xpath=(//table//tbody/tr)[${row_index}]/td[7]</arg>
<doc>Returns the text value of the element identified by ``locator``.</doc>
<status status="PASS" start="2025-09-26T16:22:39.098450" elapsed="0.031268"/>
</kw>
<kw name="Get Text" owner="SeleniumLibrary">
<msg time="2025-09-26T16:22:39.153457" level="INFO">${segment} = </msg>
<var>${segment}</var>
<arg>xpath=(//table//tbody/tr)[${row_index}]/td[8]</arg>
<doc>Returns the text value of the element identified by ``locator``.</doc>
<status status="PASS" start="2025-09-26T16:22:39.130079" elapsed="0.023474"/>
</kw>
<kw name="Log To Console" owner="BuiltIn">
<arg>Name: ${full_name}</arg>
<doc>Logs the given message to the console.</doc>
<status status="PASS" start="2025-09-26T16:22:39.153915" elapsed="0.000444"/>
</kw>
<kw name="Log To Console" owner="BuiltIn">
<arg>Last Seen: ${last_seen}</arg>
<doc>Logs the given message to the console.</doc>
<status status="PASS" start="2025-09-26T16:22:39.154609" elapsed="0.000390"/>
</kw>
<kw name="Log To Console" owner="BuiltIn">
<arg>Orders: ${orders}</arg>
<doc>Logs the given message to the console.</doc>
<status status="PASS" start="2025-09-26T16:22:39.155240" elapsed="0.000354"/>
</kw>
<kw name="Log To Console" owner="BuiltIn">
<arg>Total Spent: $${total_spent}</arg>
<doc>Logs the given message to the console.</doc>
<status status="PASS" start="2025-09-26T16:22:39.155851" elapsed="0.000358"/>
</kw>
<kw name="Log To Console" owner="BuiltIn">
<arg>Latest Purchase: ${latest_purchase}</arg>
<doc>Logs the given message to the console.</doc>
<status status="PASS" start="2025-09-26T16:22:39.156443" elapsed="0.000368"/>
</kw>
<kw name="Log To Console" owner="BuiltIn">
<arg>News: ${news}</arg>
<doc>Logs the given message to the console.</doc>
<status status="PASS" start="2025-09-26T16:22:39.157050" elapsed="0.000362"/>
</kw>
<kw name="Log To Console" owner="BuiltIn">
<arg>Segment: ${segment}</arg>
<doc>Logs the given message to the console.</doc>
<status status="PASS" start="2025-09-26T16:22:39.157669" elapsed="0.000362"/>
</kw>
<var name="${row_index}">24</var>
<status status="PASS" start="2025-09-26T16:22:38.965881" elapsed="0.192263"/>
</iter>
<iter>
<kw name="Log To Console" owner="BuiltIn">
<arg>===== User ${row_index} =====</arg>
<doc>Logs the given message to the console.</doc>
<status status="PASS" start="2025-09-26T16:22:39.158910" elapsed="0.000543"/>
</kw>
<kw name="Get Text" owner="SeleniumLibrary">
<msg time="2025-09-26T16:22:39.188041" level="INFO">${name} = Maddison Reichel</msg>
<var>${name}</var>
<arg>xpath=(//table//tbody/tr)[${row_index}]/td[2]</arg>
<doc>Returns the text value of the element identified by ``locator``.</doc>
<status status="PASS" start="2025-09-26T16:22:39.159823" elapsed="0.028328"/>
</kw>
<kw name="Evaluate" owner="BuiltIn">
<msg time="2025-09-26T16:22:39.188946" level="INFO">${clean_name} = Maddison Reichel</msg>
<var>${clean_name}</var>
<arg>'''${name}'''.strip()</arg>
<doc>Evaluates the given expression in Python and returns the result.</doc>
<status status="PASS" start="2025-09-26T16:22:39.188539" elapsed="0.000450"/>
</kw>
<kw name="Evaluate" owner="BuiltIn">
<msg time="2025-09-26T16:22:39.189418" level="INFO">${full_name} = addison Reichel</msg>
<var>${full_name}</var>
<arg>'''${clean_name}'''[1:]</arg>
<doc>Evaluates the given expression in Python and returns the result.</doc>
<status status="PASS" start="2025-09-26T16:22:39.189152" elapsed="0.000303"/>
</kw>
<kw name="Get Text" owner="SeleniumLibrary">
<msg time="2025-09-26T16:22:39.213901" level="INFO">${last_seen} = 9/24/2025</msg>
<var>${last_seen}</var>
<arg>xpath=(//table//tbody/tr)[${row_index}]/td[3]</arg>
<doc>Returns the text value of the element identified by ``locator``.</doc>
<status status="PASS" start="2025-09-26T16:22:39.189590" elapsed="0.024369"/>
</kw>
<kw name="Get Text" owner="SeleniumLibrary">
<msg time="2025-09-26T16:22:39.234250" level="INFO">${orders} = 1</msg>
<var>${orders}</var>
<arg>xpath=(//table//tbody/tr)[${row_index}]/td[4]</arg>
<doc>Returns the text value of the element identified by ``locator``.</doc>
<status status="PASS" start="2025-09-26T16:22:39.214173" elapsed="0.020132"/>
</kw>
<kw name="Get Text" owner="SeleniumLibrary">
<msg time="2025-09-26T16:22:39.257324" level="INFO">${total_spent} = $39.49</msg>
<var>${total_spent}</var>
<arg>xpath=(//table//tbody/tr)[${row_index}]/td[5]</arg>
<doc>Returns the text value of the element identified by ``locator``.</doc>
<status status="PASS" start="2025-09-26T16:22:39.234492" elapsed="0.022946"/>
</kw>
<kw name="Get Text" owner="SeleniumLibrary">
<msg time="2025-09-26T16:22:39.281926" level="INFO">${latest_purchase} = 4/6/2025, 2:55:10 PM</msg>
<var>${latest_purchase}</var>
<arg>xpath=(//table//tbody/tr)[${row_index}]/td[6]</arg>
<doc>Returns the text value of the element identified by ``locator``.</doc>
<status status="PASS" start="2025-09-26T16:22:39.257852" elapsed="0.024168"/>
</kw>
<kw name="Get Text" owner="SeleniumLibrary">
<msg time="2025-09-26T16:22:39.306501" level="INFO">${news} = </msg>
<var>${news}</var>
<arg>xpath=(//table//tbody/tr)[${row_index}]/td[7]</arg>
<doc>Returns the text value of the element identified by ``locator``.</doc>
<status status="PASS" start="2025-09-26T16:22:39.282353" elapsed="0.024245"/>
</kw>
<kw name="Get Text" owner="SeleniumLibrary">
<msg time="2025-09-26T16:22:39.333796" level="INFO">${segment} = </msg>
<var>${segment}</var>
<arg>xpath=(//table//tbody/tr)[${row_index}]/td[8]</arg>
<doc>Returns the text value of the element identified by ``locator``.</doc>
<status status="PASS" start="2025-09-26T16:22:39.306956" elapsed="0.026901"/>
</kw>
<kw name="Log To Console" owner="BuiltIn">
<arg>Name: ${full_name}</arg>
<doc>Logs the given message to the console.</doc>
<status status="PASS" start="2025-09-26T16:22:39.334076" elapsed="0.000301"/>
</kw>
<kw name="Log To Console" owner="BuiltIn">
<arg>Last Seen: ${last_seen}</arg>
<doc>Logs the given message to the console.</doc>
<status status="PASS" start="2025-09-26T16:22:39.334552" elapsed="0.000247"/>
</kw>
<kw name="Log To Console" owner="BuiltIn">
<arg>Orders: ${orders}</arg>
<doc>Logs the given message to the console.</doc>
<status status="PASS" start="2025-09-26T16:22:39.334933" elapsed="0.000168"/>
</kw>
<kw name="Log To Console" owner="BuiltIn">
<arg>Total Spent: $${total_spent}</arg>
<doc>Logs the given message to the console.</doc>
<status status="PASS" start="2025-09-26T16:22:39.335205" elapsed="0.000151"/>
</kw>
<kw name="Log To Console" owner="BuiltIn">
<arg>Latest Purchase: ${latest_purchase}</arg>
<doc>Logs the given message to the console.</doc>
<status status="PASS" start="2025-09-26T16:22:39.335462" elapsed="0.000148"/>
</kw>
<kw name="Log To Console" owner="BuiltIn">
<arg>News: ${news}</arg>
<doc>Logs the given message to the console.</doc>
<status status="PASS" start="2025-09-26T16:22:39.335788" elapsed="0.000174"/>
</kw>
<kw name="Log To Console" owner="BuiltIn">
<arg>Segment: ${segment}</arg>
<doc>Logs the given message to the console.</doc>
<status status="PASS" start="2025-09-26T16:22:39.336066" elapsed="0.000157"/>
</kw>
<var name="${row_index}">25</var>
<status status="PASS" start="2025-09-26T16:22:39.158630" elapsed="0.177640"/>
</iter>
<var>${row_index}</var>
<value>1</value>
<value>${row_count + 1}</value>
<status status="PASS" start="2025-09-26T16:22:34.679552" elapsed="4.656784"/>
</for>
<status status="PASS" start="2025-09-26T16:22:34.616613" elapsed="4.719830"/>
</kw>
<doc>Print All users in table</doc>
<status status="PASS" start="2025-09-26T16:22:32.503534" elapsed="6.833058"/>
</test>
<status status="PASS" start="2025-09-26T16:21:33.564204" elapsed="65.772956"/>
</suite>
<statistics>
<total>
<stat pass="4" fail="0" skip="0">All Tests</stat>
</total>
<tag>
</tag>
<suite>
<stat name="Test" id="s1" pass="4" fail="0" skip="0">Test</stat>
</suite>
</statistics>
<errors>
</errors>
</robot>
