<?xml version="1.0" encoding="UTF-8"?>
<robot generator="Robot 7.3.2 (Python 3.12.3 on linux)" generated="2025-09-26T14:46:49.308659" rpa="false" schemaversion="5">
<suite id="s1" name="Test" source="/home/citco/Desktop/QA_DAY_3/Tests/test.robot">
<test id="s1-t1" name="Test-0001" line="16">
<kw name="Launch Browser">
<kw name="Open Browser" owner="SeleniumLibrary">
<msg time="2025-09-26T14:46:49.483358" level="INFO">Opening browser 'chrome' to base url 'https://marmelab.com/react-admin-demo/#/login'.</msg>
<arg>${loginPageUrl}</arg>
<arg>chrome</arg>
<doc>Opens a new browser instance to the optional ``url``.</doc>
<status status="PASS" start="2025-09-26T14:46:49.482878" elapsed="2.152975"/>
</kw>
<arg>${url}</arg>
<status status="PASS" start="2025-09-26T14:46:49.482007" elapsed="2.154123"/>
</kw>
<kw name="Wait Until Element Is Visible" owner="SeleniumLibrary">
<arg>${usernameField}</arg>
<arg>10s</arg>
<doc>Waits until the element ``locator`` is visible.</doc>
<status status="PASS" start="2025-09-26T14:46:51.636391" elapsed="1.374397"/>
</kw>
<kw name="Login">
<kw name="Wait Until Element Is Visible" owner="SeleniumLibrary">
<arg>${usernameField}</arg>
<arg>5s</arg>
<doc>Waits until the element ``locator`` is visible.</doc>
<status status="PASS" start="2025-09-26T14:46:53.012389" elapsed="0.024407"/>
</kw>
<kw name="Input Text" owner="SeleniumLibrary">
<msg time="2025-09-26T14:46:53.037377" level="INFO">Typing text 'admin' into text field '//input[@name='username']'.</msg>
<arg>${usernameField}</arg>
<arg>${usernameInput}</arg>
<doc>Types the given ``text`` into the text field identified by ``locator``.</doc>
<status status="PASS" start="2025-09-26T14:46:53.037035" elapsed="0.125554"/>
</kw>
<kw name="Input Text" owner="SeleniumLibrary">
<msg time="2025-09-26T14:46:53.163340" level="INFO">Typing text 'Admin123' into text field '//input[@name='password']'.</msg>
<arg>${passwordField}</arg>
<arg>${passwordInput}</arg>
<doc>Types the given ``text`` into the text field identified by ``locator``.</doc>
<status status="PASS" start="2025-09-26T14:46:53.162900" elapsed="0.110930"/>
</kw>
<kw name="Click Button" owner="SeleniumLibrary">
<msg time="2025-09-26T14:46:53.274424" level="INFO">Clicking button '//button[text()='Sign in']'.</msg>
<arg>${sign_in_btn}</arg>
<doc>Clicks the button identified by ``locator``.</doc>
<status status="PASS" start="2025-09-26T14:46:53.274087" elapsed="0.129810"/>
</kw>
<arg>${username}</arg>
<arg>${password}</arg>
<status status="PASS" start="2025-09-26T14:46:53.011437" elapsed="0.392656"/>
</kw>
<kw name="Go To Create Customer">
<kw name="Click Element" owner="SeleniumLibrary">
<msg time="2025-09-26T14:46:53.405363" level="INFO">Clicking element '//a[@href="#/customers"]'.</msg>
<arg>${navigate_to_customer}</arg>
<doc>Click the element identified by ``locator``.</doc>
<status status="PASS" start="2025-09-26T14:46:53.404981" elapsed="0.213482"/>
</kw>
<kw name="Wait Until Element Is Visible" owner="SeleniumLibrary">
<arg>${create_customer_link}</arg>
<arg>10s</arg>
<doc>Waits until the element ``locator`` is visible.</doc>
<status status="PASS" start="2025-09-26T14:46:53.618694" elapsed="0.247061"/>
</kw>
<kw name="Click Element" owner="SeleniumLibrary">
<msg time="2025-09-26T14:46:53.866283" level="INFO">Clicking element '//a[@aria-label="Create"]'.</msg>
<arg>${create_customer_link}</arg>
<doc>Click the element identified by ``locator``.</doc>
<status status="PASS" start="2025-09-26T14:46:53.865980" elapsed="0.083618"/>
</kw>
<status status="PASS" start="2025-09-26T14:46:53.404439" elapsed="0.545381"/>
</kw>
<kw name="Create User">
<kw name="Get Users" owner="CustomerLibrary">
<msg time="2025-09-26T14:46:54.144725" level="INFO">/home/citco/myvirtualrobot/lib/python3.12/site-packages/urllib3/connectionpool.py:1097: InsecureRequestWarning: Unverified HTTPS request is being made to host 'jsonplaceholder.typicode.com'. Adding certificate verification is strongly advised. See: https://urllib3.readthedocs.io/en/latest/advanced-usage.html#tls-warnings
  warnings.warn(</msg>
<msg time="2025-09-26T14:46:54.145138" level="INFO">${users} = [{'id': 1, 'name': 'Leanne Graham', 'username': 'Bret', 'email': 'Sincere@april.biz', 'address': {'street': 'Kulas Light', 'suite': 'Apt. 556', 'city': 'Gwenborough', 'zipcode': '92998-3874', 'geo': {...</msg>
<var>${users}</var>
<status status="PASS" start="2025-09-26T14:46:53.950946" elapsed="0.194264"/>
</kw>
<for flavor="IN">
<iter>
<kw name="Generate Birthday" owner="CustomerLibrary">
<msg time="2025-09-26T14:46:54.146602" level="INFO">${birthday} = 04-27-1953</msg>
<var>${birthday}</var>
<status status="PASS" start="2025-09-26T14:46:54.146276" elapsed="0.000394"/>
</kw>
<kw name="Set Variable" owner="BuiltIn">
<msg time="2025-09-26T14:46:54.147934" level="INFO">${street} = Kulas Light</msg>
<var>${street}</var>
<arg>${user['address']['street']}</arg>
<doc>Returns the given values which can then be assigned to a variables.</doc>
<status status="PASS" start="2025-09-26T14:46:54.146904" elapsed="0.001097"/>
</kw>
<kw name="Set Variable" owner="BuiltIn">
<msg time="2025-09-26T14:46:54.149209" level="INFO">${city} = Gwenborough</msg>
<var>${city}</var>
<arg>${user['address']['city']}</arg>
<doc>Returns the given values which can then be assigned to a variables.</doc>
<status status="PASS" start="2025-09-26T14:46:54.148239" elapsed="0.001056"/>
</kw>
<kw name="Set Variable" owner="BuiltIn">
<msg time="2025-09-26T14:46:54.149969" level="INFO">${full_address} = Gwenborough Kulas Light</msg>
<var>${full_address}</var>
<arg>${city} ${street}</arg>
<doc>Returns the given values which can then be assigned to a variables.</doc>
<status status="PASS" start="2025-09-26T14:46:54.149549" elapsed="0.000478"/>
</kw>
<kw name="Set Variable" owner="BuiltIn">
<msg time="2025-09-26T14:46:54.150600" level="INFO">${state} = New York</msg>
<var>${state}</var>
<arg>New York</arg>
<doc>Returns the given values which can then be assigned to a variables.</doc>
<status status="PASS" start="2025-09-26T14:46:54.150253" elapsed="0.000425"/>
</kw>
<kw name="Set Variable" owner="BuiltIn">
<msg time="2025-09-26T14:46:54.152020" level="INFO">${password} = 113137162535</msg>
<var>${password}</var>
<arg>113137162535</arg>
<doc>Returns the given values which can then be assigned to a variables.</doc>
<status status="PASS" start="2025-09-26T14:46:54.151576" elapsed="0.000514"/>
</kw>
<kw name="Wait Until Element Is Visible" owner="SeleniumLibrary">
<arg>${first_name_field}</arg>
<arg>10s</arg>
<doc>Waits until the element ``locator`` is visible.</doc>
<status status="PASS" start="2025-09-26T14:46:54.152365" elapsed="0.026299"/>
</kw>
<kw name="Input Text" owner="SeleniumLibrary">
<msg time="2025-09-26T14:46:54.179814" level="INFO">Typing text 'Leanne' into text field '//input[@name="first_name"]'.</msg>
<arg>${first_name_field}</arg>
<arg>${user['name'].split(" ")[0]}</arg>
<doc>Types the given ``text`` into the text field identified by ``locator``.</doc>
<status status="PASS" start="2025-09-26T14:46:54.178934" elapsed="0.107510"/>
</kw>
<kw name="Get Element Attribute" owner="SeleniumLibrary">
<msg time="2025-09-26T14:46:54.303282" level="INFO">${first_name_field_value} = Leanne</msg>
<var>${first_name_field_value}</var>
<arg>${first_name_field}</arg>
<arg>value</arg>
<doc>Returns the value of ``attribute`` from the element ``locator``.</doc>
<status status="PASS" start="2025-09-26T14:46:54.286754" elapsed="0.016592"/>
</kw>
<kw name="Input Text" owner="SeleniumLibrary">
<msg time="2025-09-26T14:46:54.304575" level="INFO">Typing text 'Graham' into text field '//input[@name="last_name"]'.</msg>
<arg>${last_name_field}</arg>
<arg>${user['name'].split(" ")[1]}</arg>
<doc>Types the given ``text`` into the text field identified by ``locator``.</doc>
<status status="PASS" start="2025-09-26T14:46:54.303568" elapsed="0.109205"/>
</kw>
<kw name="Get Element Attribute" owner="SeleniumLibrary">
<msg time="2025-09-26T14:46:54.432305" level="INFO">${last_name_field_value} = Graham</msg>
<var>${last_name_field_value}</var>
<arg>${last_name_field}</arg>
<arg>value</arg>
<doc>Returns the value of ``attribute`` from the element ``locator``.</doc>
<status status="PASS" start="2025-09-26T14:46:54.413054" elapsed="0.019359"/>
</kw>
<kw name="Input Text" owner="SeleniumLibrary">
<msg time="2025-09-26T14:46:54.434703" level="INFO">Typing text 'Sincere@april.biz' into text field '//input[@name="email"]'.</msg>
<arg>${email_field}</arg>
<arg>${user['email']}</arg>
<doc>Types the given ``text`` into the text field identified by ``locator``.</doc>
<status status="PASS" start="2025-09-26T14:46:54.432922" elapsed="0.139617"/>
</kw>
<kw name="Get Element Attribute" owner="SeleniumLibrary">
<msg time="2025-09-26T14:46:54.587130" level="INFO">${email_field_value} = Sincere@april.biz</msg>
<var>${email_field_value}</var>
<arg>${email_field}</arg>
<arg>value</arg>
<doc>Returns the value of ``attribute`` from the element ``locator``.</doc>
<status status="PASS" start="2025-09-26T14:46:54.572863" elapsed="0.014381"/>
</kw>
<kw name="Input Text" owner="SeleniumLibrary">
<msg time="2025-09-26T14:46:54.588334" level="INFO">Typing text '04-27-1953' into text field '//input[@name="birthday"]'.</msg>
<arg>${birthday_field}</arg>
<arg>${birthday}</arg>
<doc>Types the given ``text`` into the text field identified by ``locator``.</doc>
<status status="PASS" start="2025-09-26T14:46:54.587619" elapsed="0.111569"/>
</kw>
<kw name="Input Text" owner="SeleniumLibrary">
<msg time="2025-09-26T14:46:54.699976" level="INFO">Typing text 'Gwenborough Kulas Light' into text field '//textarea[@name="address"]'.</msg>
<arg>${address_field}</arg>
<arg>${full_address}</arg>
<doc>Types the given ``text`` into the text field identified by ``locator``.</doc>
<status status="PASS" start="2025-09-26T14:46:54.699502" elapsed="0.162309"/>
</kw>
<kw name="Input Text" owner="SeleniumLibrary">
<msg time="2025-09-26T14:46:54.862537" level="INFO">Typing text 'Gwenborough' into text field '//input[@name="city"]'.</msg>
<arg>${city_field}</arg>
<arg>${city}</arg>
<doc>Types the given ``text`` into the text field identified by ``locator``.</doc>
<status status="PASS" start="2025-09-26T14:46:54.862102" elapsed="0.122679"/>
</kw>
<kw name="Get Element Attribute" owner="SeleniumLibrary">
<msg time="2025-09-26T14:46:55.002887" level="INFO">${city_field_value} = Gwenborough</msg>
<var>${city_field_value}</var>
<arg>${city_field}</arg>
<arg>value</arg>
<doc>Returns the value of ``attribute`` from the element ``locator``.</doc>
<status status="PASS" start="2025-09-26T14:46:54.985180" elapsed="0.017823"/>
</kw>
<kw name="Input Text" owner="SeleniumLibrary">
<msg time="2025-09-26T14:46:55.004024" level="INFO">Typing text 'New York' into text field '//input[@name="stateAbbr"]'.</msg>
<arg>${state_field}</arg>
<arg>${state}</arg>
<doc>Types the given ``text`` into the text field identified by ``locator``.</doc>
<status status="PASS" start="2025-09-26T14:46:55.003416" elapsed="0.127367"/>
</kw>
<kw name="Input Text" owner="SeleniumLibrary">
<msg time="2025-09-26T14:46:55.131807" level="INFO">Typing text '92998-3874' into text field '//input[@name="zipcode"]'.</msg>
<arg>${zip_code_field}</arg>
<arg>${user['address']['zipcode']}</arg>
<doc>Types the given ``text`` into the text field identified by ``locator``.</doc>
<status status="PASS" start="2025-09-26T14:46:55.131011" elapsed="0.122606"/>
</kw>
<kw name="Get Element Attribute" owner="SeleniumLibrary">
<msg time="2025-09-26T14:46:55.270226" level="INFO">${zipcode_field_value} = 92998-3874</msg>
<var>${zipcode_field_value}</var>
<arg>${zip_code_field}</arg>
<arg>value</arg>
<doc>Returns the value of ``attribute`` from the element ``locator``.</doc>
<status status="PASS" start="2025-09-26T14:46:55.254226" elapsed="0.016085"/>
</kw>
<kw name="Input Text" owner="SeleniumLibrary">
<msg time="2025-09-26T14:46:55.271187" level="INFO">Typing text '113137162535' into text field '//input[@name='password']'.</msg>
<arg>${password_field}</arg>
<arg>${password}</arg>
<doc>Types the given ``text`` into the text field identified by ``locator``.</doc>
<status status="PASS" start="2025-09-26T14:46:55.270626" elapsed="0.121198"/>
</kw>
<kw name="Input Text" owner="SeleniumLibrary">
<msg time="2025-09-26T14:46:55.392614" level="INFO">Typing text '113137162535' into text field '//input[@name="confirm_password"]'.</msg>
<arg>${confirm_password_field}</arg>
<arg>${password}</arg>
<doc>Types the given ``text`` into the text field identified by ``locator``.</doc>
<status status="PASS" start="2025-09-26T14:46:55.392168" elapsed="0.129236"/>
</kw>
<kw name="Verify User Added">
<kw name="Set Variable" owner="BuiltIn">
<msg time="2025-09-26T14:46:55.523134" level="INFO">${full_name} = Leanne Graham</msg>
<var>${full_name}</var>
<arg>${first_name_field_value} ${last_name_field_value}</arg>
<doc>Returns the given values which can then be assigned to a variables.</doc>
<status status="PASS" start="2025-09-26T14:46:55.522729" elapsed="0.000464"/>
</kw>
<kw name="Should Be Equal" owner="BuiltIn">
<arg>${user['name']}</arg>
<arg>${full_name}</arg>
<doc>Fails if the given objects are unequal.</doc>
<status status="PASS" start="2025-09-26T14:46:55.523428" elapsed="0.001054"/>
</kw>
<kw name="Should Be Equal" owner="BuiltIn">
<arg>${user['email']}</arg>
<arg>${email_field_value}</arg>
<doc>Fails if the given objects are unequal.</doc>
<status status="PASS" start="2025-09-26T14:46:55.524738" elapsed="0.000869"/>
</kw>
<kw name="Should Be Equal" owner="BuiltIn">
<arg>${user['address']['city']}</arg>
<arg>${city_field_value}</arg>
<doc>Fails if the given objects are unequal.</doc>
<status status="PASS" start="2025-09-26T14:46:55.525847" elapsed="0.000816"/>
</kw>
<kw name="Should Be Equal" owner="BuiltIn">
<arg>${user['address']['zipcode']}</arg>
<arg>${zipcode_field_value}</arg>
<doc>Fails if the given objects are unequal.</doc>
<status status="PASS" start="2025-09-26T14:46:55.526868" elapsed="0.000627"/>
</kw>
<kw name="Log To Console" owner="BuiltIn">
<arg>NAME_VALUE_IS: ${full_name}</arg>
<doc>Logs the given message to the console.</doc>
<status status="PASS" start="2025-09-26T14:46:55.527607" elapsed="0.000193"/>
</kw>
<kw name="Log To Console" owner="BuiltIn">
<arg>EMAIL:${email_field_value}</arg>
<doc>Logs the given message to the console.</doc>
<status status="PASS" start="2025-09-26T14:46:55.527904" elapsed="0.000164"/>
</kw>
<kw name="Log To Console" owner="BuiltIn">
<arg>CITY: ${city_field_value}</arg>
<doc>Logs the given message to the console.</doc>
<status status="PASS" start="2025-09-26T14:46:55.528170" elapsed="0.000151"/>
</kw>
<kw name="Log To Console" owner="BuiltIn">
<arg>ZIP_CODE: ${zipcode_field_value}</arg>
<doc>Logs the given message to the console.</doc>
<status status="PASS" start="2025-09-26T14:46:55.528421" elapsed="0.000151"/>
</kw>
<arg>${user}</arg>
<arg>${first_name_field_value}</arg>
<arg>${last_name_field_value}</arg>
<arg>${email_field_value}</arg>
<arg>${city_field_value}</arg>
<arg>${zipcode_field_value}</arg>
<status status="PASS" start="2025-09-26T14:46:55.521811" elapsed="0.006850"/>
</kw>
<kw name="Click Button" owner="SeleniumLibrary">
<msg time="2025-09-26T14:46:55.528985" level="INFO">Clicking button '//button[@aria-label="Save"]'.</msg>
<arg>${submit_btn}</arg>
<doc>Clicks the button identified by ``locator``.</doc>
<status status="PASS" start="2025-09-26T14:46:55.528785" elapsed="0.131766"/>
</kw>
<kw name="Sleep" owner="BuiltIn">
<msg time="2025-09-26T14:46:56.661269" level="INFO">Slept 1 second.</msg>
<arg>1s</arg>
<doc>Pauses the test executed for the given time.</doc>
<status status="PASS" start="2025-09-26T14:46:55.660835" elapsed="1.000717"/>
</kw>
<kw name="Go To Create Customer">
<kw name="Click Element" owner="SeleniumLibrary">
<msg time="2025-09-26T14:46:56.663273" level="INFO">Clicking element '//a[@href="#/customers"]'.</msg>
<arg>${navigate_to_customer}</arg>
<doc>Click the element identified by ``locator``.</doc>
<status status="PASS" start="2025-09-26T14:46:56.662790" elapsed="0.109898"/>
</kw>
<kw name="Wait Until Element Is Visible" owner="SeleniumLibrary">
<arg>${create_customer_link}</arg>
<arg>10s</arg>
<doc>Waits until the element ``locator`` is visible.</doc>
<status status="PASS" start="2025-09-26T14:46:56.773385" elapsed="0.270763"/>
</kw>
<kw name="Click Element" owner="SeleniumLibrary">
<msg time="2025-09-26T14:46:57.045265" level="INFO">Clicking element '//a[@aria-label="Create"]'.</msg>
<arg>${create_customer_link}</arg>
<doc>Click the element identified by ``locator``.</doc>
<status status="PASS" start="2025-09-26T14:46:57.044687" elapsed="0.093753"/>
</kw>
<status status="PASS" start="2025-09-26T14:46:56.662102" elapsed="0.476647"/>
</kw>
<var name="${user}">{'id': 1, 'name': 'Leanne Graham', 'username': 'Bret', 'email': 'Sincere@april.biz', 'address': {'street': 'Kulas Light', 'suite': 'Apt. 556', 'city': 'Gwenborough', 'zipcode': '92998-3874', 'geo': {'...</var>
<status status="PASS" start="2025-09-26T14:46:54.146049" elapsed="2.992815"/>
</iter>
<iter>
<kw name="Generate Birthday" owner="CustomerLibrary">
<msg time="2025-09-26T14:46:57.140264" level="INFO">${birthday} = 09-06-2018</msg>
<var>${birthday}</var>
<status status="PASS" start="2025-09-26T14:46:57.139838" elapsed="0.000507"/>
</kw>
<kw name="Set Variable" owner="BuiltIn">
<msg time="2025-09-26T14:46:57.142167" level="INFO">${street} = Victor Plains</msg>
<var>${street}</var>
<arg>${user['address']['street']}</arg>
<doc>Returns the given values which can then be assigned to a variables.</doc>
<status status="PASS" start="2025-09-26T14:46:57.140670" elapsed="0.001588"/>
</kw>
<kw name="Set Variable" owner="BuiltIn">
<msg time="2025-09-26T14:46:57.144003" level="INFO">${city} = Wisokyburgh</msg>
<var>${city}</var>
<arg>${user['address']['city']}</arg>
<doc>Returns the given values which can then be assigned to a variables.</doc>
<status status="PASS" start="2025-09-26T14:46:57.142579" elapsed="0.001517"/>
</kw>
<kw name="Set Variable" owner="BuiltIn">
<msg time="2025-09-26T14:46:57.144958" level="INFO">${full_address} = Wisokyburgh Victor Plains</msg>
<var>${full_address}</var>
<arg>${city} ${street}</arg>
<doc>Returns the given values which can then be assigned to a variables.</doc>
<status status="PASS" start="2025-09-26T14:46:57.144436" elapsed="0.000596"/>
</kw>
<kw name="Set Variable" owner="BuiltIn">
<msg time="2025-09-26T14:46:57.145624" level="INFO">${state} = New York</msg>
<var>${state}</var>
<arg>New York</arg>
<doc>Returns the given values which can then be assigned to a variables.</doc>
<status status="PASS" start="2025-09-26T14:46:57.145314" elapsed="0.000391"/>
</kw>
<kw name="Set Variable" owner="BuiltIn">
<msg time="2025-09-26T14:46:57.146314" level="INFO">${password} = 113137162535</msg>
<var>${password}</var>
<arg>113137162535</arg>
<doc>Returns the given values which can then be assigned to a variables.</doc>
<status status="PASS" start="2025-09-26T14:46:57.145965" elapsed="0.000417"/>
</kw>
<kw name="Wait Until Element Is Visible" owner="SeleniumLibrary">
<arg>${first_name_field}</arg>
<arg>10s</arg>
<doc>Waits until the element ``locator`` is visible.</doc>
<status status="PASS" start="2025-09-26T14:46:57.146668" elapsed="0.085250"/>
</kw>
<kw name="Input Text" owner="SeleniumLibrary">
<msg time="2025-09-26T14:46:57.233808" level="INFO">Typing text 'Ervin' into text field '//input[@name="first_name"]'.</msg>
<arg>${first_name_field}</arg>
<arg>${user['name'].split(" ")[0]}</arg>
<doc>Types the given ``text`` into the text field identified by ``locator``.</doc>
<status status="PASS" start="2025-09-26T14:46:57.232302" elapsed="0.101675"/>
</kw>
<kw name="Get Element Attribute" owner="SeleniumLibrary">
<msg time="2025-09-26T14:46:57.350754" level="INFO">${first_name_field_value} = Ervin</msg>
<var>${first_name_field_value}</var>
<arg>${first_name_field}</arg>
<arg>value</arg>
<doc>Returns the value of ``attribute`` from the element ``locator``.</doc>
<status status="PASS" start="2025-09-26T14:46:57.334198" elapsed="0.016660"/>
</kw>
<kw name="Input Text" owner="SeleniumLibrary">
<msg time="2025-09-26T14:46:57.352746" level="INFO">Typing text 'Howell' into text field '//input[@name="last_name"]'.</msg>
<arg>${last_name_field}</arg>
<arg>${user['name'].split(" ")[1]}</arg>
<doc>Types the given ``text`` into the text field identified by ``locator``.</doc>
<status status="PASS" start="2025-09-26T14:46:57.351209" elapsed="0.106866"/>
</kw>
<kw name="Get Element Attribute" owner="SeleniumLibrary">
<msg time="2025-09-26T14:46:57.474881" level="INFO">${last_name_field_value} = Howell</msg>
<var>${last_name_field_value}</var>
<arg>${last_name_field}</arg>
<arg>value</arg>
<doc>Returns the value of ``attribute`` from the element ``locator``.</doc>
<status status="PASS" start="2025-09-26T14:46:57.458344" elapsed="0.016589"/>
</kw>
<kw name="Input Text" owner="SeleniumLibrary">
<msg time="2025-09-26T14:46:57.475843" level="INFO">Typing text 'Shanna@melissa.tv' into text field '//input[@name="email"]'.</msg>
<arg>${email_field}</arg>
<arg>${user['email']}</arg>
<doc>Types the given ``text`` into the text field identified by ``locator``.</doc>
<status status="PASS" start="2025-09-26T14:46:57.475121" elapsed="0.127480"/>
</kw>
<kw name="Get Element Attribute" owner="SeleniumLibrary">
<msg time="2025-09-26T14:46:57.618807" level="INFO">${email_field_value} = Shanna@melissa.tv</msg>
<var>${email_field_value}</var>
<arg>${email_field}</arg>
<arg>value</arg>
<doc>Returns the value of ``attribute`` from the element ``locator``.</doc>
<status status="PASS" start="2025-09-26T14:46:57.602920" elapsed="0.015940"/>
</kw>
<kw name="Input Text" owner="SeleniumLibrary">
<msg time="2025-09-26T14:46:57.619466" level="INFO">Typing text '09-06-2018' into text field '//input[@name="birthday"]'.</msg>
<arg>${birthday_field}</arg>
<arg>${birthday}</arg>
<doc>Types the given ``text`` into the text field identified by ``locator``.</doc>
<status status="PASS" start="2025-09-26T14:46:57.619109" elapsed="0.130442"/>
</kw>
<kw name="Input Text" owner="SeleniumLibrary">
<msg time="2025-09-26T14:46:57.750089" level="INFO">Typing text 'Wisokyburgh Victor Plains' into text field '//textarea[@name="address"]'.</msg>
<arg>${address_field}</arg>
<arg>${full_address}</arg>
<doc>Types the given ``text`` into the text field identified by ``locator``.</doc>
<status status="PASS" start="2025-09-26T14:46:57.749785" elapsed="0.147604"/>
</kw>
<kw name="Input Text" owner="SeleniumLibrary">
<msg time="2025-09-26T14:46:57.898095" level="INFO">Typing text 'Wisokyburgh' into text field '//input[@name="city"]'.</msg>
<arg>${city_field}</arg>
<arg>${city}</arg>
<doc>Types the given ``text`` into the text field identified by ``locator``.</doc>
<status status="PASS" start="2025-09-26T14:46:57.897683" elapsed="0.117490"/>
</kw>
<kw name="Get Element Attribute" owner="SeleniumLibrary">
<msg time="2025-09-26T14:46:58.031720" level="INFO">${city_field_value} = Wisokyburgh</msg>
<var>${city_field_value}</var>
<arg>${city_field}</arg>
<arg>value</arg>
<doc>Returns the value of ``attribute`` from the element ``locator``.</doc>
<status status="PASS" start="2025-09-26T14:46:58.015561" elapsed="0.016261"/>
</kw>
<kw name="Input Text" owner="SeleniumLibrary">
<msg time="2025-09-26T14:46:58.032737" level="INFO">Typing text 'New York' into text field '//input[@name="stateAbbr"]'.</msg>
<arg>${state_field}</arg>
<arg>${state}</arg>
<doc>Types the given ``text`` into the text field identified by ``locator``.</doc>
<status status="PASS" start="2025-09-26T14:46:58.032175" elapsed="0.119501"/>
</kw>
<kw name="Input Text" owner="SeleniumLibrary">
<msg time="2025-09-26T14:46:58.152947" level="INFO">Typing text '90566-7771' into text field '//input[@name="zipcode"]'.</msg>
<arg>${zip_code_field}</arg>
<arg>${user['address']['zipcode']}</arg>
<doc>Types the given ``text`` into the text field identified by ``locator``.</doc>
<status status="PASS" start="2025-09-26T14:46:58.151903" elapsed="0.115757"/>
</kw>
<kw name="Get Element Attribute" owner="SeleniumLibrary">
<msg time="2025-09-26T14:46:58.290754" level="INFO">${zipcode_field_value} = 90566-7771</msg>
<var>${zipcode_field_value}</var>
<arg>${zip_code_field}</arg>
<arg>value</arg>
<doc>Returns the value of ``attribute`` from the element ``locator``.</doc>
<status status="PASS" start="2025-09-26T14:46:58.267942" elapsed="0.022873"/>
</kw>
<kw name="Input Text" owner="SeleniumLibrary">
<msg time="2025-09-26T14:46:58.291443" level="INFO">Typing text '113137162535' into text field '//input[@name='password']'.</msg>
<arg>${password_field}</arg>
<arg>${password}</arg>
<doc>Types the given ``text`` into the text field identified by ``locator``.</doc>
<status status="PASS" start="2025-09-26T14:46:58.291104" elapsed="0.121512"/>
</kw>
<kw name="Input Text" owner="SeleniumLibrary">
<msg time="2025-09-26T14:46:58.413301" level="INFO">Typing text '113137162535' into text field '//input[@name="confirm_password"]'.</msg>
<arg>${confirm_password_field}</arg>
<arg>${password}</arg>
<doc>Types the given ``text`` into the text field identified by ``locator``.</doc>
<status status="PASS" start="2025-09-26T14:46:58.412905" elapsed="0.115307"/>
</kw>
<kw name="Verify User Added">
<kw name="Set Variable" owner="BuiltIn">
<msg time="2025-09-26T14:46:58.529683" level="INFO">${full_name} = Ervin Howell</msg>
<var>${full_name}</var>
<arg>${first_name_field_value} ${last_name_field_value}</arg>
<doc>Returns the given values which can then be assigned to a variables.</doc>
<status status="PASS" start="2025-09-26T14:46:58.529377" elapsed="0.000354"/>
</kw>
<kw name="Should Be Equal" owner="BuiltIn">
<arg>${user['name']}</arg>
<arg>${full_name}</arg>
<doc>Fails if the given objects are unequal.</doc>
<status status="PASS" start="2025-09-26T14:46:58.529885" elapsed="0.000728"/>
</kw>
<kw name="Should Be Equal" owner="BuiltIn">
<arg>${user['email']}</arg>
<arg>${email_field_value}</arg>
<doc>Fails if the given objects are unequal.</doc>
<status status="PASS" start="2025-09-26T14:46:58.530755" elapsed="0.000655"/>
</kw>
<kw name="Should Be Equal" owner="BuiltIn">
<arg>${user['address']['city']}</arg>
<arg>${city_field_value}</arg>
<doc>Fails if the given objects are unequal.</doc>
<status status="PASS" start="2025-09-26T14:46:58.531542" elapsed="0.000634"/>
</kw>
<kw name="Should Be Equal" owner="BuiltIn">
<arg>${user['address']['zipcode']}</arg>
<arg>${zipcode_field_value}</arg>
<doc>Fails if the given objects are unequal.</doc>
<status status="PASS" start="2025-09-26T14:46:58.532307" elapsed="0.000591"/>
</kw>
<kw name="Log To Console" owner="BuiltIn">
<arg>NAME_VALUE_IS: ${full_name}</arg>
<doc>Logs the given message to the console.</doc>
<status status="PASS" start="2025-09-26T14:46:58.533002" elapsed="0.000168"/>
</kw>
<kw name="Log To Console" owner="BuiltIn">
<arg>EMAIL:${email_field_value}</arg>
<doc>Logs the given message to the console.</doc>
<status status="PASS" start="2025-09-26T14:46:58.533270" elapsed="0.000161"/>
</kw>
<kw name="Log To Console" owner="BuiltIn">
<arg>CITY: ${city_field_value}</arg>
<doc>Logs the given message to the console.</doc>
<status status="PASS" start="2025-09-26T14:46:58.533534" elapsed="0.000160"/>
</kw>
<kw name="Log To Console" owner="BuiltIn">
<arg>ZIP_CODE: ${zipcode_field_value}</arg>
<doc>Logs the given message to the console.</doc>
<status status="PASS" start="2025-09-26T14:46:58.533793" elapsed="0.000147"/>
</kw>
<arg>${user}</arg>
<arg>${first_name_field_value}</arg>
<arg>${last_name_field_value}</arg>
<arg>${email_field_value}</arg>
<arg>${city_field_value}</arg>
<arg>${zipcode_field_value}</arg>
<status status="PASS" start="2025-09-26T14:46:58.528585" elapsed="0.005430"/>
</kw>
<kw name="Click Button" owner="SeleniumLibrary">
<msg time="2025-09-26T14:46:58.534328" level="INFO">Clicking button '//button[@aria-label="Save"]'.</msg>
<arg>${submit_btn}</arg>
<doc>Clicks the button identified by ``locator``.</doc>
<status status="PASS" start="2025-09-26T14:46:58.534131" elapsed="0.116191"/>
</kw>
<kw name="Sleep" owner="BuiltIn">
<msg time="2025-09-26T14:46:59.651243" level="INFO">Slept 1 second.</msg>
<arg>1s</arg>
<doc>Pauses the test executed for the given time.</doc>
<status status="PASS" start="2025-09-26T14:46:58.650717" elapsed="1.000805"/>
</kw>
<kw name="Go To Create Customer">
<kw name="Click Element" owner="SeleniumLibrary">
<msg time="2025-09-26T14:46:59.653263" level="INFO">Clicking element '//a[@href="#/customers"]'.</msg>
<arg>${navigate_to_customer}</arg>
<doc>Click the element identified by ``locator``.</doc>
<status status="PASS" start="2025-09-26T14:46:59.652787" elapsed="0.110166"/>
</kw>
<kw name="Wait Until Element Is Visible" owner="SeleniumLibrary">
<arg>${create_customer_link}</arg>
<arg>10s</arg>
<doc>Waits until the element ``locator`` is visible.</doc>
<status status="PASS" start="2025-09-26T14:46:59.763366" elapsed="0.270390"/>
</kw>
<kw name="Click Element" owner="SeleniumLibrary">
<msg time="2025-09-26T14:47:00.034236" level="INFO">Clicking element '//a[@aria-label="Create"]'.</msg>
<arg>${create_customer_link}</arg>
<doc>Click the element identified by ``locator``.</doc>
<status status="PASS" start="2025-09-26T14:47:00.033968" elapsed="0.096897"/>
</kw>
<status status="PASS" start="2025-09-26T14:46:59.652082" elapsed="0.478950"/>
</kw>
<var name="${user}">{'id': 2, 'name': 'Ervin Howell', 'username': 'Antonette', 'email': 'Shanna@melissa.tv', 'address': {'street': 'Victor Plains', 'suite': 'Suite 879', 'city': 'Wisokyburgh', 'zipcode': '90566-7771', 'g...</var>
<status status="PASS" start="2025-09-26T14:46:57.139520" elapsed="2.991572"/>
</iter>
<iter>
<kw name="Generate Birthday" owner="CustomerLibrary">
<msg time="2025-09-26T14:47:00.131867" level="INFO">${birthday} = 05-22-1956</msg>
<var>${birthday}</var>
<status status="PASS" start="2025-09-26T14:47:00.131617" elapsed="0.000294"/>
</kw>
<kw name="Set Variable" owner="BuiltIn">
<msg time="2025-09-26T14:47:00.132937" level="INFO">${street} = Douglas Extension</msg>
<var>${street}</var>
<arg>${user['address']['street']}</arg>
<doc>Returns the given values which can then be assigned to a variables.</doc>
<status status="PASS" start="2025-09-26T14:47:00.132071" elapsed="0.000919"/>
</kw>
<kw name="Set Variable" owner="BuiltIn">
<msg time="2025-09-26T14:47:00.133921" level="INFO">${city} = McKenziehaven</msg>
<var>${city}</var>
<arg>${user['address']['city']}</arg>
<doc>Returns the given values which can then be assigned to a variables.</doc>
<status status="PASS" start="2025-09-26T14:47:00.133187" elapsed="0.000776"/>
</kw>
<kw name="Set Variable" owner="BuiltIn">
<msg time="2025-09-26T14:47:00.134363" level="INFO">${full_address} = McKenziehaven Douglas Extension</msg>
<var>${full_address}</var>
<arg>${city} ${street}</arg>
<doc>Returns the given values which can then be assigned to a variables.</doc>
<status status="PASS" start="2025-09-26T14:47:00.134134" elapsed="0.000261"/>
</kw>
<kw name="Set Variable" owner="BuiltIn">
<msg time="2025-09-26T14:47:00.134686" level="INFO">${state} = New York</msg>
<var>${state}</var>
<arg>New York</arg>
<doc>Returns the given values which can then be assigned to a variables.</doc>
<status status="PASS" start="2025-09-26T14:47:00.134533" elapsed="0.000267"/>
</kw>
<kw name="Set Variable" owner="BuiltIn">
<msg time="2025-09-26T14:47:00.135175" level="INFO">${password} = 113137162535</msg>
<var>${password}</var>
<arg>113137162535</arg>
<doc>Returns the given values which can then be assigned to a variables.</doc>
<status status="PASS" start="2025-09-26T14:47:00.134940" elapsed="0.000273"/>
</kw>
<kw name="Wait Until Element Is Visible" owner="SeleniumLibrary">
<arg>${first_name_field}</arg>
<arg>10s</arg>
<doc>Waits until the element ``locator`` is visible.</doc>
<status status="PASS" start="2025-09-26T14:47:00.135482" elapsed="0.075405"/>
</kw>
<kw name="Input Text" owner="SeleniumLibrary">
<msg time="2025-09-26T14:47:00.212149" level="INFO">Typing text 'Clementine' into text field '//input[@name="first_name"]'.</msg>
<arg>${first_name_field}</arg>
<arg>${user['name'].split(" ")[0]}</arg>
<doc>Types the given ``text`` into the text field identified by ``locator``.</doc>
<status status="PASS" start="2025-09-26T14:47:00.211153" elapsed="0.122474"/>
</kw>
<kw name="Get Element Attribute" owner="SeleniumLibrary">
<msg time="2025-09-26T14:47:00.357381" level="INFO">${first_name_field_value} = Clementine</msg>
<var>${first_name_field_value}</var>
<arg>${first_name_field}</arg>
<arg>value</arg>
<doc>Returns the value of ``attribute`` from the element ``locator``.</doc>
<status status="PASS" start="2025-09-26T14:47:00.333964" elapsed="0.023487"/>
</kw>
<kw name="Input Text" owner="SeleniumLibrary">
<msg time="2025-09-26T14:47:00.358844" level="INFO">Typing text 'Bauch' into text field '//input[@name="last_name"]'.</msg>
<arg>${last_name_field}</arg>
<arg>${user['name'].split(" ")[1]}</arg>
<doc>Types the given ``text`` into the text field identified by ``locator``.</doc>
<status status="PASS" start="2025-09-26T14:47:00.357779" elapsed="0.122562"/>
</kw>
<kw name="Get Element Attribute" owner="SeleniumLibrary">
<msg time="2025-09-26T14:47:00.498205" level="INFO">${last_name_field_value} = Bauch</msg>
<var>${last_name_field_value}</var>
<arg>${last_name_field}</arg>
<arg>value</arg>
<doc>Returns the value of ``attribute`` from the element ``locator``.</doc>
<status status="PASS" start="2025-09-26T14:47:00.480601" elapsed="0.017684"/>
</kw>
<kw name="Input Text" owner="SeleniumLibrary">
<msg time="2025-09-26T14:47:00.499519" level="INFO">Typing text 'Nathan@yesenia.net' into text field '//input[@name="email"]'.</msg>
<arg>${email_field}</arg>
<arg>${user['email']}</arg>
<doc>Types the given ``text`` into the text field identified by ``locator``.</doc>
<status status="PASS" start="2025-09-26T14:47:00.498542" elapsed="0.193265"/>
</kw>
<kw name="Get Element Attribute" owner="SeleniumLibrary">
<msg time="2025-09-26T14:47:00.712836" level="INFO">${email_field_value} = Nathan@yesenia.net</msg>
<var>${email_field_value}</var>
<arg>${email_field}</arg>
<arg>value</arg>
<doc>Returns the value of ``attribute`` from the element ``locator``.</doc>
<status status="PASS" start="2025-09-26T14:47:00.692427" elapsed="0.020475"/>
</kw>
<kw name="Input Text" owner="SeleniumLibrary">
<msg time="2025-09-26T14:47:00.713485" level="INFO">Typing text '05-22-1956' into text field '//input[@name="birthday"]'.</msg>
<arg>${birthday_field}</arg>
<arg>${birthday}</arg>
<doc>Types the given ``text`` into the text field identified by ``locator``.</doc>
<status status="PASS" start="2025-09-26T14:47:00.713132" elapsed="0.109827"/>
</kw>
<kw name="Input Text" owner="SeleniumLibrary">
<msg time="2025-09-26T14:47:00.823548" level="INFO">Typing text 'McKenziehaven Douglas Extension' into text field '//textarea[@name="address"]'.</msg>
<arg>${address_field}</arg>
<arg>${full_address}</arg>
<doc>Types the given ``text`` into the text field identified by ``locator``.</doc>
<status status="PASS" start="2025-09-26T14:47:00.823183" elapsed="0.158200"/>
</kw>
<kw name="Input Text" owner="SeleniumLibrary">
<msg time="2025-09-26T14:47:00.982155" level="INFO">Typing text 'McKenziehaven' into text field '//input[@name="city"]'.</msg>
<arg>${city_field}</arg>
<arg>${city}</arg>
<doc>Types the given ``text`` into the text field identified by ``locator``.</doc>
<status status="PASS" start="2025-09-26T14:47:00.981720" elapsed="0.132049"/>
</kw>
<kw name="Get Element Attribute" owner="SeleniumLibrary">
<msg time="2025-09-26T14:47:01.131347" level="INFO">${city_field_value} = McKenziehaven</msg>
<var>${city_field_value}</var>
<arg>${city_field}</arg>
<arg>value</arg>
<doc>Returns the value of ``attribute`` from the element ``locator``.</doc>
<status status="PASS" start="2025-09-26T14:47:01.114045" elapsed="0.017398"/>
</kw>
<kw name="Input Text" owner="SeleniumLibrary">
<msg time="2025-09-26T14:47:01.132302" level="INFO">Typing text 'New York' into text field '//input[@name="stateAbbr"]'.</msg>
<arg>${state_field}</arg>
<arg>${state}</arg>
<doc>Types the given ``text`` into the text field identified by ``locator``.</doc>
<status status="PASS" start="2025-09-26T14:47:01.131790" elapsed="0.099867"/>
</kw>
<kw name="Input Text" owner="SeleniumLibrary">
<msg time="2025-09-26T14:47:01.232565" level="INFO">Typing text '59590-4157' into text field '//input[@name="zipcode"]'.</msg>
<arg>${zip_code_field}</arg>
<arg>${user['address']['zipcode']}</arg>
<doc>Types the given ``text`` into the text field identified by ``locator``.</doc>
<status status="PASS" start="2025-09-26T14:47:01.231877" elapsed="0.113999"/>
</kw>
<kw name="Get Element Attribute" owner="SeleniumLibrary">
<msg time="2025-09-26T14:47:01.362445" level="INFO">${zipcode_field_value} = 59590-4157</msg>
<var>${zipcode_field_value}</var>
<arg>${zip_code_field}</arg>
<arg>value</arg>
<doc>Returns the value of ``attribute`` from the element ``locator``.</doc>
<status status="PASS" start="2025-09-26T14:47:01.346097" elapsed="0.016407"/>
</kw>
<kw name="Input Text" owner="SeleniumLibrary">
<msg time="2025-09-26T14:47:01.363113" level="INFO">Typing text '113137162535' into text field '//input[@name='password']'.</msg>
<arg>${password_field}</arg>
<arg>${password}</arg>
<doc>Types the given ``text`` into the text field identified by ``locator``.</doc>
<status status="PASS" start="2025-09-26T14:47:01.362725" elapsed="0.120491"/>
</kw>
<kw name="Input Text" owner="SeleniumLibrary">
<msg time="2025-09-26T14:47:01.484217" level="INFO">Typing text '113137162535' into text field '//input[@name="confirm_password"]'.</msg>
<arg>${confirm_password_field}</arg>
<arg>${password}</arg>
<doc>Types the given ``text`` into the text field identified by ``locator``.</doc>
<status status="PASS" start="2025-09-26T14:47:01.483598" elapsed="0.122853"/>
</kw>
<kw name="Verify User Added">
<kw name="Set Variable" owner="BuiltIn">
<msg time="2025-09-26T14:47:01.607528" level="INFO">${full_name} = Clementine Bauch</msg>
<var>${full_name}</var>
<arg>${first_name_field_value} ${last_name_field_value}</arg>
<doc>Returns the given values which can then be assigned to a variables.</doc>
<status status="PASS" start="2025-09-26T14:47:01.607319" elapsed="0.000243"/>
</kw>
<kw name="Should Be Equal" owner="BuiltIn">
<arg>${user['name']}</arg>
<arg>${full_name}</arg>
<doc>Fails if the given objects are unequal.</doc>
<status status="PASS" start="2025-09-26T14:47:01.607678" elapsed="0.000627"/>
</kw>
<kw name="Should Be Equal" owner="BuiltIn">
<arg>${user['email']}</arg>
<arg>${email_field_value}</arg>
<doc>Fails if the given objects are unequal.</doc>
<status status="PASS" start="2025-09-26T14:47:01.608415" elapsed="0.000548"/>
</kw>
<kw name="Should Be Equal" owner="BuiltIn">
<arg>${user['address']['city']}</arg>
<arg>${city_field_value}</arg>
<doc>Fails if the given objects are unequal.</doc>
<status status="PASS" start="2025-09-26T14:47:01.609071" elapsed="0.000516"/>
</kw>
<kw name="Should Be Equal" owner="BuiltIn">
<arg>${user['address']['zipcode']}</arg>
<arg>${zipcode_field_value}</arg>
<doc>Fails if the given objects are unequal.</doc>
<status status="PASS" start="2025-09-26T14:47:01.609700" elapsed="0.000489"/>
</kw>
<kw name="Log To Console" owner="BuiltIn">
<arg>NAME_VALUE_IS: ${full_name}</arg>
<doc>Logs the given message to the console.</doc>
<status status="PASS" start="2025-09-26T14:47:01.610293" elapsed="0.000173"/>
</kw>
<kw name="Log To Console" owner="BuiltIn">
<arg>EMAIL:${email_field_value}</arg>
<doc>Logs the given message to the console.</doc>
<status status="PASS" start="2025-09-26T14:47:01.610565" elapsed="0.000180"/>
</kw>
<kw name="Log To Console" owner="BuiltIn">
<arg>CITY: ${city_field_value}</arg>
<doc>Logs the given message to the console.</doc>
<status status="PASS" start="2025-09-26T14:47:01.610861" elapsed="0.000157"/>
</kw>
<kw name="Log To Console" owner="BuiltIn">
<arg>ZIP_CODE: ${zipcode_field_value}</arg>
<doc>Logs the given message to the console.</doc>
<status status="PASS" start="2025-09-26T14:47:01.611115" elapsed="0.000160"/>
</kw>
<arg>${user}</arg>
<arg>${first_name_field_value}</arg>
<arg>${last_name_field_value}</arg>
<arg>${email_field_value}</arg>
<arg>${city_field_value}</arg>
<arg>${zipcode_field_value}</arg>
<status status="PASS" start="2025-09-26T14:47:01.606766" elapsed="0.004589"/>
</kw>
<kw name="Click Button" owner="SeleniumLibrary">
<msg time="2025-09-26T14:47:01.611685" level="INFO">Clicking button '//button[@aria-label="Save"]'.</msg>
<arg>${submit_btn}</arg>
<doc>Clicks the button identified by ``locator``.</doc>
<status status="PASS" start="2025-09-26T14:47:01.611473" elapsed="0.112914"/>
</kw>
<kw name="Sleep" owner="BuiltIn">
<msg time="2025-09-26T14:47:02.725092" level="INFO">Slept 1 second.</msg>
<arg>1s</arg>
<doc>Pauses the test executed for the given time.</doc>
<status status="PASS" start="2025-09-26T14:47:01.724598" elapsed="1.000779"/>
</kw>
<kw name="Go To Create Customer">
<kw name="Click Element" owner="SeleniumLibrary">
<msg time="2025-09-26T14:47:02.727054" level="INFO">Clicking element '//a[@href="#/customers"]'.</msg>
<arg>${navigate_to_customer}</arg>
<doc>Click the element identified by ``locator``.</doc>
<status status="PASS" start="2025-09-26T14:47:02.726562" elapsed="0.107225"/>
</kw>
<kw name="Wait Until Element Is Visible" owner="SeleniumLibrary">
<arg>${create_customer_link}</arg>
<arg>10s</arg>
<doc>Waits until the element ``locator`` is visible.</doc>
<status status="PASS" start="2025-09-26T14:47:02.834183" elapsed="0.273415"/>
</kw>
<kw name="Click Element" owner="SeleniumLibrary">
<msg time="2025-09-26T14:47:03.108591" level="INFO">Clicking element '//a[@aria-label="Create"]'.</msg>
<arg>${create_customer_link}</arg>
<doc>Click the element identified by ``locator``.</doc>
<status status="PASS" start="2025-09-26T14:47:03.108041" elapsed="0.089970"/>
</kw>
<status status="PASS" start="2025-09-26T14:47:02.725942" elapsed="0.472318"/>
</kw>
<var name="${user}">{'id': 3, 'name': 'Clementine Bauch', 'username': 'Samantha', 'email': 'Nathan@yesenia.net', 'address': {'street': 'Douglas Extension', 'suite': 'Suite 847', 'city': 'McKenziehaven', 'zipcode': '59590...</var>
<status status="PASS" start="2025-09-26T14:47:00.131450" elapsed="3.066915"/>
</iter>
<iter>
<kw name="Generate Birthday" owner="CustomerLibrary">
<msg time="2025-09-26T14:47:03.199679" level="INFO">${birthday} = 10-14-1995</msg>
<var>${birthday}</var>
<status status="PASS" start="2025-09-26T14:47:03.199258" elapsed="0.000501"/>
</kw>
<kw name="Set Variable" owner="BuiltIn">
<msg time="2025-09-26T14:47:03.201972" level="INFO">${street} = Hoeger Mall</msg>
<var>${street}</var>
<arg>${user['address']['street']}</arg>
<doc>Returns the given values which can then be assigned to a variables.</doc>
<status status="PASS" start="2025-09-26T14:47:03.200037" elapsed="0.002045"/>
</kw>
<kw name="Set Variable" owner="BuiltIn">
<msg time="2025-09-26T14:47:03.204086" level="INFO">${city} = South Elvis</msg>
<var>${city}</var>
<arg>${user['address']['city']}</arg>
<doc>Returns the given values which can then be assigned to a variables.</doc>
<status status="PASS" start="2025-09-26T14:47:03.202418" elapsed="0.001756"/>
</kw>
<kw name="Set Variable" owner="BuiltIn">
<msg time="2025-09-26T14:47:03.205083" level="INFO">${full_address} = South Elvis Hoeger Mall</msg>
<var>${full_address}</var>
<arg>${city} ${street}</arg>
<doc>Returns the given values which can then be assigned to a variables.</doc>
<status status="PASS" start="2025-09-26T14:47:03.204485" elapsed="0.000686"/>
</kw>
<kw name="Set Variable" owner="BuiltIn">
<msg time="2025-09-26T14:47:03.205964" level="INFO">${state} = New York</msg>
<var>${state}</var>
<arg>New York</arg>
<doc>Returns the given values which can then be assigned to a variables.</doc>
<status status="PASS" start="2025-09-26T14:47:03.205524" elapsed="0.000524"/>
</kw>
<kw name="Set Variable" owner="BuiltIn">
<msg time="2025-09-26T14:47:03.206786" level="INFO">${password} = 113137162535</msg>
<var>${password}</var>
<arg>113137162535</arg>
<doc>Returns the given values which can then be assigned to a variables.</doc>
<status status="PASS" start="2025-09-26T14:47:03.206390" elapsed="0.000471"/>
</kw>
<kw name="Wait Until Element Is Visible" owner="SeleniumLibrary">
<arg>${first_name_field}</arg>
<arg>10s</arg>
<doc>Waits until the element ``locator`` is visible.</doc>
<status status="PASS" start="2025-09-26T14:47:03.207166" elapsed="0.067780"/>
</kw>
<kw name="Input Text" owner="SeleniumLibrary">
<msg time="2025-09-26T14:47:03.275984" level="INFO">Typing text 'Patricia' into text field '//input[@name="first_name"]'.</msg>
<arg>${first_name_field}</arg>
<arg>${user['name'].split(" ")[0]}</arg>
<doc>Types the given ``text`` into the text field identified by ``locator``.</doc>
<status status="PASS" start="2025-09-26T14:47:03.275179" elapsed="0.098429"/>
</kw>
<kw name="Get Element Attribute" owner="SeleniumLibrary">
<msg time="2025-09-26T14:47:03.394075" level="INFO">${first_name_field_value} = Patricia</msg>
<var>${first_name_field_value}</var>
<arg>${first_name_field}</arg>
<arg>value</arg>
<doc>Returns the value of ``attribute`` from the element ``locator``.</doc>
<status status="PASS" start="2025-09-26T14:47:03.373844" elapsed="0.020287"/>
</kw>
<kw name="Input Text" owner="SeleniumLibrary">
<msg time="2025-09-26T14:47:03.395103" level="INFO">Typing text 'Lebsack' into text field '//input[@name="last_name"]'.</msg>
<arg>${last_name_field}</arg>
<arg>${user['name'].split(" ")[1]}</arg>
<doc>Types the given ``text`` into the text field identified by ``locator``.</doc>
<status status="PASS" start="2025-09-26T14:47:03.394338" elapsed="0.099065"/>
</kw>
<kw name="Get Element Attribute" owner="SeleniumLibrary">
<msg time="2025-09-26T14:47:03.509050" level="INFO">${last_name_field_value} = Lebsack</msg>
<var>${last_name_field_value}</var>
<arg>${last_name_field}</arg>
<arg>value</arg>
<doc>Returns the value of ``attribute`` from the element ``locator``.</doc>
<status status="PASS" start="2025-09-26T14:47:03.493671" elapsed="0.015438"/>
</kw>
<kw name="Input Text" owner="SeleniumLibrary">
<msg time="2025-09-26T14:47:03.510180" level="INFO">Typing text 'Julianne.OConner@kory.org' into text field '//input[@name="email"]'.</msg>
<arg>${email_field}</arg>
<arg>${user['email']}</arg>
<doc>Types the given ``text`` into the text field identified by ``locator``.</doc>
<status status="PASS" start="2025-09-26T14:47:03.509325" elapsed="0.143016"/>
</kw>
<kw name="Get Element Attribute" owner="SeleniumLibrary">
<msg time="2025-09-26T14:47:03.674815" level="INFO">${email_field_value} = Julianne.OConner@kory.org</msg>
<var>${email_field_value}</var>
<arg>${email_field}</arg>
<arg>value</arg>
<doc>Returns the value of ``attribute`` from the element ``locator``.</doc>
<status status="PASS" start="2025-09-26T14:47:03.653546" elapsed="0.021333"/>
</kw>
<kw name="Input Text" owner="SeleniumLibrary">
<msg time="2025-09-26T14:47:03.675441" level="INFO">Typing text '10-14-1995' into text field '//input[@name="birthday"]'.</msg>
<arg>${birthday_field}</arg>
<arg>${birthday}</arg>
<doc>Types the given ``text`` into the text field identified by ``locator``.</doc>
<status status="PASS" start="2025-09-26T14:47:03.675106" elapsed="0.102446"/>
</kw>
<kw name="Input Text" owner="SeleniumLibrary">
<msg time="2025-09-26T14:47:03.778190" level="INFO">Typing text 'South Elvis Hoeger Mall' into text field '//textarea[@name="address"]'.</msg>
<arg>${address_field}</arg>
<arg>${full_address}</arg>
<doc>Types the given ``text`` into the text field identified by ``locator``.</doc>
<status status="PASS" start="2025-09-26T14:47:03.777832" elapsed="0.148568"/>
</kw>
<kw name="Input Text" owner="SeleniumLibrary">
<msg time="2025-09-26T14:47:03.927081" level="INFO">Typing text 'South Elvis' into text field '//input[@name="city"]'.</msg>
<arg>${city_field}</arg>
<arg>${city}</arg>
<doc>Types the given ``text`` into the text field identified by ``locator``.</doc>
<status status="PASS" start="2025-09-26T14:47:03.926689" elapsed="0.114101"/>
</kw>
<kw name="Get Element Attribute" owner="SeleniumLibrary">
<msg time="2025-09-26T14:47:04.055518" level="INFO">${city_field_value} = South Elvis</msg>
<var>${city_field_value}</var>
<arg>${city_field}</arg>
<arg>value</arg>
<doc>Returns the value of ``attribute`` from the element ``locator``.</doc>
<status status="PASS" start="2025-09-26T14:47:04.041091" elapsed="0.014491"/>
</kw>
<kw name="Input Text" owner="SeleniumLibrary">
<msg time="2025-09-26T14:47:04.056151" level="INFO">Typing text 'New York' into text field '//input[@name="stateAbbr"]'.</msg>
<arg>${state_field}</arg>
<arg>${state}</arg>
<doc>Types the given ``text`` into the text field identified by ``locator``.</doc>
<status status="PASS" start="2025-09-26T14:47:04.055828" elapsed="0.115076"/>
</kw>
<kw name="Input Text" owner="SeleniumLibrary">
<msg time="2025-09-26T14:47:04.172194" level="INFO">Typing text '53919-4257' into text field '//input[@name="zipcode"]'.</msg>
<arg>${zip_code_field}</arg>
<arg>${user['address']['zipcode']}</arg>
<doc>Types the given ``text`` into the text field identified by ``locator``.</doc>
<status status="PASS" start="2025-09-26T14:47:04.171246" elapsed="0.115538"/>
</kw>
<kw name="Get Element Attribute" owner="SeleniumLibrary">
<msg time="2025-09-26T14:47:04.304779" level="INFO">${zipcode_field_value} = 53919-4257</msg>
<var>${zipcode_field_value}</var>
<arg>${zip_code_field}</arg>
<arg>value</arg>
<doc>Returns the value of ``attribute`` from the element ``locator``.</doc>
<status status="PASS" start="2025-09-26T14:47:04.287099" elapsed="0.017732"/>
</kw>
<kw name="Input Text" owner="SeleniumLibrary">
<msg time="2025-09-26T14:47:04.305306" level="INFO">Typing text '113137162535' into text field '//input[@name='password']'.</msg>
<arg>${password_field}</arg>
<arg>${password}</arg>
<doc>Types the given ``text`` into the text field identified by ``locator``.</doc>
<status status="PASS" start="2025-09-26T14:47:04.305024" elapsed="0.119764"/>
</kw>
<kw name="Input Text" owner="SeleniumLibrary">
<msg time="2025-09-26T14:47:04.425318" level="INFO">Typing text '113137162535' into text field '//input[@name="confirm_password"]'.</msg>
<arg>${confirm_password_field}</arg>
<arg>${password}</arg>
<doc>Types the given ``text`` into the text field identified by ``locator``.</doc>
<status status="PASS" start="2025-09-26T14:47:04.425008" elapsed="0.122697"/>
</kw>
<kw name="Verify User Added">
<kw name="Set Variable" owner="BuiltIn">
<msg time="2025-09-26T14:47:04.549077" level="INFO">${full_name} = Patricia Lebsack</msg>
<var>${full_name}</var>
<arg>${first_name_field_value} ${last_name_field_value}</arg>
<doc>Returns the given values which can then be assigned to a variables.</doc>
<status status="PASS" start="2025-09-26T14:47:04.548828" elapsed="0.000288"/>
</kw>
<kw name="Should Be Equal" owner="BuiltIn">
<arg>${user['name']}</arg>
<arg>${full_name}</arg>
<doc>Fails if the given objects are unequal.</doc>
<status status="PASS" start="2025-09-26T14:47:04.549245" elapsed="0.000762"/>
</kw>
<kw name="Should Be Equal" owner="BuiltIn">
<arg>${user['email']}</arg>
<arg>${email_field_value}</arg>
<doc>Fails if the given objects are unequal.</doc>
<status status="PASS" start="2025-09-26T14:47:04.550168" elapsed="0.000987"/>
</kw>
<kw name="Should Be Equal" owner="BuiltIn">
<arg>${user['address']['city']}</arg>
<arg>${city_field_value}</arg>
<doc>Fails if the given objects are unequal.</doc>
<status status="PASS" start="2025-09-26T14:47:04.551472" elapsed="0.000861"/>
</kw>
<kw name="Should Be Equal" owner="BuiltIn">
<arg>${user['address']['zipcode']}</arg>
<arg>${zipcode_field_value}</arg>
<doc>Fails if the given objects are unequal.</doc>
<status status="PASS" start="2025-09-26T14:47:04.552540" elapsed="0.000698"/>
</kw>
<kw name="Log To Console" owner="BuiltIn">
<arg>NAME_VALUE_IS: ${full_name}</arg>
<doc>Logs the given message to the console.</doc>
<status status="PASS" start="2025-09-26T14:47:04.553413" elapsed="0.000205"/>
</kw>
<kw name="Log To Console" owner="BuiltIn">
<arg>EMAIL:${email_field_value}</arg>
<doc>Logs the given message to the console.</doc>
<status status="PASS" start="2025-09-26T14:47:04.553767" elapsed="0.000233"/>
</kw>
<kw name="Log To Console" owner="BuiltIn">
<arg>CITY: ${city_field_value}</arg>
<doc>Logs the given message to the console.</doc>
<status status="PASS" start="2025-09-26T14:47:04.554130" elapsed="0.000184"/>
</kw>
<kw name="Log To Console" owner="BuiltIn">
<arg>ZIP_CODE: ${zipcode_field_value}</arg>
<doc>Logs the given message to the console.</doc>
<status status="PASS" start="2025-09-26T14:47:04.554437" elapsed="0.000181"/>
</kw>
<arg>${user}</arg>
<arg>${first_name_field_value}</arg>
<arg>${last_name_field_value}</arg>
<arg>${email_field_value}</arg>
<arg>${city_field_value}</arg>
<arg>${zipcode_field_value}</arg>
<status status="PASS" start="2025-09-26T14:47:04.548068" elapsed="0.006648"/>
</kw>
<kw name="Click Button" owner="SeleniumLibrary">
<msg time="2025-09-26T14:47:04.555082" level="INFO">Clicking button '//button[@aria-label="Save"]'.</msg>
<arg>${submit_btn}</arg>
<doc>Clicks the button identified by ``locator``.</doc>
<status status="PASS" start="2025-09-26T14:47:04.554853" elapsed="0.122439"/>
</kw>
<kw name="Sleep" owner="BuiltIn">
<msg time="2025-09-26T14:47:05.678208" level="INFO">Slept 1 second.</msg>
<arg>1s</arg>
<doc>Pauses the test executed for the given time.</doc>
<status status="PASS" start="2025-09-26T14:47:04.677675" elapsed="1.000781"/>
</kw>
<kw name="Go To Create Customer">
<kw name="Click Element" owner="SeleniumLibrary">
<msg time="2025-09-26T14:47:05.680629" level="INFO">Clicking element '//a[@href="#/customers"]'.</msg>
<arg>${navigate_to_customer}</arg>
<doc>Click the element identified by ``locator``.</doc>
<status status="PASS" start="2025-09-26T14:47:05.680086" elapsed="0.114239"/>
</kw>
<kw name="Wait Until Element Is Visible" owner="SeleniumLibrary">
<arg>${create_customer_link}</arg>
<arg>10s</arg>
<doc>Waits until the element ``locator`` is visible.</doc>
<status status="PASS" start="2025-09-26T14:47:05.794556" elapsed="0.064249"/>
</kw>
<kw name="Click Element" owner="SeleniumLibrary">
<msg time="2025-09-26T14:47:05.859390" level="INFO">Clicking element '//a[@aria-label="Create"]'.</msg>
<arg>${create_customer_link}</arg>
<doc>Click the element identified by ``locator``.</doc>
<status status="PASS" start="2025-09-26T14:47:05.859061" elapsed="0.072247"/>
</kw>
<status status="PASS" start="2025-09-26T14:47:05.678989" elapsed="0.252495"/>
</kw>
<var name="${user}">{'id': 4, 'name': 'Patricia Lebsack', 'username': 'Karianne', 'email': 'Julianne.OConner@kory.org', 'address': {'street': 'Hoeger Mall', 'suite': 'Apt. 692', 'city': 'South Elvis', 'zipcode': '53919-4...</var>
<status status="PASS" start="2025-09-26T14:47:03.198985" elapsed="2.732563"/>
</iter>
<iter>
<kw name="Generate Birthday" owner="CustomerLibrary">
<msg time="2025-09-26T14:47:05.932411" level="INFO">${birthday} = 05-16-1998</msg>
<var>${birthday}</var>
<status status="PASS" start="2025-09-26T14:47:05.932141" elapsed="0.000317"/>
</kw>
<kw name="Set Variable" owner="BuiltIn">
<msg time="2025-09-26T14:47:05.933555" level="INFO">${street} = Skiles Walks</msg>
<var>${street}</var>
<arg>${user['address']['street']}</arg>
<doc>Returns the given values which can then be assigned to a variables.</doc>
<status status="PASS" start="2025-09-26T14:47:05.932619" elapsed="0.001011"/>
</kw>
<kw name="Set Variable" owner="BuiltIn">
<msg time="2025-09-26T14:47:05.934798" level="INFO">${city} = Roscoeview</msg>
<var>${city}</var>
<arg>${user['address']['city']}</arg>
<doc>Returns the given values which can then be assigned to a variables.</doc>
<status status="PASS" start="2025-09-26T14:47:05.933994" elapsed="0.000859"/>
</kw>
<kw name="Set Variable" owner="BuiltIn">
<msg time="2025-09-26T14:47:05.935347" level="INFO">${full_address} = Roscoeview Skiles Walks</msg>
<var>${full_address}</var>
<arg>${city} ${street}</arg>
<doc>Returns the given values which can then be assigned to a variables.</doc>
<status status="PASS" start="2025-09-26T14:47:05.935055" elapsed="0.000335"/>
</kw>
<kw name="Set Variable" owner="BuiltIn">
<msg time="2025-09-26T14:47:05.935833" level="INFO">${state} = New York</msg>
<var>${state}</var>
<arg>New York</arg>
<doc>Returns the given values which can then be assigned to a variables.</doc>
<status status="PASS" start="2025-09-26T14:47:05.935579" elapsed="0.000294"/>
</kw>
<kw name="Set Variable" owner="BuiltIn">
<msg time="2025-09-26T14:47:05.936244" level="INFO">${password} = 113137162535</msg>
<var>${password}</var>
<arg>113137162535</arg>
<doc>Returns the given values which can then be assigned to a variables.</doc>
<status status="PASS" start="2025-09-26T14:47:05.936047" elapsed="0.000232"/>
</kw>
<kw name="Wait Until Element Is Visible" owner="SeleniumLibrary">
<arg>${first_name_field}</arg>
<arg>10s</arg>
<doc>Waits until the element ``locator`` is visible.</doc>
<status status="PASS" start="2025-09-26T14:47:05.936449" elapsed="0.067518"/>
</kw>
<kw name="Input Text" owner="SeleniumLibrary">
<msg time="2025-09-26T14:47:06.005333" level="INFO">Typing text 'Chelsey' into text field '//input[@name="first_name"]'.</msg>
<arg>${first_name_field}</arg>
<arg>${user['name'].split(" ")[0]}</arg>
<doc>Types the given ``text`` into the text field identified by ``locator``.</doc>
<status status="PASS" start="2025-09-26T14:47:06.004323" elapsed="0.100975"/>
</kw>
<kw name="Get Element Attribute" owner="SeleniumLibrary">
<msg time="2025-09-26T14:47:06.124203" level="INFO">${first_name_field_value} = Chelsey</msg>
<var>${first_name_field_value}</var>
<arg>${first_name_field}</arg>
<arg>value</arg>
<doc>Returns the value of ``attribute`` from the element ``locator``.</doc>
<status status="PASS" start="2025-09-26T14:47:06.105779" elapsed="0.018479"/>
</kw>
<kw name="Input Text" owner="SeleniumLibrary">
<msg time="2025-09-26T14:47:06.125157" level="INFO">Typing text 'Dietrich' into text field '//input[@name="last_name"]'.</msg>
<arg>${last_name_field}</arg>
<arg>${user['name'].split(" ")[1]}</arg>
<doc>Types the given ``text`` into the text field identified by ``locator``.</doc>
<status status="PASS" start="2025-09-26T14:47:06.124453" elapsed="0.111536"/>
</kw>
<kw name="Get Element Attribute" owner="SeleniumLibrary">
<msg time="2025-09-26T14:47:06.249338" level="INFO">${last_name_field_value} = Dietrich</msg>
<var>${last_name_field_value}</var>
<arg>${last_name_field}</arg>
<arg>value</arg>
<doc>Returns the value of ``attribute`` from the element ``locator``.</doc>
<status status="PASS" start="2025-09-26T14:47:06.236265" elapsed="0.013128"/>
</kw>
<kw name="Input Text" owner="SeleniumLibrary">
<msg time="2025-09-26T14:47:06.250512" level="INFO">Typing text 'Lucio_Hettinger@annie.ca' into text field '//input[@name="email"]'.</msg>
<arg>${email_field}</arg>
<arg>${user['email']}</arg>
<doc>Types the given ``text`` into the text field identified by ``locator``.</doc>
<status status="PASS" start="2025-09-26T14:47:06.249599" elapsed="0.146719"/>
</kw>
<kw name="Get Element Attribute" owner="SeleniumLibrary">
<msg time="2025-09-26T14:47:06.414016" level="INFO">${email_field_value} = Lucio_Hettinger@annie.ca</msg>
<var>${email_field_value}</var>
<arg>${email_field}</arg>
<arg>value</arg>
<doc>Returns the value of ``attribute`` from the element ``locator``.</doc>
<status status="PASS" start="2025-09-26T14:47:06.396568" elapsed="0.017512"/>
</kw>
<kw name="Input Text" owner="SeleniumLibrary">
<msg time="2025-09-26T14:47:06.414647" level="INFO">Typing text '05-16-1998' into text field '//input[@name="birthday"]'.</msg>
<arg>${birthday_field}</arg>
<arg>${birthday}</arg>
<doc>Types the given ``text`` into the text field identified by ``locator``.</doc>
<status status="PASS" start="2025-09-26T14:47:06.414306" elapsed="0.099921"/>
</kw>
<kw name="Input Text" owner="SeleniumLibrary">
<msg time="2025-09-26T14:47:06.514777" level="INFO">Typing text 'Roscoeview Skiles Walks' into text field '//textarea[@name="address"]'.</msg>
<arg>${address_field}</arg>
<arg>${full_address}</arg>
<doc>Types the given ``text`` into the text field identified by ``locator``.</doc>
<status status="PASS" start="2025-09-26T14:47:06.514450" elapsed="0.139365"/>
</kw>
<kw name="Input Text" owner="SeleniumLibrary">
<msg time="2025-09-26T14:47:06.654652" level="INFO">Typing text 'Roscoeview' into text field '//input[@name="city"]'.</msg>
<arg>${city_field}</arg>
<arg>${city}</arg>
<doc>Types the given ``text`` into the text field identified by ``locator``.</doc>
<status status="PASS" start="2025-09-26T14:47:06.654105" elapsed="0.109266"/>
</kw>
<kw name="Get Element Attribute" owner="SeleniumLibrary">
<msg time="2025-09-26T14:47:06.777927" level="INFO">${city_field_value} = Roscoeview</msg>
<var>${city_field_value}</var>
<arg>${city_field}</arg>
<arg>value</arg>
<doc>Returns the value of ``attribute`` from the element ``locator``.</doc>
<status status="PASS" start="2025-09-26T14:47:06.763681" elapsed="0.014309"/>
</kw>
<kw name="Input Text" owner="SeleniumLibrary">
<msg time="2025-09-26T14:47:06.778559" level="INFO">Typing text 'New York' into text field '//input[@name="stateAbbr"]'.</msg>
<arg>${state_field}</arg>
<arg>${state}</arg>
<doc>Types the given ``text`` into the text field identified by ``locator``.</doc>
<status status="PASS" start="2025-09-26T14:47:06.778222" elapsed="0.110268"/>
</kw>
<kw name="Input Text" owner="SeleniumLibrary">
<msg time="2025-09-26T14:47:06.890460" level="INFO">Typing text '33263' into text field '//input[@name="zipcode"]'.</msg>
<arg>${zip_code_field}</arg>
<arg>${user['address']['zipcode']}</arg>
<doc>Types the given ``text`` into the text field identified by ``locator``.</doc>
<status status="PASS" start="2025-09-26T14:47:06.888921" elapsed="0.107405"/>
</kw>
<kw name="Get Element Attribute" owner="SeleniumLibrary">
<msg time="2025-09-26T14:47:07.014736" level="INFO">${zipcode_field_value} = 33263</msg>
<var>${zipcode_field_value}</var>
<arg>${zip_code_field}</arg>
<arg>value</arg>
<doc>Returns the value of ``attribute`` from the element ``locator``.</doc>
<status status="PASS" start="2025-09-26T14:47:06.996581" elapsed="0.018259"/>
</kw>
<kw name="Input Text" owner="SeleniumLibrary">
<msg time="2025-09-26T14:47:07.015819" level="INFO">Typing text '113137162535' into text field '//input[@name='password']'.</msg>
<arg>${password_field}</arg>
<arg>${password}</arg>
<doc>Types the given ``text`` into the text field identified by ``locator``.</doc>
<status status="PASS" start="2025-09-26T14:47:07.015225" elapsed="0.131880"/>
</kw>
<kw name="Input Text" owner="SeleniumLibrary">
<msg time="2025-09-26T14:47:07.147666" level="INFO">Typing text '113137162535' into text field '//input[@name="confirm_password"]'.</msg>
<arg>${confirm_password_field}</arg>
<arg>${password}</arg>
<doc>Types the given ``text`` into the text field identified by ``locator``.</doc>
<status status="PASS" start="2025-09-26T14:47:07.147333" elapsed="0.118623"/>
</kw>
<kw name="Verify User Added">
<kw name="Set Variable" owner="BuiltIn">
<msg time="2025-09-26T14:47:07.267569" level="INFO">${full_name} = Chelsey Dietrich</msg>
<var>${full_name}</var>
<arg>${first_name_field_value} ${last_name_field_value}</arg>
<doc>Returns the given values which can then be assigned to a variables.</doc>
<status status="PASS" start="2025-09-26T14:47:07.267232" elapsed="0.000388"/>
</kw>
<kw name="Should Be Equal" owner="BuiltIn">
<arg>${user['name']}</arg>
<arg>${full_name}</arg>
<doc>Fails if the given objects are unequal.</doc>
<status status="PASS" start="2025-09-26T14:47:07.267824" elapsed="0.001067"/>
</kw>
<kw name="Should Be Equal" owner="BuiltIn">
<arg>${user['email']}</arg>
<arg>${email_field_value}</arg>
<doc>Fails if the given objects are unequal.</doc>
<status status="PASS" start="2025-09-26T14:47:07.269139" elapsed="0.001014"/>
</kw>
<kw name="Should Be Equal" owner="BuiltIn">
<arg>${user['address']['city']}</arg>
<arg>${city_field_value}</arg>
<doc>Fails if the given objects are unequal.</doc>
<status status="PASS" start="2025-09-26T14:47:07.270401" elapsed="0.000936"/>
</kw>
<kw name="Should Be Equal" owner="BuiltIn">
<arg>${user['address']['zipcode']}</arg>
<arg>${zipcode_field_value}</arg>
<doc>Fails if the given objects are unequal.</doc>
<status status="PASS" start="2025-09-26T14:47:07.271546" elapsed="0.000703"/>
</kw>
<kw name="Log To Console" owner="BuiltIn">
<arg>NAME_VALUE_IS: ${full_name}</arg>
<doc>Logs the given message to the console.</doc>
<status status="PASS" start="2025-09-26T14:47:07.272379" elapsed="0.000203"/>
</kw>
<kw name="Log To Console" owner="BuiltIn">
<arg>EMAIL:${email_field_value}</arg>
<doc>Logs the given message to the console.</doc>
<status status="PASS" start="2025-09-26T14:47:07.272710" elapsed="0.000418"/>
</kw>
<kw name="Log To Console" owner="BuiltIn">
<arg>CITY: ${city_field_value}</arg>
<doc>Logs the given message to the console.</doc>
<status status="PASS" start="2025-09-26T14:47:07.273257" elapsed="0.000187"/>
</kw>
<kw name="Log To Console" owner="BuiltIn">
<arg>ZIP_CODE: ${zipcode_field_value}</arg>
<doc>Logs the given message to the console.</doc>
<status status="PASS" start="2025-09-26T14:47:07.273546" elapsed="0.000227"/>
</kw>
<arg>${user}</arg>
<arg>${first_name_field_value}</arg>
<arg>${last_name_field_value}</arg>
<arg>${email_field_value}</arg>
<arg>${city_field_value}</arg>
<arg>${zipcode_field_value}</arg>
<status status="PASS" start="2025-09-26T14:47:07.266352" elapsed="0.007507"/>
</kw>
<kw name="Click Button" owner="SeleniumLibrary">
<msg time="2025-09-26T14:47:07.274220" level="INFO">Clicking button '//button[@aria-label="Save"]'.</msg>
<arg>${submit_btn}</arg>
<doc>Clicks the button identified by ``locator``.</doc>
<status status="PASS" start="2025-09-26T14:47:07.273997" elapsed="0.117714"/>
</kw>
<kw name="Sleep" owner="BuiltIn">
<msg time="2025-09-26T14:47:08.392391" level="INFO">Slept 1 second.</msg>
<arg>1s</arg>
<doc>Pauses the test executed for the given time.</doc>
<status status="PASS" start="2025-09-26T14:47:07.391965" elapsed="1.000685"/>
</kw>
<kw name="Go To Create Customer">
<kw name="Click Element" owner="SeleniumLibrary">
<msg time="2025-09-26T14:47:08.394403" level="INFO">Clicking element '//a[@href="#/customers"]'.</msg>
<arg>${navigate_to_customer}</arg>
<doc>Click the element identified by ``locator``.</doc>
<status status="PASS" start="2025-09-26T14:47:08.393885" elapsed="0.112476"/>
</kw>
<kw name="Wait Until Element Is Visible" owner="SeleniumLibrary">
<arg>${create_customer_link}</arg>
<arg>10s</arg>
<doc>Waits until the element ``locator`` is visible.</doc>
<status status="PASS" start="2025-09-26T14:47:08.506762" elapsed="0.060160"/>
</kw>
<kw name="Click Element" owner="SeleniumLibrary">
<msg time="2025-09-26T14:47:08.567729" level="INFO">Clicking element '//a[@aria-label="Create"]'.</msg>
<arg>${create_customer_link}</arg>
<doc>Click the element identified by ``locator``.</doc>
<status status="PASS" start="2025-09-26T14:47:08.567234" elapsed="0.073765"/>
</kw>
<status status="PASS" start="2025-09-26T14:47:08.393174" elapsed="0.247979"/>
</kw>
<var name="${user}">{'id': 5, 'name': 'Chelsey Dietrich', 'username': 'Kamren', 'email': 'Lucio_Hettinger@annie.ca', 'address': {'street': 'Skiles Walks', 'suite': 'Suite 351', 'city': 'Roscoeview', 'zipcode': '33263', '...</var>
<status status="PASS" start="2025-09-26T14:47:05.931937" elapsed="2.709262"/>
</iter>
<var>${user}</var>
<value>@{users}</value>
<status status="PASS" start="2025-09-26T14:46:54.145430" elapsed="14.495841"/>
</for>
<status status="PASS" start="2025-09-26T14:46:53.950422" elapsed="14.690969"/>
</kw>
<doc>Add First 5 User</doc>
<status status="PASS" start="2025-09-26T14:46:49.481257" elapsed="19.160430"/>
</test>
<test id="s1-t2" name="Test-0002" line="24">
<kw name="Go To Customer Page">
<kw name="Click Element" owner="SeleniumLibrary">
<msg time="2025-09-26T14:47:08.643430" level="INFO">Clicking element '//a[@href="#/customers"]'.</msg>
<arg>${navigate_to_customer}</arg>
<doc>Click the element identified by ``locator``.</doc>
<status status="PASS" start="2025-09-26T14:47:08.643097" elapsed="0.140938"/>
</kw>
<kw name="Sleep" owner="BuiltIn">
<msg time="2025-09-26T14:47:10.785019" level="INFO">Slept 2 seconds.</msg>
<arg>2s</arg>
<doc>Pauses the test executed for the given time.</doc>
<status status="PASS" start="2025-09-26T14:47:08.784246" elapsed="2.001020"/>
</kw>
<status status="PASS" start="2025-09-26T14:47:08.642673" elapsed="2.142830"/>
</kw>
<kw name="Sleep" owner="BuiltIn">
<msg time="2025-09-26T14:47:12.786447" level="INFO">Slept 2 seconds.</msg>
<arg>2s</arg>
<doc>Pauses the test executed for the given time.</doc>
<status status="PASS" start="2025-09-26T14:47:10.785925" elapsed="2.000829"/>
</kw>
<kw name="Check User Appear In Table">
<kw name="Wait Until Element Is Not Visible" owner="SeleniumLibrary">
<arg>xpath=(//table//tbody//tr)[1]//td//div/img</arg>
<arg>15s</arg>
<doc>Waits until the element ``locator`` is not visible.</doc>
<status status="PASS" start="2025-09-26T14:47:12.788326" elapsed="0.022687"/>
</kw>
<kw name="Wait Until Element Is Visible" owner="SeleniumLibrary">
<arg>xpath=(//table//tbody//tr)[1]//td//div[contains(@class,"MuiAvatar-colorDefault") and text()]</arg>
<arg>15s</arg>
<doc>Waits until the element ``locator`` is visible.</doc>
<status status="PASS" start="2025-09-26T14:47:12.811427" elapsed="0.035023"/>
</kw>
<kw name="Get Users" owner="CustomerLibrary">
<msg time="2025-09-26T14:47:13.015857" level="INFO">/home/citco/myvirtualrobot/lib/python3.12/site-packages/urllib3/connectionpool.py:1097: InsecureRequestWarning: Unverified HTTPS request is being made to host 'jsonplaceholder.typicode.com'. Adding certificate verification is strongly advised. See: https://urllib3.readthedocs.io/en/latest/advanced-usage.html#tls-warnings
  warnings.warn(</msg>
<msg time="2025-09-26T14:47:13.016318" level="INFO">${users} = [{'id': 1, 'name': 'Leanne Graham', 'username': 'Bret', 'email': 'Sincere@april.biz', 'address': {'street': 'Kulas Light', 'suite': 'Apt. 556', 'city': 'Gwenborough', 'zipcode': '92998-3874', 'geo': {...</msg>
<var>${users}</var>
<status status="PASS" start="2025-09-26T14:47:12.846816" elapsed="0.169585"/>
</kw>
<for flavor="IN RANGE">
<iter>
<kw name="Evaluate" owner="BuiltIn">
<msg time="2025-09-26T14:47:13.018241" level="INFO">${user_index} = 4</msg>
<var>${user_index}</var>
<arg>5 - ${row}</arg>
<doc>Evaluates the given expression in Python and returns the result.</doc>
<status status="PASS" start="2025-09-26T14:47:13.017672" elapsed="0.000645"/>
</kw>
<kw name="Set Variable" owner="BuiltIn">
<msg time="2025-09-26T14:47:13.019067" level="INFO">${user} = {'id': 5, 'name': 'Chelsey Dietrich', 'username': 'Kamren', 'email': 'Lucio_Hettinger@annie.ca', 'address': {'street': 'Skiles Walks', 'suite': 'Suite 351', 'city': 'Roscoeview', 'zipcode': '33263', '...</msg>
<var>${user}</var>
<arg>${users}[${user_index}]</arg>
<doc>Returns the given values which can then be assigned to a variables.</doc>
<status status="PASS" start="2025-09-26T14:47:13.018578" elapsed="0.000561"/>
</kw>
<kw name="Click Element" owner="SeleniumLibrary">
<msg time="2025-09-26T14:47:13.019926" level="INFO">Clicking element 'xpath=(//table//tbody//tr)[1]//td//div[contains(@class,"MuiAvatar-colorDefault") and text()]'.</msg>
<arg>xpath=(//table//tbody//tr)[${row}]//td//div[contains(@class,"MuiAvatar-colorDefault") and text()]</arg>
<doc>Click the element identified by ``locator``.</doc>
<status status="PASS" start="2025-09-26T14:47:13.019399" elapsed="0.131802"/>
</kw>
<kw name="Wait Until Element Is Visible" owner="SeleniumLibrary">
<arg>${first_name_field}</arg>
<arg>5s</arg>
<doc>Waits until the element ``locator`` is visible.</doc>
<status status="PASS" start="2025-09-26T14:47:13.151457" elapsed="0.256975"/>
</kw>
<kw name="Get Element Attribute" owner="SeleniumLibrary">
<msg time="2025-09-26T14:47:13.430858" level="INFO">${first_name_field_value} = Chelsey</msg>
<var>${first_name_field_value}</var>
<arg>${first_name_field}</arg>
<arg>value</arg>
<doc>Returns the value of ``attribute`` from the element ``locator``.</doc>
<status status="PASS" start="2025-09-26T14:47:13.408896" elapsed="0.022080"/>
</kw>
<kw name="Should Be Equal" owner="BuiltIn">
<arg>${first_name_field_value}</arg>
<arg>${user['name'].split(" ")[0]}</arg>
<doc>Fails if the given objects are unequal.</doc>
<status status="PASS" start="2025-09-26T14:47:13.431426" elapsed="0.001805"/>
</kw>
<kw name="Log To Console" owner="BuiltIn">
<arg>FIRST_NAME: ${first_name_field_value}</arg>
<doc>Logs the given message to the console.</doc>
<status status="PASS" start="2025-09-26T14:47:13.433621" elapsed="0.000581"/>
</kw>
<kw name="Get Element Attribute" owner="SeleniumLibrary">
<msg time="2025-09-26T14:47:13.455364" level="INFO">${last_name_field_value} = Dietrich</msg>
<var>${last_name_field_value}</var>
<arg>${last_name_field}</arg>
<arg>value</arg>
<doc>Returns the value of ``attribute`` from the element ``locator``.</doc>
<status status="PASS" start="2025-09-26T14:47:13.434518" elapsed="0.020911"/>
</kw>
<kw name="Should Be Equal" owner="BuiltIn">
<arg>${last_name_field_value}</arg>
<arg>${user['name'].split(" ")[1]}</arg>
<doc>Fails if the given objects are unequal.</doc>
<status status="PASS" start="2025-09-26T14:47:13.455686" elapsed="0.000805"/>
</kw>
<kw name="Log To Console" owner="BuiltIn">
<arg>LAST_NAME: ${last_name_field_value}</arg>
<doc>Logs the given message to the console.</doc>
<status status="PASS" start="2025-09-26T14:47:13.456691" elapsed="0.000199"/>
</kw>
<kw name="Get Element Attribute" owner="SeleniumLibrary">
<msg time="2025-09-26T14:47:13.474914" level="INFO">${email_field_value} = Lucio_Hettinger@annie.ca</msg>
<var>${email_field_value}</var>
<arg>${email_field}</arg>
<arg>value</arg>
<doc>Returns the value of ``attribute`` from the element ``locator``.</doc>
<status status="PASS" start="2025-09-26T14:47:13.457021" elapsed="0.017950"/>
</kw>
<kw name="Should Be Equal" owner="BuiltIn">
<arg>${email_field_value}</arg>
<arg>${user['email']}</arg>
<doc>Fails if the given objects are unequal.</doc>
<status status="PASS" start="2025-09-26T14:47:13.475175" elapsed="0.000784"/>
</kw>
<kw name="Log To Console" owner="BuiltIn">
<arg>Email: ${email_field_value}</arg>
<doc>Logs the given message to the console.</doc>
<status status="PASS" start="2025-09-26T14:47:13.476111" elapsed="0.000214"/>
</kw>
<kw name="Get Element Attribute" owner="SeleniumLibrary">
<msg time="2025-09-26T14:47:13.492749" level="INFO">${city_field_value} = Roscoeview</msg>
<var>${city_field_value}</var>
<arg>${city_field}</arg>
<arg>value</arg>
<doc>Returns the value of ``attribute`` from the element ``locator``.</doc>
<status status="PASS" start="2025-09-26T14:47:13.476477" elapsed="0.016328"/>
</kw>
<kw name="Should Be Equal" owner="BuiltIn">
<arg>${city_field_value}</arg>
<arg>${user['address']['city']}</arg>
<doc>Fails if the given objects are unequal.</doc>
<status status="PASS" start="2025-09-26T14:47:13.493009" elapsed="0.000712"/>
</kw>
<kw name="Log To Console" owner="BuiltIn">
<arg>City: ${city_field_value}</arg>
<doc>Logs the given message to the console.</doc>
<status status="PASS" start="2025-09-26T14:47:13.493844" elapsed="0.000200"/>
</kw>
<kw name="Get Element Attribute" owner="SeleniumLibrary">
<msg time="2025-09-26T14:47:13.509609" level="INFO">${zipcode_field_value} = 33263</msg>
<var>${zipcode_field_value}</var>
<arg>${zip_code_field}</arg>
<arg>value</arg>
<doc>Returns the value of ``attribute`` from the element ``locator``.</doc>
<status status="PASS" start="2025-09-26T14:47:13.494158" elapsed="0.015524"/>
</kw>
<kw name="Should Be Equal" owner="BuiltIn">
<arg>${zipcode_field_value}</arg>
<arg>${user['address']['zipcode']}</arg>
<doc>Fails if the given objects are unequal.</doc>
<status status="PASS" start="2025-09-26T14:47:13.509913" elapsed="0.000791"/>
</kw>
<kw name="Log To Console" owner="BuiltIn">
<arg>Zipcode: ${zipcode_field_value}</arg>
<doc>Logs the given message to the console.</doc>
<status status="PASS" start="2025-09-26T14:47:13.510821" elapsed="0.000186"/>
</kw>
<kw name="Go To Customer Page">
<kw name="Click Element" owner="SeleniumLibrary">
<msg time="2025-09-26T14:47:13.511734" level="INFO">Clicking element '//a[@href="#/customers"]'.</msg>
<arg>${navigate_to_customer}</arg>
<doc>Click the element identified by ``locator``.</doc>
<status status="PASS" start="2025-09-26T14:47:13.511473" elapsed="0.082856"/>
</kw>
<kw name="Sleep" owner="BuiltIn">
<msg time="2025-09-26T14:47:15.595480" level="INFO">Slept 2 seconds.</msg>
<arg>2s</arg>
<doc>Pauses the test executed for the given time.</doc>
<status status="PASS" start="2025-09-26T14:47:13.594571" elapsed="2.001276"/>
</kw>
<status status="PASS" start="2025-09-26T14:47:13.511180" elapsed="2.084976"/>
</kw>
<var name="${row}">1</var>
<status status="PASS" start="2025-09-26T14:47:13.017370" elapsed="2.578892"/>
</iter>
<iter>
<kw name="Evaluate" owner="BuiltIn">
<msg time="2025-09-26T14:47:15.597658" level="INFO">${user_index} = 3</msg>
<var>${user_index}</var>
<arg>5 - ${row}</arg>
<doc>Evaluates the given expression in Python and returns the result.</doc>
<status status="PASS" start="2025-09-26T14:47:15.597071" elapsed="0.000662"/>
</kw>
<kw name="Set Variable" owner="BuiltIn">
<msg time="2025-09-26T14:47:15.598459" level="INFO">${user} = {'id': 4, 'name': 'Patricia Lebsack', 'username': 'Karianne', 'email': 'Julianne.OConner@kory.org', 'address': {'street': 'Hoeger Mall', 'suite': 'Apt. 692', 'city': 'South Elvis', 'zipcode': '53919-4...</msg>
<var>${user}</var>
<arg>${users}[${user_index}]</arg>
<doc>Returns the given values which can then be assigned to a variables.</doc>
<status status="PASS" start="2025-09-26T14:47:15.597983" elapsed="0.000549"/>
</kw>
<kw name="Click Element" owner="SeleniumLibrary">
<msg time="2025-09-26T14:47:15.599311" level="INFO">Clicking element 'xpath=(//table//tbody//tr)[2]//td//div[contains(@class,"MuiAvatar-colorDefault") and text()]'.</msg>
<arg>xpath=(//table//tbody//tr)[${row}]//td//div[contains(@class,"MuiAvatar-colorDefault") and text()]</arg>
<doc>Click the element identified by ``locator``.</doc>
<status status="PASS" start="2025-09-26T14:47:15.598802" elapsed="0.125345"/>
</kw>
<kw name="Wait Until Element Is Visible" owner="SeleniumLibrary">
<arg>${first_name_field}</arg>
<arg>5s</arg>
<doc>Waits until the element ``locator`` is visible.</doc>
<status status="PASS" start="2025-09-26T14:47:15.724404" elapsed="0.251691"/>
</kw>
<kw name="Get Element Attribute" owner="SeleniumLibrary">
<msg time="2025-09-26T14:47:15.996456" level="INFO">${first_name_field_value} = Patricia</msg>
<var>${first_name_field_value}</var>
<arg>${first_name_field}</arg>
<arg>value</arg>
<doc>Returns the value of ``attribute`` from the element ``locator``.</doc>
<status status="PASS" start="2025-09-26T14:47:15.976521" elapsed="0.019996"/>
</kw>
<kw name="Should Be Equal" owner="BuiltIn">
<arg>${first_name_field_value}</arg>
<arg>${user['name'].split(" ")[0]}</arg>
<doc>Fails if the given objects are unequal.</doc>
<status status="PASS" start="2025-09-26T14:47:15.996755" elapsed="0.001051"/>
</kw>
<kw name="Log To Console" owner="BuiltIn">
<arg>FIRST_NAME: ${first_name_field_value}</arg>
<doc>Logs the given message to the console.</doc>
<status status="PASS" start="2025-09-26T14:47:15.998039" elapsed="0.000304"/>
</kw>
<kw name="Get Element Attribute" owner="SeleniumLibrary">
<msg time="2025-09-26T14:47:16.015335" level="INFO">${last_name_field_value} = Lebsack</msg>
<var>${last_name_field_value}</var>
<arg>${last_name_field}</arg>
<arg>value</arg>
[...]
<var>${segment}</var>
<arg>xpath=(//table//tbody/tr)[${row_index}]/td[7]</arg>
<doc>Returns the text value of the element identified by ``locator``.</doc>
<status status="PASS" start="2025-09-26T14:48:05.195345" elapsed="0.023698"/>
</kw>
<kw name="Log To Console" owner="BuiltIn">
<arg>Name: ${name}</arg>
<doc>Logs the given message to the console.</doc>
<status status="PASS" start="2025-09-26T14:48:05.219275" elapsed="0.000306"/>
</kw>
<kw name="Log To Console" owner="BuiltIn">
<arg>Last Seen: ${last_seen}</arg>
<doc>Logs the given message to the console.</doc>
<status status="PASS" start="2025-09-26T14:48:05.219786" elapsed="0.000271"/>
</kw>
<kw name="Log To Console" owner="BuiltIn">
<arg>Orders: ${orders}</arg>
<doc>Logs the given message to the console.</doc>
<status status="PASS" start="2025-09-26T14:48:05.220216" elapsed="0.000230"/>
</kw>
<kw name="Log To Console" owner="BuiltIn">
<arg>Total Spent: $${total_spent}</arg>
<doc>Logs the given message to the console.</doc>
<status status="PASS" start="2025-09-26T14:48:05.220598" elapsed="0.000256"/>
</kw>
<kw name="Log To Console" owner="BuiltIn">
<arg>Latest Purchase: ${latest_purchase}</arg>
<doc>Logs the given message to the console.</doc>
<status status="PASS" start="2025-09-26T14:48:05.220991" elapsed="0.000176"/>
</kw>
<kw name="Log To Console" owner="BuiltIn">
<arg>News: ${news}</arg>
<doc>Logs the given message to the console.</doc>
<status status="PASS" start="2025-09-26T14:48:05.221280" elapsed="0.000175"/>
</kw>
<kw name="Log To Console" owner="BuiltIn">
<arg>Segment: ${segment}</arg>
<doc>Logs the given message to the console.</doc>
<status status="PASS" start="2025-09-26T14:48:05.221570" elapsed="0.000192"/>
</kw>
<var name="${row_index}">21</var>
<status status="PASS" start="2025-09-26T14:48:05.037950" elapsed="0.183868"/>
</iter>
<iter>
<kw name="Log To Console" owner="BuiltIn">
<arg>===== User ${row_index} =====</arg>
<doc>Logs the given message to the console.</doc>
<status status="PASS" start="2025-09-26T14:48:05.222174" elapsed="0.000250"/>
</kw>
<kw name="Get Text" owner="SeleniumLibrary">
<msg time="2025-09-26T14:48:05.245741" level="INFO">${name} = </msg>
<var>${name}</var>
<arg>xpath=(//table//tbody/tr)[${row_index}]/td[1]</arg>
<doc>Returns the text value of the element identified by ``locator``.</doc>
<status status="PASS" start="2025-09-26T14:48:05.222567" elapsed="0.023252"/>
</kw>
<kw name="Get Text" owner="SeleniumLibrary">
<msg time="2025-09-26T14:48:05.267202" level="INFO">${last_seen} = Josianne Gorczany</msg>
<var>${last_seen}</var>
<arg>xpath=(//table//tbody/tr)[${row_index}]/td[2]</arg>
<doc>Returns the text value of the element identified by ``locator``.</doc>
<status status="PASS" start="2025-09-26T14:48:05.246099" elapsed="0.021170"/>
</kw>
<kw name="Get Text" owner="SeleniumLibrary">
<msg time="2025-09-26T14:48:05.288399" level="INFO">${orders} = 9/25/2025</msg>
<var>${orders}</var>
<arg>xpath=(//table//tbody/tr)[${row_index}]/td[3]</arg>
<doc>Returns the text value of the element identified by ``locator``.</doc>
<status status="PASS" start="2025-09-26T14:48:05.267513" elapsed="0.020953"/>
</kw>
<kw name="Get Text" owner="SeleniumLibrary">
<msg time="2025-09-26T14:48:05.316373" level="INFO">${total_spent} = 1</msg>
<var>${total_spent}</var>
<arg>xpath=(//table//tbody/tr)[${row_index}]/td[4]</arg>
<doc>Returns the text value of the element identified by ``locator``.</doc>
<status status="PASS" start="2025-09-26T14:48:05.288720" elapsed="0.027753"/>
</kw>
<kw name="Get Text" owner="SeleniumLibrary">
<msg time="2025-09-26T14:48:05.341070" level="INFO">${latest_purchase} = $422.12</msg>
<var>${latest_purchase}</var>
<arg>xpath=(//table//tbody/tr)[${row_index}]/td[5]</arg>
<doc>Returns the text value of the element identified by ``locator``.</doc>
<status status="PASS" start="2025-09-26T14:48:05.316849" elapsed="0.024319"/>
</kw>
<kw name="Get Text" owner="SeleniumLibrary">
<msg time="2025-09-26T14:48:05.364235" level="INFO">${news} = 9/21/2025, 7:34:23 PM</msg>
<var>${news}</var>
<arg>xpath=(//table//tbody/tr)[${row_index}]/td[6]</arg>
<doc>Returns the text value of the element identified by ``locator``.</doc>
<status status="PASS" start="2025-09-26T14:48:05.341632" elapsed="0.022697"/>
</kw>
<kw name="Get Text" owner="SeleniumLibrary">
<msg time="2025-09-26T14:48:05.388110" level="INFO">${segment} = </msg>
<var>${segment}</var>
<arg>xpath=(//table//tbody/tr)[${row_index}]/td[7]</arg>
<doc>Returns the text value of the element identified by ``locator``.</doc>
<status status="PASS" start="2025-09-26T14:48:05.364697" elapsed="0.023529"/>
</kw>
<kw name="Log To Console" owner="BuiltIn">
<arg>Name: ${name}</arg>
<doc>Logs the given message to the console.</doc>
<status status="PASS" start="2025-09-26T14:48:05.388623" elapsed="0.000489"/>
</kw>
<kw name="Log To Console" owner="BuiltIn">
<arg>Last Seen: ${last_seen}</arg>
<doc>Logs the given message to the console.</doc>
<status status="PASS" start="2025-09-26T14:48:05.389367" elapsed="0.000407"/>
</kw>
<kw name="Log To Console" owner="BuiltIn">
<arg>Orders: ${orders}</arg>
<doc>Logs the given message to the console.</doc>
<status status="PASS" start="2025-09-26T14:48:05.390024" elapsed="0.000362"/>
</kw>
<kw name="Log To Console" owner="BuiltIn">
<arg>Total Spent: $${total_spent}</arg>
<doc>Logs the given message to the console.</doc>
<status status="PASS" start="2025-09-26T14:48:05.390623" elapsed="0.000381"/>
</kw>
<kw name="Log To Console" owner="BuiltIn">
<arg>Latest Purchase: ${latest_purchase}</arg>
<doc>Logs the given message to the console.</doc>
<status status="PASS" start="2025-09-26T14:48:05.391235" elapsed="0.000803"/>
</kw>
<kw name="Log To Console" owner="BuiltIn">
<arg>News: ${news}</arg>
<doc>Logs the given message to the console.</doc>
<status status="PASS" start="2025-09-26T14:48:05.392304" elapsed="0.000384"/>
</kw>
<kw name="Log To Console" owner="BuiltIn">
<arg>Segment: ${segment}</arg>
<doc>Logs the given message to the console.</doc>
<status status="PASS" start="2025-09-26T14:48:05.392929" elapsed="0.000355"/>
</kw>
<var name="${row_index}">22</var>
<status status="PASS" start="2025-09-26T14:48:05.222051" elapsed="0.171346"/>
</iter>
<iter>
<kw name="Log To Console" owner="BuiltIn">
<arg>===== User ${row_index} =====</arg>
<doc>Logs the given message to the console.</doc>
<status status="PASS" start="2025-09-26T14:48:05.394060" elapsed="0.000419"/>
</kw>
<kw name="Get Text" owner="SeleniumLibrary">
<msg time="2025-09-26T14:48:05.423574" level="INFO">${name} = </msg>
<var>${name}</var>
<arg>xpath=(//table//tbody/tr)[${row_index}]/td[1]</arg>
<doc>Returns the text value of the element identified by ``locator``.</doc>
<status status="PASS" start="2025-09-26T14:48:05.394755" elapsed="0.028940"/>
</kw>
<kw name="Get Text" owner="SeleniumLibrary">
<msg time="2025-09-26T14:48:05.445770" level="INFO">${last_seen} = Clay Nitzsche</msg>
<var>${last_seen}</var>
<arg>xpath=(//table//tbody/tr)[${row_index}]/td[2]</arg>
<doc>Returns the text value of the element identified by ``locator``.</doc>
<status status="PASS" start="2025-09-26T14:48:05.424055" elapsed="0.021793"/>
</kw>
<kw name="Get Text" owner="SeleniumLibrary">
<msg time="2025-09-26T14:48:05.470460" level="INFO">${orders} = 9/25/2025</msg>
<var>${orders}</var>
<arg>xpath=(//table//tbody/tr)[${row_index}]/td[3]</arg>
<doc>Returns the text value of the element identified by ``locator``.</doc>
<status status="PASS" start="2025-09-26T14:48:05.446149" elapsed="0.024415"/>
</kw>
<kw name="Get Text" owner="SeleniumLibrary">
<msg time="2025-09-26T14:48:05.494034" level="INFO">${total_spent} = 0</msg>
<var>${total_spent}</var>
<arg>xpath=(//table//tbody/tr)[${row_index}]/td[4]</arg>
<doc>Returns the text value of the element identified by ``locator``.</doc>
<status status="PASS" start="2025-09-26T14:48:05.470949" elapsed="0.023140"/>
</kw>
<kw name="Get Text" owner="SeleniumLibrary">
<msg time="2025-09-26T14:48:05.516371" level="INFO">${latest_purchase} = $0.00</msg>
<var>${latest_purchase}</var>
<arg>xpath=(//table//tbody/tr)[${row_index}]/td[5]</arg>
<doc>Returns the text value of the element identified by ``locator``.</doc>
<status status="PASS" start="2025-09-26T14:48:05.494374" elapsed="0.022095"/>
</kw>
<kw name="Get Text" owner="SeleniumLibrary">
<msg time="2025-09-26T14:48:05.537395" level="INFO">${news} = </msg>
<var>${news}</var>
<arg>xpath=(//table//tbody/tr)[${row_index}]/td[6]</arg>
<doc>Returns the text value of the element identified by ``locator``.</doc>
<status status="PASS" start="2025-09-26T14:48:05.516832" elapsed="0.020657"/>
</kw>
<kw name="Get Text" owner="SeleniumLibrary">
<msg time="2025-09-26T14:48:05.559553" level="INFO">${segment} = </msg>
<var>${segment}</var>
<arg>xpath=(//table//tbody/tr)[${row_index}]/td[7]</arg>
<doc>Returns the text value of the element identified by ``locator``.</doc>
<status status="PASS" start="2025-09-26T14:48:05.537853" elapsed="0.021757"/>
</kw>
<kw name="Log To Console" owner="BuiltIn">
<arg>Name: ${name}</arg>
<doc>Logs the given message to the console.</doc>
<status status="PASS" start="2025-09-26T14:48:05.559815" elapsed="0.000228"/>
</kw>
<kw name="Log To Console" owner="BuiltIn">
<arg>Last Seen: ${last_seen}</arg>
<doc>Logs the given message to the console.</doc>
<status status="PASS" start="2025-09-26T14:48:05.560147" elapsed="0.000161"/>
</kw>
<kw name="Log To Console" owner="BuiltIn">
<arg>Orders: ${orders}</arg>
<doc>Logs the given message to the console.</doc>
<status status="PASS" start="2025-09-26T14:48:05.560410" elapsed="0.000151"/>
</kw>
<kw name="Log To Console" owner="BuiltIn">
<arg>Total Spent: $${total_spent}</arg>
<doc>Logs the given message to the console.</doc>
<status status="PASS" start="2025-09-26T14:48:05.560666" elapsed="0.000148"/>
</kw>
<kw name="Log To Console" owner="BuiltIn">
<arg>Latest Purchase: ${latest_purchase}</arg>
<doc>Logs the given message to the console.</doc>
<status status="PASS" start="2025-09-26T14:48:05.560909" elapsed="0.000144"/>
</kw>
<kw name="Log To Console" owner="BuiltIn">
<arg>News: ${news}</arg>
<doc>Logs the given message to the console.</doc>
<status status="PASS" start="2025-09-26T14:48:05.561145" elapsed="0.000140"/>
</kw>
<kw name="Log To Console" owner="BuiltIn">
<arg>Segment: ${segment}</arg>
<doc>Logs the given message to the console.</doc>
<status status="PASS" start="2025-09-26T14:48:05.561379" elapsed="0.000140"/>
</kw>
<var name="${row_index}">23</var>
<status status="PASS" start="2025-09-26T14:48:05.393853" elapsed="0.167712"/>
</iter>
<iter>
<kw name="Log To Console" owner="BuiltIn">
<arg>===== User ${row_index} =====</arg>
<doc>Logs the given message to the console.</doc>
<status status="PASS" start="2025-09-26T14:48:05.561849" elapsed="0.000169"/>
</kw>
<kw name="Get Text" owner="SeleniumLibrary">
<msg time="2025-09-26T14:48:05.584113" level="INFO">${name} = </msg>
<var>${name}</var>
<arg>xpath=(//table//tbody/tr)[${row_index}]/td[1]</arg>
<doc>Returns the text value of the element identified by ``locator``.</doc>
<status status="PASS" start="2025-09-26T14:48:05.562127" elapsed="0.022039"/>
</kw>
<kw name="Get Text" owner="SeleniumLibrary">
<msg time="2025-09-26T14:48:05.609258" level="INFO">${last_seen} = Demarco Yost</msg>
<var>${last_seen}</var>
<arg>xpath=(//table//tbody/tr)[${row_index}]/td[2]</arg>
<doc>Returns the text value of the element identified by ``locator``.</doc>
<status status="PASS" start="2025-09-26T14:48:05.584366" elapsed="0.025007"/>
</kw>
<kw name="Get Text" owner="SeleniumLibrary">
<msg time="2025-09-26T14:48:05.632988" level="INFO">${orders} = 9/25/2025</msg>
<var>${orders}</var>
<arg>xpath=(//table//tbody/tr)[${row_index}]/td[3]</arg>
<doc>Returns the text value of the element identified by ``locator``.</doc>
<status status="PASS" start="2025-09-26T14:48:05.609805" elapsed="0.023299"/>
</kw>
<kw name="Get Text" owner="SeleniumLibrary">
<msg time="2025-09-26T14:48:05.659309" level="INFO">${total_spent} = 4</msg>
<var>${total_spent}</var>
<arg>xpath=(//table//tbody/tr)[${row_index}]/td[4]</arg>
<doc>Returns the text value of the element identified by ``locator``.</doc>
<status status="PASS" start="2025-09-26T14:48:05.633518" elapsed="0.026003"/>
</kw>
<kw name="Get Text" owner="SeleniumLibrary">
<msg time="2025-09-26T14:48:05.687408" level="INFO">${latest_purchase} = $329.80</msg>
<var>${latest_purchase}</var>
<arg>xpath=(//table//tbody/tr)[${row_index}]/td[5]</arg>
<doc>Returns the text value of the element identified by ``locator``.</doc>
<status status="PASS" start="2025-09-26T14:48:05.659927" elapsed="0.027571"/>
</kw>
<kw name="Get Text" owner="SeleniumLibrary">
<msg time="2025-09-26T14:48:05.711423" level="INFO">${news} = 9/6/2025, 6:24:29 AM</msg>
<var>${news}</var>
<arg>xpath=(//table//tbody/tr)[${row_index}]/td[6]</arg>
<doc>Returns the text value of the element identified by ``locator``.</doc>
<status status="PASS" start="2025-09-26T14:48:05.687848" elapsed="0.023631"/>
</kw>
<kw name="Get Text" owner="SeleniumLibrary">
<msg time="2025-09-26T14:48:05.732677" level="INFO">${segment} = </msg>
<var>${segment}</var>
<arg>xpath=(//table//tbody/tr)[${row_index}]/td[7]</arg>
<doc>Returns the text value of the element identified by ``locator``.</doc>
<status status="PASS" start="2025-09-26T14:48:05.711690" elapsed="0.021043"/>
</kw>
<kw name="Log To Console" owner="BuiltIn">
<arg>Name: ${name}</arg>
<doc>Logs the given message to the console.</doc>
<status status="PASS" start="2025-09-26T14:48:05.732924" elapsed="0.000221"/>
</kw>
<kw name="Log To Console" owner="BuiltIn">
<arg>Last Seen: ${last_seen}</arg>
<doc>Logs the given message to the console.</doc>
<status status="PASS" start="2025-09-26T14:48:05.733250" elapsed="0.000161"/>
</kw>
<kw name="Log To Console" owner="BuiltIn">
<arg>Orders: ${orders}</arg>
<doc>Logs the given message to the console.</doc>
<status status="PASS" start="2025-09-26T14:48:05.733516" elapsed="0.000163"/>
</kw>
<kw name="Log To Console" owner="BuiltIn">
<arg>Total Spent: $${total_spent}</arg>
<doc>Logs the given message to the console.</doc>
<status status="PASS" start="2025-09-26T14:48:05.733776" elapsed="0.000150"/>
</kw>
<kw name="Log To Console" owner="BuiltIn">
<arg>Latest Purchase: ${latest_purchase}</arg>
<doc>Logs the given message to the console.</doc>
<status status="PASS" start="2025-09-26T14:48:05.734019" elapsed="0.000145"/>
</kw>
<kw name="Log To Console" owner="BuiltIn">
<arg>News: ${news}</arg>
<doc>Logs the given message to the console.</doc>
<status status="PASS" start="2025-09-26T14:48:05.734258" elapsed="0.000141"/>
</kw>
<kw name="Log To Console" owner="BuiltIn">
<arg>Segment: ${segment}</arg>
<doc>Logs the given message to the console.</doc>
<status status="PASS" start="2025-09-26T14:48:05.734491" elapsed="0.000147"/>
</kw>
<var name="${row_index}">24</var>
<status status="PASS" start="2025-09-26T14:48:05.561764" elapsed="0.172921"/>
</iter>
<iter>
<kw name="Log To Console" owner="BuiltIn">
<arg>===== User ${row_index} =====</arg>
<doc>Logs the given message to the console.</doc>
<status status="PASS" start="2025-09-26T14:48:05.734967" elapsed="0.000177"/>
</kw>
<kw name="Get Text" owner="SeleniumLibrary">
<msg time="2025-09-26T14:48:05.765454" level="INFO">${name} = </msg>
<var>${name}</var>
<arg>xpath=(//table//tbody/tr)[${row_index}]/td[1]</arg>
<doc>Returns the text value of the element identified by ``locator``.</doc>
<status status="PASS" start="2025-09-26T14:48:05.735255" elapsed="0.030254"/>
</kw>
<kw name="Get Text" owner="SeleniumLibrary">
<msg time="2025-09-26T14:48:05.791324" level="INFO">${last_seen} = K
Keven Schneider</msg>
<var>${last_seen}</var>
<arg>xpath=(//table//tbody/tr)[${row_index}]/td[2]</arg>
<doc>Returns the text value of the element identified by ``locator``.</doc>
<status status="PASS" start="2025-09-26T14:48:05.765717" elapsed="0.025708"/>
</kw>
<kw name="Get Text" owner="SeleniumLibrary">
<msg time="2025-09-26T14:48:05.814611" level="INFO">${orders} = 9/25/2025</msg>
<var>${orders}</var>
<arg>xpath=(//table//tbody/tr)[${row_index}]/td[3]</arg>
<doc>Returns the text value of the element identified by ``locator``.</doc>
<status status="PASS" start="2025-09-26T14:48:05.791831" elapsed="0.022852"/>
</kw>
<kw name="Get Text" owner="SeleniumLibrary">
<msg time="2025-09-26T14:48:05.844124" level="INFO">${total_spent} = 0</msg>
<var>${total_spent}</var>
<arg>xpath=(//table//tbody/tr)[${row_index}]/td[4]</arg>
<doc>Returns the text value of the element identified by ``locator``.</doc>
<status status="PASS" start="2025-09-26T14:48:05.814967" elapsed="0.029218"/>
</kw>
<kw name="Get Text" owner="SeleniumLibrary">
<msg time="2025-09-26T14:48:05.866130" level="INFO">${latest_purchase} = $0.00</msg>
<var>${latest_purchase}</var>
<arg>xpath=(//table//tbody/tr)[${row_index}]/td[5]</arg>
<doc>Returns the text value of the element identified by ``locator``.</doc>
<status status="PASS" start="2025-09-26T14:48:05.844430" elapsed="0.021767"/>
</kw>
<kw name="Get Text" owner="SeleniumLibrary">
<msg time="2025-09-26T14:48:05.888411" level="INFO">${news} = </msg>
<var>${news}</var>
<arg>xpath=(//table//tbody/tr)[${row_index}]/td[6]</arg>
<doc>Returns the text value of the element identified by ``locator``.</doc>
<status status="PASS" start="2025-09-26T14:48:05.866439" elapsed="0.022038"/>
</kw>
<kw name="Get Text" owner="SeleniumLibrary">
<msg time="2025-09-26T14:48:05.911403" level="INFO">${segment} = </msg>
<var>${segment}</var>
<arg>xpath=(//table//tbody/tr)[${row_index}]/td[7]</arg>
<doc>Returns the text value of the element identified by ``locator``.</doc>
<status status="PASS" start="2025-09-26T14:48:05.888735" elapsed="0.022734"/>
</kw>
<kw name="Log To Console" owner="BuiltIn">
<arg>Name: ${name}</arg>
<doc>Logs the given message to the console.</doc>
<status status="PASS" start="2025-09-26T14:48:05.911719" elapsed="0.000293"/>
</kw>
<kw name="Log To Console" owner="BuiltIn">
<arg>Last Seen: ${last_seen}</arg>
<doc>Logs the given message to the console.</doc>
<status status="PASS" start="2025-09-26T14:48:05.912162" elapsed="0.000233"/>
</kw>
<kw name="Log To Console" owner="BuiltIn">
<arg>Orders: ${orders}</arg>
<doc>Logs the given message to the console.</doc>
<status status="PASS" start="2025-09-26T14:48:05.912540" elapsed="0.000227"/>
</kw>
<kw name="Log To Console" owner="BuiltIn">
<arg>Total Spent: $${total_spent}</arg>
<doc>Logs the given message to the console.</doc>
<status status="PASS" start="2025-09-26T14:48:05.912912" elapsed="0.000212"/>
</kw>
<kw name="Log To Console" owner="BuiltIn">
<arg>Latest Purchase: ${latest_purchase}</arg>
<doc>Logs the given message to the console.</doc>
<status status="PASS" start="2025-09-26T14:48:05.913279" elapsed="0.000242"/>
</kw>
<kw name="Log To Console" owner="BuiltIn">
<arg>News: ${news}</arg>
<doc>Logs the given message to the console.</doc>
<status status="PASS" start="2025-09-26T14:48:05.913669" elapsed="0.000213"/>
</kw>
<kw name="Log To Console" owner="BuiltIn">
<arg>Segment: ${segment}</arg>
<doc>Logs the given message to the console.</doc>
<status status="PASS" start="2025-09-26T14:48:05.914019" elapsed="0.000208"/>
</kw>
<var name="${row_index}">25</var>
<status status="PASS" start="2025-09-26T14:48:05.734879" elapsed="0.179417"/>
</iter>
<var>${row_index}</var>
<value>1</value>
<value>${row_count + 1}</value>
<status status="PASS" start="2025-09-26T14:48:01.337977" elapsed="4.576409"/>
</for>
<status status="PASS" start="2025-09-26T14:48:01.291889" elapsed="4.622637"/>
</kw>
<doc>Print All users in table</doc>
<status status="PASS" start="2025-09-26T14:47:59.177098" elapsed="6.737635"/>
</test>
<status status="PASS" start="2025-09-26T14:46:49.309695" elapsed="76.605698"/>
</suite>
<statistics>
<total>
<stat pass="4" fail="0" skip="0">All Tests</stat>
</total>
<tag>
</tag>
<suite>
<stat name="Test" id="s1" pass="4" fail="0" skip="0">Test</stat>
</suite>
</statistics>
<errors>
</errors>
</robot>
